  ass1.cpp
D:\it program\c++\CW1\ass1.cpp(40,18): warning C4305: “初始化”: 从“double”到“float”截断
D:\it program\c++\CW1\ass1.cpp(43,11): warning C4244: “初始化”: 从“double”转换到“float”，可能丢失数据
D:\it program\c++\CW1\ass1.cpp(57,15): warning C4244: “初始化”: 从“double”转换到“float”，可能丢失数据
D:\it program\c++\CW1\ass1.cpp(66,40): warning C4305: “参数”: 从“double”到“GLfloat”截断
D:\it program\c++\CW1\ass1.cpp(66,27): warning C4305: “参数”: 从“double”到“GLfloat”截断
D:\it program\c++\CW1\ass1.cpp(66,15): warning C4305: “参数”: 从“double”到“GLfloat”截断
D:\it program\c++\CW1\ass1.cpp(68,15): warning C4244: “初始化”: 从“double”转换到“float”，可能丢失数据
D:\it program\c++\CW1\ass1.cpp(69,11): warning C4244: “初始化”: 从“double”转换到“float”，可能丢失数据
D:\it program\c++\CW1\ass1.cpp(80,12): warning C4244: “参数”: 从“time_t”转换到“unsigned int”，可能丢失数据
D:\it program\c++\CW1\ass1.cpp(83,18): warning C4244: “=”: 从“double”转换到“float”，可能丢失数据
D:\it program\c++\CW1\ass1.cpp(90,20): warning C4305: “参数”: 从“double”到“GLfloat”截断
D:\it program\c++\CW1\ass1.cpp(93,37): warning C4244: “参数”: 从“double”转换到“GLfloat”，可能丢失数据
D:\it program\c++\CW1\ass1.cpp(93,21): warning C4244: “参数”: 从“double”转换到“GLfloat”，可能丢失数据
D:\it program\c++\CW1\ass1.cpp(110,22): warning C4305: “参数”: 从“double”到“GLfloat”截断
D:\it program\c++\CW1\ass1.cpp(110,17): warning C4305: “参数”: 从“double”到“GLfloat”截断
D:\it program\c++\CW1\ass1.cpp(110,12): warning C4305: “参数”: 从“double”到“GLfloat”截断
D:\it program\c++\CW1\ass1.cpp(114,15): warning C4244: “初始化”: 从“double”转换到“float”，可能丢失数据
D:\it program\c++\CW1\ass1.cpp(115,11): warning C4244: “初始化”: 从“double”转换到“float”，可能丢失数据
D:\it program\c++\CW1\ass1.cpp(116,11): warning C4244: “初始化”: 从“double”转换到“float”，可能丢失数据
D:\it program\c++\CW1\ass1.cpp(123,15): warning C4244: “初始化”: 从“double”转换到“float”，可能丢失数据
D:\it program\c++\CW1\ass1.cpp(124,11): warning C4244: “初始化”: 从“double”转换到“float”，可能丢失数据
D:\it program\c++\CW1\ass1.cpp(125,11): warning C4244: “初始化”: 从“double”转换到“float”，可能丢失数据
D:\it program\c++\CW1\ass1.cpp(132,15): warning C4244: “初始化”: 从“double”转换到“float”，可能丢失数据
D:\it program\c++\CW1\ass1.cpp(133,11): warning C4244: “初始化”: 从“double”转换到“float”，可能丢失数据
D:\it program\c++\CW1\ass1.cpp(134,11): warning C4244: “初始化”: 从“double”转换到“float”，可能丢失数据
D:\it program\c++\CW1\ass1.cpp(142,19): warning C4305: “初始化”: 从“double”到“float”截断
D:\it program\c++\CW1\ass1.cpp(168,15): warning C4244: “初始化”: 从“double”转换到“float”，可能丢失数据
D:\it program\c++\CW1\ass1.cpp(169,11): warning C4244: “初始化”: 从“double”转换到“float”，可能丢失数据
D:\it program\c++\CW1\ass1.cpp(170,11): warning C4244: “初始化”: 从“double”转换到“float”，可能丢失数据
D:\it program\c++\CW1\ass1.cpp(177,15): warning C4244: “初始化”: 从“double”转换到“float”，可能丢失数据
D:\it program\c++\CW1\ass1.cpp(178,11): warning C4244: “初始化”: 从“double”转换到“float”，可能丢失数据
D:\it program\c++\CW1\ass1.cpp(179,11): warning C4244: “初始化”: 从“double”转换到“float”，可能丢失数据
D:\it program\c++\CW1\ass1.cpp(187,15): warning C4244: “初始化”: 从“double”转换到“float”，可能丢失数据
D:\it program\c++\CW1\ass1.cpp(188,11): warning C4244: “初始化”: 从“double”转换到“float”，可能丢失数据
D:\it program\c++\CW1\ass1.cpp(189,11): warning C4244: “初始化”: 从“double”转换到“float”，可能丢失数据
D:\it program\c++\CW1\ass1.cpp(198,22): warning C4305: “参数”: 从“double”到“GLfloat”截断
D:\it program\c++\CW1\ass1.cpp(198,17): warning C4305: “参数”: 从“double”到“GLfloat”截断
D:\it program\c++\CW1\ass1.cpp(199,15): warning C4305: “初始化”: 从“double”到“float”截断
D:\it program\c++\CW1\ass1.cpp(202,15): warning C4244: “初始化”: 从“double”转换到“float”，可能丢失数据
D:\it program\c++\CW1\ass1.cpp(212,37): warning C4244: “参数”: 从“double”转换到“GLfloat”，可能丢失数据
D:\it program\c++\CW1\ass1.cpp(212,21): warning C4244: “参数”: 从“double”转换到“GLfloat”，可能丢失数据
D:\it program\c++\CW1\ass1.cpp(213,37): warning C4244: “参数”: 从“double”转换到“GLfloat”，可能丢失数据
D:\it program\c++\CW1\ass1.cpp(213,21): warning C4244: “参数”: 从“double”转换到“GLfloat”，可能丢失数据
D:\it program\c++\CW1\ass1.cpp(214,37): warning C4244: “参数”: 从“double”转换到“GLfloat”，可能丢失数据
D:\it program\c++\CW1\ass1.cpp(214,21): warning C4244: “参数”: 从“double”转换到“GLfloat”，可能丢失数据
D:\it program\c++\CW1\ass1.cpp(215,37): warning C4244: “参数”: 从“double”转换到“GLfloat”，可能丢失数据
D:\it program\c++\CW1\ass1.cpp(215,21): warning C4244: “参数”: 从“double”转换到“GLfloat”，可能丢失数据
D:\it program\c++\CW1\ass1.cpp(221,37): warning C4244: “参数”: 从“double”转换到“GLfloat”，可能丢失数据
D:\it program\c++\CW1\ass1.cpp(221,21): warning C4244: “参数”: 从“double”转换到“GLfloat”，可能丢失数据
D:\it program\c++\CW1\ass1.cpp(222,37): warning C4244: “参数”: 从“double”转换到“GLfloat”，可能丢失数据
D:\it program\c++\CW1\ass1.cpp(222,21): warning C4244: “参数”: 从“double”转换到“GLfloat”，可能丢失数据
D:\it program\c++\CW1\ass1.cpp(224,37): warning C4244: “参数”: 从“double”转换到“GLfloat”，可能丢失数据
D:\it program\c++\CW1\ass1.cpp(224,21): warning C4244: “参数”: 从“double”转换到“GLfloat”，可能丢失数据
D:\it program\c++\CW1\ass1.cpp(225,37): warning C4244: “参数”: 从“double”转换到“GLfloat”，可能丢失数据
D:\it program\c++\CW1\ass1.cpp(225,21): warning C4244: “参数”: 从“double”转换到“GLfloat”，可能丢失数据
D:\it program\c++\CW1\ass1.cpp(231,37): warning C4244: “参数”: 从“double”转换到“GLfloat”，可能丢失数据
D:\it program\c++\CW1\ass1.cpp(231,21): warning C4244: “参数”: 从“double”转换到“GLfloat”，可能丢失数据
D:\it program\c++\CW1\ass1.cpp(232,37): warning C4244: “参数”: 从“double”转换到“GLfloat”，可能丢失数据
D:\it program\c++\CW1\ass1.cpp(232,21): warning C4244: “参数”: 从“double”转换到“GLfloat”，可能丢失数据
D:\it program\c++\CW1\ass1.cpp(234,37): warning C4244: “参数”: 从“double”转换到“GLfloat”，可能丢失数据
D:\it program\c++\CW1\ass1.cpp(234,21): warning C4244: “参数”: 从“double”转换到“GLfloat”，可能丢失数据
D:\it program\c++\CW1\ass1.cpp(235,37): warning C4244: “参数”: 从“double”转换到“GLfloat”，可能丢失数据
D:\it program\c++\CW1\ass1.cpp(235,21): warning C4244: “参数”: 从“double”转换到“GLfloat”，可能丢失数据
D:\it program\c++\CW1\ass1.cpp(238,28): warning C4244: “参数”: 从“double”转换到“float”，可能丢失数据
D:\it program\c++\CW1\ass1.cpp(244,28): warning C4305: “参数”: 从“double”到“GLfloat”截断
D:\it program\c++\CW1\ass1.cpp(247,15): warning C4244: “初始化”: 从“double”转换到“float”，可能丢失数据
D:\it program\c++\CW1\ass1.cpp(248,11): warning C4244: “初始化”: 从“double”转换到“float”，可能丢失数据
D:\it program\c++\CW1\ass1.cpp(249,11): warning C4244: “初始化”: 从“double”转换到“float”，可能丢失数据
D:\it program\c++\CW1\ass1.cpp(255,42): warning C4305: “参数”: 从“double”到“GLfloat”截断
D:\it program\c++\CW1\ass1.cpp(255,29): warning C4305: “参数”: 从“double”到“GLfloat”截断
D:\it program\c++\CW1\ass1.cpp(256,21): warning C4305: “初始化”: 从“double”到“float”截断
D:\it program\c++\CW1\ass1.cpp(257,21): warning C4305: “初始化”: 从“double”到“float”截断
D:\it program\c++\CW1\ass1.cpp(260,15): warning C4244: “初始化”: 从“double”转换到“float”，可能丢失数据
D:\it program\c++\CW1\ass1.cpp(264,16): warning C4305: “参数”: 从“double”到“GLfloat”截断
D:\it program\c++\CW1\ass1.cpp(269,21): warning C4244: “初始化”: 从“double”转换到“float”，可能丢失数据
D:\it program\c++\CW1\ass1.cpp(282,18): warning C4305: “初始化”: 从“double”到“float”截断
D:\it program\c++\CW1\ass1.cpp(288,40): warning C4305: “+=”: 从“double”到“float”截断
D:\it program\c++\CW1\ass1.cpp(289,11): warning C4244: “初始化”: 从“double”转换到“float”，可能丢失数据
D:\it program\c++\CW1\ass1.cpp(300,20): warning C4244: “=”: 从“double”转换到“float”，可能丢失数据
D:\it program\c++\CW1\ass1.cpp(308,24): warning C4305: “参数”: 从“double”到“GLfloat”截断
D:\it program\c++\CW1\ass1.cpp(308,18): warning C4305: “参数”: 从“double”到“GLfloat”截断
D:\it program\c++\CW1\ass1.cpp(308,12): warning C4305: “参数”: 从“double”到“GLfloat”截断
D:\it program\c++\CW1\ass1.cpp(317,17): warning C4305: “参数”: 从“double”到“GLfloat”截断
D:\it program\c++\CW1\ass1.cpp(320,15): warning C4244: “初始化”: 从“double”转换到“float”，可能丢失数据
D:\it program\c++\CW1\ass1.cpp(329,15): warning C4244: “初始化”: 从“double”转换到“float”，可能丢失数据
D:\it program\c++\CW1\ass1.cpp(330,11): warning C4244: “初始化”: 从“double”转换到“float”，可能丢失数据
D:\it program\c++\CW1\ass1.cpp(331,11): warning C4244: “初始化”: 从“double”转换到“float”，可能丢失数据
D:\it program\c++\CW1\ass1.cpp(338,15): warning C4244: “初始化”: 从“double”转换到“float”，可能丢失数据
D:\it program\c++\CW1\ass1.cpp(339,11): warning C4244: “初始化”: 从“double”转换到“float”，可能丢失数据
D:\it program\c++\CW1\ass1.cpp(340,11): warning C4244: “初始化”: 从“double”转换到“float”，可能丢失数据
D:\it program\c++\CW1\ass1.cpp(350,22): warning C4305: “参数”: 从“double”到“GLfloat”截断
D:\it program\c++\CW1\ass1.cpp(350,17): warning C4305: “参数”: 从“double”到“GLfloat”截断
D:\it program\c++\CW1\ass1.cpp(350,12): warning C4305: “参数”: 从“double”到“GLfloat”截断
D:\it program\c++\CW1\ass1.cpp(359,12): warning C4305: “参数”: 从“double”到“GLfloat”截断
D:\it program\c++\CW1\ass1.cpp(379,15): warning C4244: “初始化”: 从“double”转换到“float”，可能丢失数据
D:\it program\c++\CW1\ass1.cpp(380,11): warning C4244: “初始化”: 从“double”转换到“float”，可能丢失数据
D:\it program\c++\CW1\ass1.cpp(381,11): warning C4244: “初始化”: 从“double”转换到“float”，可能丢失数据
D:\it program\c++\CW1\ass1.cpp(388,15): warning C4244: “初始化”: 从“double”转换到“float”，可能丢失数据
D:\it program\c++\CW1\ass1.cpp(389,11): warning C4244: “初始化”: 从“double”转换到“float”，可能丢失数据
D:\it program\c++\CW1\ass1.cpp(390,11): warning C4244: “初始化”: 从“double”转换到“float”，可能丢失数据
D:\it program\c++\CW1\ass1.cpp(413,22): warning C4305: “参数”: 从“double”到“GLfloat”截断
D:\it program\c++\CW1\ass1.cpp(413,12): warning C4305: “参数”: 从“double”到“GLfloat”截断
D:\it program\c++\CW1\ass1.cpp(416,15): warning C4244: “初始化”: 从“double”转换到“float”，可能丢失数据
D:\it program\c++\CW1\ass1.cpp(417,11): warning C4244: “初始化”: 从“double”转换到“float”，可能丢失数据
D:\it program\c++\CW1\ass1.cpp(418,11): warning C4244: “初始化”: 从“double”转换到“float”，可能丢失数据
D:\it program\c++\CW1\ass1.cpp(426,19): warning C4305: “参数”: 从“double”到“GLfloat”截断
D:\it program\c++\CW1\ass1.cpp(426,13): warning C4305: “参数”: 从“double”到“GLfloat”截断
D:\it program\c++\CW1\ass1.cpp(427,19): warning C4305: “参数”: 从“double”到“GLfloat”截断
D:\it program\c++\CW1\ass1.cpp(428,19): warning C4305: “参数”: 从“double”到“GLfloat”截断
D:\it program\c++\CW1\ass1.cpp(429,19): warning C4305: “参数”: 从“double”到“GLfloat”截断
D:\it program\c++\CW1\ass1.cpp(429,13): warning C4305: “参数”: 从“double”到“GLfloat”截断
D:\it program\c++\CW1\ass1.cpp(433,22): warning C4305: “参数”: 从“double”到“GLfloat”截断
D:\it program\c++\CW1\ass1.cpp(433,12): warning C4305: “参数”: 从“double”到“GLfloat”截断
D:\it program\c++\CW1\ass1.cpp(437,20): warning C4305: “参数”: 从“double”到“GLfloat”截断
D:\it program\c++\CW1\ass1.cpp(437,14): warning C4305: “参数”: 从“double”到“GLfloat”截断
D:\it program\c++\CW1\ass1.cpp(438,14): warning C4305: “参数”: 从“double”到“GLfloat”截断
D:\it program\c++\CW1\ass1.cpp(439,20): warning C4305: “参数”: 从“double”到“GLfloat”截断
D:\it program\c++\CW1\ass1.cpp(440,14): warning C4305: “参数”: 从“double”到“GLfloat”截断
D:\it program\c++\CW1\ass1.cpp(444,20): warning C4305: “参数”: 从“double”到“GLfloat”截断
D:\it program\c++\CW1\ass1.cpp(444,14): warning C4305: “参数”: 从“double”到“GLfloat”截断
D:\it program\c++\CW1\ass1.cpp(445,20): warning C4305: “参数”: 从“double”到“GLfloat”截断
D:\it program\c++\CW1\ass1.cpp(445,14): warning C4305: “参数”: 从“double”到“GLfloat”截断
D:\it program\c++\CW1\ass1.cpp(446,20): warning C4305: “参数”: 从“double”到“GLfloat”截断
D:\it program\c++\CW1\ass1.cpp(447,20): warning C4305: “参数”: 从“double”到“GLfloat”截断
D:\it program\c++\CW1\ass1.cpp(447,14): warning C4305: “参数”: 从“double”到“GLfloat”截断
D:\it program\c++\CW1\ass1.cpp(456,20): warning C4305: “参数”: 从“double”到“GLfloat”截断
D:\it program\c++\CW1\ass1.cpp(456,13): warning C4305: “参数”: 从“double”到“GLfloat”截断
D:\it program\c++\CW1\ass1.cpp(457,20): warning C4305: “参数”: 从“double”到“GLfloat”截断
D:\it program\c++\CW1\ass1.cpp(457,13): warning C4305: “参数”: 从“double”到“GLfloat”截断
D:\it program\c++\CW1\ass1.cpp(461,20): warning C4305: “参数”: 从“double”到“GLfloat”截断
D:\it program\c++\CW1\ass1.cpp(461,13): warning C4305: “参数”: 从“double”到“GLfloat”截断
D:\it program\c++\CW1\ass1.cpp(462,20): warning C4305: “参数”: 从“double”到“GLfloat”截断
D:\it program\c++\CW1\ass1.cpp(462,13): warning C4305: “参数”: 从“double”到“GLfloat”截断
D:\it program\c++\CW1\ass1.cpp(463,20): warning C4305: “参数”: 从“double”到“GLfloat”截断
D:\it program\c++\CW1\ass1.cpp(463,13): warning C4305: “参数”: 从“double”到“GLfloat”截断
D:\it program\c++\CW1\ass1.cpp(464,20): warning C4305: “参数”: 从“double”到“GLfloat”截断
D:\it program\c++\CW1\ass1.cpp(464,13): warning C4305: “参数”: 从“double”到“GLfloat”截断
D:\it program\c++\CW1\ass1.cpp(470,20): warning C4305: “参数”: 从“double”到“GLfloat”截断
D:\it program\c++\CW1\ass1.cpp(470,13): warning C4305: “参数”: 从“double”到“GLfloat”截断
D:\it program\c++\CW1\ass1.cpp(471,20): warning C4305: “参数”: 从“double”到“GLfloat”截断
D:\it program\c++\CW1\ass1.cpp(471,13): warning C4305: “参数”: 从“double”到“GLfloat”截断
D:\it program\c++\CW1\ass1.cpp(472,20): warning C4305: “参数”: 从“double”到“GLfloat”截断
D:\it program\c++\CW1\ass1.cpp(472,13): warning C4305: “参数”: 从“double”到“GLfloat”截断
D:\it program\c++\CW1\ass1.cpp(473,20): warning C4305: “参数”: 从“double”到“GLfloat”截断
D:\it program\c++\CW1\ass1.cpp(473,13): warning C4305: “参数”: 从“double”到“GLfloat”截断
D:\it program\c++\CW1\ass1.cpp(477,22): warning C4305: “参数”: 从“double”到“GLfloat”截断
D:\it program\c++\CW1\ass1.cpp(477,17): warning C4305: “参数”: 从“double”到“GLfloat”截断
D:\it program\c++\CW1\ass1.cpp(477,12): warning C4305: “参数”: 从“double”到“GLfloat”截断
D:\it program\c++\CW1\ass1.cpp(480,15): warning C4244: “初始化”: 从“double”转换到“float”，可能丢失数据
D:\it program\c++\CW1\ass1.cpp(481,11): warning C4244: “初始化”: 从“double”转换到“float”，可能丢失数据
D:\it program\c++\CW1\ass1.cpp(482,11): warning C4244: “初始化”: 从“double”转换到“float”，可能丢失数据
D:\it program\c++\CW1\ass1.cpp(489,18): warning C4305: “参数”: 从“double”到“GLfloat”截断
D:\it program\c++\CW1\ass1.cpp(490,18): warning C4305: “参数”: 从“double”到“GLfloat”截断
D:\it program\c++\CW1\ass1.cpp(490,13): warning C4305: “参数”: 从“double”到“GLfloat”截断
D:\it program\c++\CW1\ass1.cpp(491,18): warning C4305: “参数”: 从“double”到“GLfloat”截断
D:\it program\c++\CW1\ass1.cpp(491,13): warning C4305: “参数”: 从“double”到“GLfloat”截断
D:\it program\c++\CW1\ass1.cpp(492,18): warning C4305: “参数”: 从“double”到“GLfloat”截断
D:\it program\c++\CW1\ass1.cpp(495,22): warning C4305: “参数”: 从“double”到“GLfloat”截断
D:\it program\c++\CW1\ass1.cpp(495,17): warning C4305: “参数”: 从“double”到“GLfloat”截断
D:\it program\c++\CW1\ass1.cpp(495,12): warning C4305: “参数”: 从“double”到“GLfloat”截断
D:\it program\c++\CW1\ass1.cpp(498,19): warning C4305: “参数”: 从“double”到“GLfloat”截断
D:\it program\c++\CW1\ass1.cpp(499,19): warning C4305: “参数”: 从“double”到“GLfloat”截断
D:\it program\c++\CW1\ass1.cpp(499,14): warning C4305: “参数”: 从“double”到“GLfloat”截断
D:\it program\c++\CW1\ass1.cpp(500,19): warning C4305: “参数”: 从“double”到“GLfloat”截断
D:\it program\c++\CW1\ass1.cpp(500,14): warning C4305: “参数”: 从“double”到“GLfloat”截断
D:\it program\c++\CW1\ass1.cpp(501,19): warning C4305: “参数”: 从“double”到“GLfloat”截断
D:\it program\c++\CW1\ass1.cpp(501,14): warning C4305: “参数”: 从“double”到“GLfloat”截断
D:\it program\c++\CW1\ass1.cpp(504,19): warning C4305: “参数”: 从“double”到“GLfloat”截断
D:\it program\c++\CW1\ass1.cpp(505,14): warning C4305: “参数”: 从“double”到“GLfloat”截断
D:\it program\c++\CW1\ass1.cpp(506,19): warning C4305: “参数”: 从“double”到“GLfloat”截断
D:\it program\c++\CW1\ass1.cpp(506,14): warning C4305: “参数”: 从“double”到“GLfloat”截断
D:\it program\c++\CW1\ass1.cpp(507,14): warning C4305: “参数”: 从“double”到“GLfloat”截断
D:\it program\c++\CW1\ass1.cpp(514,19): warning C4305: “参数”: 从“double”到“GLfloat”截断
D:\it program\c++\CW1\ass1.cpp(514,13): warning C4305: “参数”: 从“double”到“GLfloat”截断
D:\it program\c++\CW1\ass1.cpp(515,19): warning C4305: “参数”: 从“double”到“GLfloat”截断
D:\it program\c++\CW1\ass1.cpp(515,13): warning C4305: “参数”: 从“double”到“GLfloat”截断
D:\it program\c++\CW1\ass1.cpp(519,19): warning C4305: “参数”: 从“double”到“GLfloat”截断
D:\it program\c++\CW1\ass1.cpp(519,13): warning C4305: “参数”: 从“double”到“GLfloat”截断
D:\it program\c++\CW1\ass1.cpp(520,19): warning C4305: “参数”: 从“double”到“GLfloat”截断
D:\it program\c++\CW1\ass1.cpp(520,13): warning C4305: “参数”: 从“double”到“GLfloat”截断
D:\it program\c++\CW1\ass1.cpp(521,19): warning C4305: “参数”: 从“double”到“GLfloat”截断
D:\it program\c++\CW1\ass1.cpp(521,13): warning C4305: “参数”: 从“double”到“GLfloat”截断
D:\it program\c++\CW1\ass1.cpp(522,19): warning C4305: “参数”: 从“double”到“GLfloat”截断
D:\it program\c++\CW1\ass1.cpp(522,13): warning C4305: “参数”: 从“double”到“GLfloat”截断
D:\it program\c++\CW1\ass1.cpp(527,19): warning C4305: “参数”: 从“double”到“GLfloat”截断
D:\it program\c++\CW1\ass1.cpp(527,13): warning C4305: “参数”: 从“double”到“GLfloat”截断
D:\it program\c++\CW1\ass1.cpp(528,19): warning C4305: “参数”: 从“double”到“GLfloat”截断
D:\it program\c++\CW1\ass1.cpp(528,13): warning C4305: “参数”: 从“double”到“GLfloat”截断
D:\it program\c++\CW1\ass1.cpp(529,19): warning C4305: “参数”: 从“double”到“GLfloat”截断
D:\it program\c++\CW1\ass1.cpp(529,13): warning C4305: “参数”: 从“double”到“GLfloat”截断
D:\it program\c++\CW1\ass1.cpp(530,19): warning C4305: “参数”: 从“double”到“GLfloat”截断
D:\it program\c++\CW1\ass1.cpp(530,13): warning C4305: “参数”: 从“double”到“GLfloat”截断
D:\it program\c++\CW1\ass1.cpp(536,22): warning C4305: “参数”: 从“double”到“GLfloat”截断
D:\it program\c++\CW1\ass1.cpp(536,17): warning C4305: “参数”: 从“double”到“GLfloat”截断
D:\it program\c++\CW1\ass1.cpp(538,20): warning C4305: “参数”: 从“double”到“GLfloat”截断
D:\it program\c++\CW1\ass1.cpp(538,13): warning C4305: “参数”: 从“double”到“GLfloat”截断
D:\it program\c++\CW1\ass1.cpp(539,19): warning C4305: “参数”: 从“double”到“GLfloat”截断
D:\it program\c++\CW1\ass1.cpp(539,13): warning C4305: “参数”: 从“double”到“GLfloat”截断
D:\it program\c++\CW1\ass1.cpp(540,19): warning C4305: “参数”: 从“double”到“GLfloat”截断
D:\it program\c++\CW1\ass1.cpp(540,13): warning C4305: “参数”: 从“double”到“GLfloat”截断
D:\it program\c++\CW1\ass1.cpp(541,20): warning C4305: “参数”: 从“double”到“GLfloat”截断
D:\it program\c++\CW1\ass1.cpp(541,13): warning C4305: “参数”: 从“double”到“GLfloat”截断
D:\it program\c++\CW1\ass1.cpp(545,17): warning C4305: “参数”: 从“double”到“GLfloat”截断
D:\it program\c++\CW1\ass1.cpp(545,12): warning C4305: “参数”: 从“double”到“GLfloat”截断
D:\it program\c++\CW1\ass1.cpp(547,19): warning C4305: “参数”: 从“double”到“GLfloat”截断
D:\it program\c++\CW1\ass1.cpp(547,13): warning C4305: “参数”: 从“double”到“GLfloat”截断
D:\it program\c++\CW1\ass1.cpp(548,18): warning C4305: “参数”: 从“double”到“GLfloat”截断
D:\it program\c++\CW1\ass1.cpp(548,13): warning C4305: “参数”: 从“double”到“GLfloat”截断
D:\it program\c++\CW1\ass1.cpp(549,18): warning C4305: “参数”: 从“double”到“GLfloat”截断
D:\it program\c++\CW1\ass1.cpp(549,13): warning C4305: “参数”: 从“double”到“GLfloat”截断
D:\it program\c++\CW1\ass1.cpp(550,19): warning C4305: “参数”: 从“double”到“GLfloat”截断
D:\it program\c++\CW1\ass1.cpp(550,13): warning C4305: “参数”: 从“double”到“GLfloat”截断
D:\it program\c++\CW1\ass1.cpp(557,15): warning C4244: “初始化”: 从“double”转换到“float”，可能丢失数据
D:\it program\c++\CW1\ass1.cpp(558,11): warning C4244: “初始化”: 从“double”转换到“float”，可能丢失数据
D:\it program\c++\CW1\ass1.cpp(559,11): warning C4244: “初始化”: 从“double”转换到“float”，可能丢失数据
D:\it program\c++\CW1\ass1.cpp(566,15): warning C4244: “初始化”: 从“double”转换到“float”，可能丢失数据
D:\it program\c++\CW1\ass1.cpp(567,11): warning C4244: “初始化”: 从“double”转换到“float”，可能丢失数据
D:\it program\c++\CW1\ass1.cpp(568,11): warning C4244: “初始化”: 从“double”转换到“float”，可能丢失数据
D:\it program\c++\CW1\ass1.cpp(576,15): warning C4244: “初始化”: 从“double”转换到“float”，可能丢失数据
D:\it program\c++\CW1\ass1.cpp(577,11): warning C4244: “初始化”: 从“double”转换到“float”，可能丢失数据
D:\it program\c++\CW1\ass1.cpp(578,11): warning C4244: “初始化”: 从“double”转换到“float”，可能丢失数据
D:\it program\c++\CW1\ass1.cpp(585,15): warning C4244: “初始化”: 从“double”转换到“float”，可能丢失数据
D:\it program\c++\CW1\ass1.cpp(586,11): warning C4244: “初始化”: 从“double”转换到“float”，可能丢失数据
D:\it program\c++\CW1\ass1.cpp(587,11): warning C4244: “初始化”: 从“double”转换到“float”，可能丢失数据
D:\it program\c++\CW1\ass1.cpp(595,20): warning C4305: “参数”: 从“double”到“GLfloat”截断
D:\it program\c++\CW1\ass1.cpp(595,13): warning C4305: “参数”: 从“double”到“GLfloat”截断
D:\it program\c++\CW1\ass1.cpp(596,19): warning C4305: “参数”: 从“double”到“GLfloat”截断
D:\it program\c++\CW1\ass1.cpp(596,13): warning C4305: “参数”: 从“double”到“GLfloat”截断
D:\it program\c++\CW1\ass1.cpp(597,19): warning C4305: “参数”: 从“double”到“GLfloat”截断
D:\it program\c++\CW1\ass1.cpp(597,13): warning C4305: “参数”: 从“double”到“GLfloat”截断
D:\it program\c++\CW1\ass1.cpp(598,20): warning C4305: “参数”: 从“double”到“GLfloat”截断
D:\it program\c++\CW1\ass1.cpp(598,13): warning C4305: “参数”: 从“double”到“GLfloat”截断
D:\it program\c++\CW1\ass1.cpp(603,20): warning C4305: “参数”: 从“double”到“GLfloat”截断
D:\it program\c++\CW1\ass1.cpp(603,13): warning C4305: “参数”: 从“double”到“GLfloat”截断
D:\it program\c++\CW1\ass1.cpp(604,20): warning C4305: “参数”: 从“double”到“GLfloat”截断
D:\it program\c++\CW1\ass1.cpp(604,13): warning C4305: “参数”: 从“double”到“GLfloat”截断
D:\it program\c++\CW1\ass1.cpp(605,20): warning C4305: “参数”: 从“double”到“GLfloat”截断
D:\it program\c++\CW1\ass1.cpp(605,13): warning C4305: “参数”: 从“double”到“GLfloat”截断
D:\it program\c++\CW1\ass1.cpp(606,20): warning C4305: “参数”: 从“double”到“GLfloat”截断
D:\it program\c++\CW1\ass1.cpp(606,13): warning C4305: “参数”: 从“double”到“GLfloat”截断
D:\it program\c++\CW1\ass1.cpp(611,20): warning C4305: “参数”: 从“double”到“GLfloat”截断
D:\it program\c++\CW1\ass1.cpp(611,14): warning C4305: “参数”: 从“double”到“GLfloat”截断
D:\it program\c++\CW1\ass1.cpp(612,20): warning C4305: “参数”: 从“double”到“GLfloat”截断
D:\it program\c++\CW1\ass1.cpp(612,14): warning C4305: “参数”: 从“double”到“GLfloat”截断
D:\it program\c++\CW1\ass1.cpp(613,20): warning C4305: “参数”: 从“double”到“GLfloat”截断
D:\it program\c++\CW1\ass1.cpp(613,14): warning C4305: “参数”: 从“double”到“GLfloat”截断
D:\it program\c++\CW1\ass1.cpp(614,20): warning C4305: “参数”: 从“double”到“GLfloat”截断
D:\it program\c++\CW1\ass1.cpp(614,14): warning C4305: “参数”: 从“double”到“GLfloat”截断
D:\it program\c++\CW1\ass1.cpp(620,20): warning C4305: “参数”: 从“double”到“GLfloat”截断
D:\it program\c++\CW1\ass1.cpp(620,13): warning C4305: “参数”: 从“double”到“GLfloat”截断
D:\it program\c++\CW1\ass1.cpp(622,19): warning C4305: “参数”: 从“double”到“GLfloat”截断
D:\it program\c++\CW1\ass1.cpp(622,13): warning C4305: “参数”: 从“double”到“GLfloat”截断
D:\it program\c++\CW1\ass1.cpp(624,18): warning C4305: “参数”: 从“double”到“GLfloat”截断
D:\it program\c++\CW1\ass1.cpp(630,20): warning C4305: “参数”: 从“double”到“GLfloat”截断
D:\it program\c++\CW1\ass1.cpp(630,13): warning C4305: “参数”: 从“double”到“GLfloat”截断
D:\it program\c++\CW1\ass1.cpp(632,20): warning C4305: “参数”: 从“double”到“GLfloat”截断
D:\it program\c++\CW1\ass1.cpp(632,13): warning C4305: “参数”: 从“double”到“GLfloat”截断
D:\it program\c++\CW1\ass1.cpp(634,20): warning C4305: “参数”: 从“double”到“GLfloat”截断
D:\it program\c++\CW1\ass1.cpp(634,13): warning C4305: “参数”: 从“double”到“GLfloat”截断
D:\it program\c++\CW1\ass1.cpp(640,19): warning C4305: “参数”: 从“double”到“GLfloat”截断
D:\it program\c++\CW1\ass1.cpp(640,13): warning C4305: “参数”: 从“double”到“GLfloat”截断
D:\it program\c++\CW1\ass1.cpp(642,19): warning C4305: “参数”: 从“double”到“GLfloat”截断
D:\it program\c++\CW1\ass1.cpp(642,13): warning C4305: “参数”: 从“double”到“GLfloat”截断
D:\it program\c++\CW1\ass1.cpp(644,19): warning C4305: “参数”: 从“double”到“GLfloat”截断
D:\it program\c++\CW1\ass1.cpp(644,13): warning C4305: “参数”: 从“double”到“GLfloat”截断
D:\it program\c++\CW1\ass1.cpp(651,19): warning C4305: “参数”: 从“double”到“GLfloat”截断
D:\it program\c++\CW1\ass1.cpp(652,19): warning C4305: “参数”: 从“double”到“GLfloat”截断
D:\it program\c++\CW1\ass1.cpp(652,13): warning C4305: “参数”: 从“double”到“GLfloat”截断
D:\it program\c++\CW1\ass1.cpp(654,19): warning C4305: “参数”: 从“double”到“GLfloat”截断
D:\it program\c++\CW1\ass1.cpp(654,13): warning C4305: “参数”: 从“double”到“GLfloat”截断
D:\it program\c++\CW1\ass1.cpp(655,19): warning C4305: “参数”: 从“double”到“GLfloat”截断
D:\it program\c++\CW1\ass1.cpp(657,12): warning C4305: “参数”: 从“double”到“GLfloat”截断
D:\it program\c++\CW1\ass1.cpp(659,19): warning C4305: “参数”: 从“double”到“GLfloat”截断
D:\it program\c++\CW1\ass1.cpp(659,13): warning C4305: “参数”: 从“double”到“GLfloat”截断
D:\it program\c++\CW1\ass1.cpp(660,19): warning C4305: “参数”: 从“double”到“GLfloat”截断
D:\it program\c++\CW1\ass1.cpp(660,13): warning C4305: “参数”: 从“double”到“GLfloat”截断
D:\it program\c++\CW1\ass1.cpp(661,19): warning C4305: “参数”: 从“double”到“GLfloat”截断
D:\it program\c++\CW1\ass1.cpp(662,19): warning C4305: “参数”: 从“double”到“GLfloat”截断
D:\it program\c++\CW1\ass1.cpp(662,13): warning C4305: “参数”: 从“double”到“GLfloat”截断
D:\it program\c++\CW1\ass1.cpp(667,18): warning C4305: “参数”: 从“double”到“GLfloat”截断
D:\it program\c++\CW1\ass1.cpp(667,13): warning C4305: “参数”: 从“double”到“GLfloat”截断
D:\it program\c++\CW1\ass1.cpp(668,18): warning C4305: “参数”: 从“double”到“GLfloat”截断
D:\it program\c++\CW1\ass1.cpp(670,18): warning C4305: “参数”: 从“double”到“GLfloat”截断
D:\it program\c++\CW1\ass1.cpp(671,18): warning C4305: “参数”: 从“double”到“GLfloat”截断
D:\it program\c++\CW1\ass1.cpp(671,13): warning C4305: “参数”: 从“double”到“GLfloat”截断
D:\it program\c++\CW1\ass1.cpp(673,22): warning C4305: “参数”: 从“double”到“GLfloat”截断
D:\it program\c++\CW1\ass1.cpp(673,17): warning C4305: “参数”: 从“double”到“GLfloat”截断
D:\it program\c++\CW1\ass1.cpp(673,12): warning C4305: “参数”: 从“double”到“GLfloat”截断
D:\it program\c++\CW1\ass1.cpp(675,18): warning C4305: “参数”: 从“double”到“GLfloat”截断
D:\it program\c++\CW1\ass1.cpp(675,13): warning C4305: “参数”: 从“double”到“GLfloat”截断
D:\it program\c++\CW1\ass1.cpp(676,18): warning C4305: “参数”: 从“double”到“GLfloat”截断
D:\it program\c++\CW1\ass1.cpp(676,13): warning C4305: “参数”: 从“double”到“GLfloat”截断
D:\it program\c++\CW1\ass1.cpp(677,18): warning C4305: “参数”: 从“double”到“GLfloat”截断
D:\it program\c++\CW1\ass1.cpp(677,13): warning C4305: “参数”: 从“double”到“GLfloat”截断
D:\it program\c++\CW1\ass1.cpp(678,18): warning C4305: “参数”: 从“double”到“GLfloat”截断
D:\it program\c++\CW1\ass1.cpp(682,22): warning C4305: “参数”: 从“double”到“GLfloat”截断
D:\it program\c++\CW1\ass1.cpp(682,17): warning C4305: “参数”: 从“double”到“GLfloat”截断
D:\it program\c++\CW1\ass1.cpp(682,12): warning C4305: “参数”: 从“double”到“GLfloat”截断
D:\it program\c++\CW1\ass1.cpp(684,20): warning C4305: “参数”: 从“double”到“GLfloat”截断
D:\it program\c++\CW1\ass1.cpp(684,13): warning C4305: “参数”: 从“double”到“GLfloat”截断
D:\it program\c++\CW1\ass1.cpp(685,20): warning C4305: “参数”: 从“double”到“GLfloat”截断
D:\it program\c++\CW1\ass1.cpp(687,13): warning C4305: “参数”: 从“double”到“GLfloat”截断
D:\it program\c++\CW1\ass1.cpp(690,22): warning C4305: “参数”: 从“double”到“GLfloat”截断
D:\it program\c++\CW1\ass1.cpp(690,17): warning C4305: “参数”: 从“double”到“GLfloat”截断
D:\it program\c++\CW1\ass1.cpp(690,12): warning C4305: “参数”: 从“double”到“GLfloat”截断
D:\it program\c++\CW1\ass1.cpp(692,17): warning C4244: “初始化”: 从“double”转换到“float”，可能丢失数据
D:\it program\c++\CW1\ass1.cpp(694,26): warning C4244: “参数”: 从“double”转换到“GLfloat”，可能丢失数据
D:\it program\c++\CW1\ass1.cpp(694,14): warning C4305: “参数”: 从“double”到“GLfloat”截断
D:\it program\c++\CW1\ass1.cpp(695,26): warning C4244: “参数”: 从“double”转换到“GLfloat”，可能丢失数据
D:\it program\c++\CW1\ass1.cpp(695,14): warning C4305: “参数”: 从“double”到“GLfloat”截断
D:\it program\c++\CW1\ass1.cpp(696,27): warning C4244: “参数”: 从“double”转换到“GLfloat”，可能丢失数据
D:\it program\c++\CW1\ass1.cpp(696,14): warning C4305: “参数”: 从“double”到“GLfloat”截断
D:\it program\c++\CW1\ass1.cpp(697,27): warning C4244: “参数”: 从“double”转换到“GLfloat”，可能丢失数据
D:\it program\c++\CW1\ass1.cpp(697,14): warning C4305: “参数”: 从“double”到“GLfloat”截断
D:\it program\c++\CW1\ass1.cpp(703,28): warning C4244: “参数”: 从“double”转换到“GLfloat”，可能丢失数据
D:\it program\c++\CW1\ass1.cpp(703,14): warning C4305: “参数”: 从“double”到“GLfloat”截断
D:\it program\c++\CW1\ass1.cpp(714,22): warning C4305: “参数”: 从“double”到“GLfloat”截断
D:\it program\c++\CW1\ass1.cpp(714,17): warning C4305: “参数”: 从“double”到“GLfloat”截断
D:\it program\c++\CW1\ass1.cpp(724,15): warning C4244: “初始化”: 从“double”转换到“float”，可能丢失数据
D:\it program\c++\CW1\ass1.cpp(725,17): warning C4244: “初始化”: 从“double”转换到“float”，可能丢失数据
D:\it program\c++\CW1\ass1.cpp(726,17): warning C4244: “初始化”: 从“double”转换到“float”，可能丢失数据
D:\it program\c++\CW1\ass1.cpp(729,21): warning C4244: “初始化”: 从“double”转换到“float”，可能丢失数据
D:\it program\c++\CW1\ass1.cpp(730,12): warning C4244: “初始化”: 从“double”转换到“float”，可能丢失数据
D:\it program\c++\CW1\ass1.cpp(731,12): warning C4244: “初始化”: 从“double”转换到“float”，可能丢失数据
D:\it program\c++\CW1\ass1.cpp(740,15): warning C4244: “初始化”: 从“double”转换到“float”，可能丢失数据
D:\it program\c++\CW1\ass1.cpp(741,11): warning C4244: “初始化”: 从“double”转换到“float”，可能丢失数据
D:\it program\c++\CW1\ass1.cpp(742,11): warning C4244: “初始化”: 从“double”转换到“float”，可能丢失数据
D:\it program\c++\CW1\ass1.cpp(748,22): warning C4305: “参数”: 从“double”到“GLfloat”截断
D:\it program\c++\CW1\ass1.cpp(748,17): warning C4305: “参数”: 从“double”到“GLfloat”截断
D:\it program\c++\CW1\ass1.cpp(748,12): warning C4305: “参数”: 从“double”到“GLfloat”截断
D:\it program\c++\CW1\ass1.cpp(750,19): warning C4305: “参数”: 从“double”到“GLfloat”截断
D:\it program\c++\CW1\ass1.cpp(750,13): warning C4305: “参数”: 从“double”到“GLfloat”截断
D:\it program\c++\CW1\ass1.cpp(751,18): warning C4305: “参数”: 从“double”到“GLfloat”截断
D:\it program\c++\CW1\ass1.cpp(751,13): warning C4305: “参数”: 从“double”到“GLfloat”截断
D:\it program\c++\CW1\ass1.cpp(752,18): warning C4305: “参数”: 从“double”到“GLfloat”截断
D:\it program\c++\CW1\ass1.cpp(752,13): warning C4305: “参数”: 从“double”到“GLfloat”截断
D:\it program\c++\CW1\ass1.cpp(753,19): warning C4305: “参数”: 从“double”到“GLfloat”截断
D:\it program\c++\CW1\ass1.cpp(753,13): warning C4305: “参数”: 从“double”到“GLfloat”截断
D:\it program\c++\CW1\ass1.cpp(757,23): warning C4305: “参数”: 从“double”到“GLfloat”截断
D:\it program\c++\CW1\ass1.cpp(757,16): warning C4305: “参数”: 从“double”到“GLfloat”截断
D:\it program\c++\CW1\ass1.cpp(764,19): warning C4305: “初始化”: 从“double”到“float”截断
D:\it program\c++\CW1\ass1.cpp(765,20): warning C4305: “初始化”: 从“double”到“float”截断
D:\it program\c++\CW1\ass1.cpp(768,24): warning C4305: “参数”: 从“double”到“GLfloat”截断
D:\it program\c++\CW1\ass1.cpp(768,19): warning C4305: “参数”: 从“double”到“GLfloat”截断
D:\it program\c++\CW1\ass1.cpp(771,24): warning C4305: “参数”: 从“double”到“GLfloat”截断
D:\it program\c++\CW1\ass1.cpp(771,14): warning C4305: “参数”: 从“double”到“GLfloat”截断
D:\it program\c++\CW1\ass1.cpp(775,50): warning C4305: “参数”: 从“double”到“GLfloat”截断
D:\it program\c++\CW1\ass1.cpp(775,43): warning C4244: “参数”: 从“double”转换到“GLfloat”，可能丢失数据
D:\it program\c++\CW1\ass1.cpp(776,43): warning C4244: “参数”: 从“double”转换到“GLfloat”，可能丢失数据
D:\it program\c++\CW1\ass1.cpp(780,17): warning C4305: “参数”: 从“double”到“GLfloat”截断
D:\it program\c++\CW1\ass1.cpp(782,17): warning C4244: “初始化”: 从“double”转换到“float”，可能丢失数据
D:\it program\c++\CW1\ass1.cpp(783,17): warning C4244: “初始化”: 从“double”转换到“float”，可能丢失数据
D:\it program\c++\CW1\ass1.cpp(786,16): warning C4244: “初始化”: 从“double”转换到“float”，可能丢失数据
D:\it program\c++\CW1\ass1.cpp(787,12): warning C4244: “初始化”: 从“double”转换到“float”，可能丢失数据
D:\it program\c++\CW1\ass1.cpp(788,12): warning C4244: “初始化”: 从“double”转换到“float”，可能丢失数据
D:\it program\c++\CW1\ass1.cpp(795,17): warning C4305: “参数”: 从“double”到“GLfloat”截断
D:\it program\c++\CW1\ass1.cpp(798,19): warning C4305: “参数”: 从“double”到“GLfloat”截断
D:\it program\c++\CW1\ass1.cpp(798,13): warning C4305: “参数”: 从“double”到“GLfloat”截断
D:\it program\c++\CW1\ass1.cpp(799,18): warning C4305: “参数”: 从“double”到“GLfloat”截断
D:\it program\c++\CW1\ass1.cpp(799,13): warning C4305: “参数”: 从“double”到“GLfloat”截断
D:\it program\c++\CW1\ass1.cpp(800,19): warning C4305: “参数”: 从“double”到“GLfloat”截断
D:\it program\c++\CW1\ass1.cpp(800,13): warning C4305: “参数”: 从“double”到“GLfloat”截断
D:\it program\c++\CW1\ass1.cpp(801,20): warning C4305: “参数”: 从“double”到“GLfloat”截断
D:\it program\c++\CW1\ass1.cpp(801,13): warning C4305: “参数”: 从“double”到“GLfloat”截断
D:\it program\c++\CW1\ass1.cpp(807,28): warning C4305: “参数”: 从“double”到“GLfloat”截断
D:\it program\c++\CW1\ass1.cpp(807,20): warning C4244: “参数”: 从“double”转换到“GLfloat”，可能丢失数据
D:\it program\c++\CW1\ass1.cpp(808,28): warning C4305: “参数”: 从“double”到“GLfloat”截断
D:\it program\c++\CW1\ass1.cpp(808,20): warning C4244: “参数”: 从“double”转换到“GLfloat”，可能丢失数据
D:\it program\c++\CW1\ass1.cpp(809,21): warning C4305: “参数”: 从“double”到“GLfloat”截断
D:\it program\c++\CW1\ass1.cpp(817,17): warning C4305: “初始化”: 从“double”到“float”截断
D:\it program\c++\CW1\ass1.cpp(821,16): warning C4244: “初始化”: 从“double”转换到“float”，可能丢失数据
D:\it program\c++\CW1\ass1.cpp(822,12): warning C4244: “初始化”: 从“double”转换到“float”，可能丢失数据
D:\it program\c++\CW1\ass1.cpp(823,12): warning C4244: “初始化”: 从“double”转换到“float”，可能丢失数据
D:\it program\c++\CW1\ass1.cpp(837,23): warning C4305: “参数”: 从“double”到“GLfloat”截断
D:\it program\c++\CW1\ass1.cpp(837,16): warning C4305: “参数”: 从“double”到“GLfloat”截断
D:\it program\c++\CW1\ass1.cpp(843,21): warning C4305: “参数”: 从“double”到“GLfloat”截断
D:\it program\c++\CW1\ass1.cpp(843,16): warning C4305: “参数”: 从“double”到“GLfloat”截断
D:\it program\c++\CW1\ass1.cpp(849,16): warning C4305: “参数”: 从“double”到“GLfloat”截断
D:\it program\c++\CW1\ass1.cpp(857,22): warning C4305: “参数”: 从“double”到“GLfloat”截断
D:\it program\c++\CW1\ass1.cpp(858,19): warning C4305: “参数”: 从“double”到“GLfloat”截断
D:\it program\c++\CW1\ass1.cpp(858,11): warning C4305: “参数”: 从“double”到“GLfloat”截断
D:\it program\c++\CW1\ass1.cpp(869,20): warning C4305: “+=”: 从“double”到“float”截断
D:\it program\c++\CW1\ass1.cpp(870,16): warning C4305: “+=”: 从“double”到“float”截断
D:\it program\c++\CW1\ass1.cpp(872,20): warning C4305: “=”: 从“double”到“float”截断
D:\it program\c++\CW1\ass1.cpp(876,18): warning C4244: “初始化”: 从“double”转换到“float”，可能丢失数据
D:\it program\c++\CW1\ass1.cpp(877,14): warning C4244: “初始化”: 从“double”转换到“float”，可能丢失数据
D:\it program\c++\CW1\ass1.cpp(880,45): warning C4305: “参数”: 从“double”到“GLfloat”截断
D:\it program\c++\CW1\ass1.cpp(880,33): warning C4244: “参数”: 从“double”转换到“GLfloat”，可能丢失数据
D:\it program\c++\CW1\ass1.cpp(880,17): warning C4244: “参数”: 从“double”转换到“GLfloat”，可能丢失数据
D:\it program\c++\CW1\ass1.cpp(883,16): warning C4244: “初始化”: 从“double”转换到“float”，可能丢失数据
D:\it program\c++\CW1\ass1.cpp(884,12): warning C4244: “初始化”: 从“double”转换到“float”，可能丢失数据
D:\it program\c++\CW1\ass1.cpp(885,12): warning C4244: “初始化”: 从“double”转换到“float”，可能丢失数据
D:\it program\c++\CW1\ass1.cpp(893,39): warning C4244: “参数”: 从“double”转换到“GLfloat”，可能丢失数据
D:\it program\c++\CW1\ass1.cpp(894,46): warning C4244: “参数”: 从“double”转换到“GLfloat”，可能丢失数据
D:\it program\c++\CW1\ass1.cpp(949,47): warning C4305: “参数”: 从“double”到“GLfloat”截断
D:\it program\c++\CW1\ass1.cpp(949,33): warning C4305: “参数”: 从“double”到“GLfloat”截断
D:\it program\c++\CW1\ass1.cpp(951,19): warning C4305: “参数”: 从“double”到“GLfloat”截断
D:\it program\c++\CW1\ass1.cpp(951,14): warning C4305: “参数”: 从“double”到“GLfloat”截断
D:\it program\c++\CW1\ass1.cpp(952,19): warning C4305: “参数”: 从“double”到“GLfloat”截断
D:\it program\c++\CW1\ass1.cpp(953,19): warning C4305: “参数”: 从“double”到“GLfloat”截断
D:\it program\c++\CW1\ass1.cpp(957,14): warning C4305: “参数”: 从“double”到“GLfloat”截断
D:\it program\c++\CW1\ass1.cpp(958,19): warning C4305: “参数”: 从“double”到“GLfloat”截断
D:\it program\c++\CW1\ass1.cpp(959,19): warning C4305: “参数”: 从“double”到“GLfloat”截断
D:\it program\c++\CW1\ass1.cpp(959,14): warning C4305: “参数”: 从“double”到“GLfloat”截断
D:\it program\c++\CW1\ass1.cpp(963,34): warning C4305: “参数”: 从“double”到“GLfloat”截断
D:\it program\c++\CW1\ass1.cpp(963,19): warning C4305: “参数”: 从“double”到“GLfloat”截断
D:\it program\c++\CW1\ass1.cpp(965,14): warning C4305: “参数”: 从“double”到“GLfloat”截断
D:\it program\c++\CW1\ass1.cpp(966,14): warning C4305: “参数”: 从“double”到“GLfloat”截断
D:\it program\c++\CW1\ass1.cpp(967,19): warning C4305: “参数”: 从“double”到“GLfloat”截断
D:\it program\c++\CW1\ass1.cpp(967,14): warning C4305: “参数”: 从“double”到“GLfloat”截断
D:\it program\c++\CW1\ass1.cpp(968,19): warning C4305: “参数”: 从“double”到“GLfloat”截断
D:\it program\c++\CW1\ass1.cpp(968,14): warning C4305: “参数”: 从“double”到“GLfloat”截断
D:\it program\c++\CW1\ass1.cpp(972,19): warning C4305: “参数”: 从“double”到“GLfloat”截断
D:\it program\c++\CW1\ass1.cpp(972,14): warning C4305: “参数”: 从“double”到“GLfloat”截断
D:\it program\c++\CW1\ass1.cpp(973,19): warning C4305: “参数”: 从“double”到“GLfloat”截断
D:\it program\c++\CW1\ass1.cpp(973,14): warning C4305: “参数”: 从“double”到“GLfloat”截断
D:\it program\c++\CW1\ass1.cpp(974,19): warning C4305: “参数”: 从“double”到“GLfloat”截断
D:\it program\c++\CW1\ass1.cpp(975,19): warning C4305: “参数”: 从“double”到“GLfloat”截断
D:\it program\c++\CW1\ass1.cpp(979,33): warning C4305: “参数”: 从“double”到“GLfloat”截断
D:\it program\c++\CW1\ass1.cpp(979,19): warning C4305: “参数”: 从“double”到“GLfloat”截断
D:\it program\c++\CW1\ass1.cpp(981,21): warning C4305: “参数”: 从“double”到“GLfloat”截断
D:\it program\c++\CW1\ass1.cpp(981,14): warning C4305: “参数”: 从“double”到“GLfloat”截断
D:\it program\c++\CW1\ass1.cpp(982,21): warning C4305: “参数”: 从“double”到“GLfloat”截断
D:\it program\c++\CW1\ass1.cpp(982,14): warning C4305: “参数”: 从“double”到“GLfloat”截断
D:\it program\c++\CW1\ass1.cpp(983,21): warning C4305: “参数”: 从“double”到“GLfloat”截断
D:\it program\c++\CW1\ass1.cpp(983,14): warning C4305: “参数”: 从“double”到“GLfloat”截断
D:\it program\c++\CW1\ass1.cpp(984,21): warning C4305: “参数”: 从“double”到“GLfloat”截断
D:\it program\c++\CW1\ass1.cpp(984,14): warning C4305: “参数”: 从“double”到“GLfloat”截断
D:\it program\c++\CW1\ass1.cpp(989,43): warning C4305: “参数”: 从“double”到“GLfloat”截断
D:\it program\c++\CW1\ass1.cpp(989,30): warning C4305: “参数”: 从“double”到“GLfloat”截断
D:\it program\c++\CW1\ass1.cpp(989,17): warning C4305: “参数”: 从“double”到“GLfloat”截断
D:\it program\c++\CW1\ass1.cpp(991,20): warning C4305: “参数”: 从“double”到“GLfloat”截断
D:\it program\c++\CW1\ass1.cpp(991,14): warning C4305: “参数”: 从“double”到“GLfloat”截断
D:\it program\c++\CW1\ass1.cpp(992,21): warning C4305: “参数”: 从“double”到“GLfloat”截断
D:\it program\c++\CW1\ass1.cpp(993,21): warning C4305: “参数”: 从“double”到“GLfloat”截断
D:\it program\c++\CW1\ass1.cpp(993,14): warning C4305: “参数”: 从“double”到“GLfloat”截断
D:\it program\c++\CW1\ass1.cpp(994,21): warning C4305: “参数”: 从“double”到“GLfloat”截断
D:\it program\c++\CW1\ass1.cpp(994,14): warning C4305: “参数”: 从“double”到“GLfloat”截断
D:\it program\c++\CW1\ass1.cpp(1000,41): warning C4305: “参数”: 从“double”到“GLfloat”截断
D:\it program\c++\CW1\ass1.cpp(1000,29): warning C4305: “参数”: 从“double”到“GLfloat”截断
D:\it program\c++\CW1\ass1.cpp(1000,17): warning C4305: “参数”: 从“double”到“GLfloat”截断
D:\it program\c++\CW1\ass1.cpp(1002,22): warning C4305: “参数”: 从“double”到“GLfloat”截断
D:\it program\c++\CW1\ass1.cpp(1002,14): warning C4305: “参数”: 从“double”到“GLfloat”截断
D:\it program\c++\CW1\ass1.cpp(1003,20): warning C4305: “参数”: 从“double”到“GLfloat”截断
D:\it program\c++\CW1\ass1.cpp(1003,14): warning C4305: “参数”: 从“double”到“GLfloat”截断
D:\it program\c++\CW1\ass1.cpp(1004,21): warning C4305: “参数”: 从“double”到“GLfloat”截断
D:\it program\c++\CW1\ass1.cpp(1004,14): warning C4305: “参数”: 从“double”到“GLfloat”截断
D:\it program\c++\CW1\ass1.cpp(1005,19): warning C4305: “参数”: 从“double”到“GLfloat”截断
D:\it program\c++\CW1\ass1.cpp(1005,14): warning C4305: “参数”: 从“double”到“GLfloat”截断
D:\it program\c++\CW1\ass1.cpp(1010,21): warning C4305: “参数”: 从“double”到“GLfloat”截断
D:\it program\c++\CW1\ass1.cpp(1011,14): warning C4305: “参数”: 从“double”到“GLfloat”截断
D:\it program\c++\CW1\ass1.cpp(1012,14): warning C4305: “参数”: 从“double”到“GLfloat”截断
D:\it program\c++\CW1\ass1.cpp(1013,21): warning C4305: “参数”: 从“double”到“GLfloat”截断
D:\it program\c++\CW1\ass1.cpp(1013,14): warning C4305: “参数”: 从“double”到“GLfloat”截断
D:\it program\c++\CW1\ass1.cpp(1020,30): warning C4305: “参数”: 从“double”到“GLfloat”截断
D:\it program\c++\CW1\ass1.cpp(1020,17): warning C4305: “参数”: 从“double”到“GLfloat”截断
D:\it program\c++\CW1\ass1.cpp(1022,22): warning C4305: “参数”: 从“double”到“GLfloat”截断
D:\it program\c++\CW1\ass1.cpp(1022,14): warning C4305: “参数”: 从“double”到“GLfloat”截断
D:\it program\c++\CW1\ass1.cpp(1023,22): warning C4305: “参数”: 从“double”到“GLfloat”截断
D:\it program\c++\CW1\ass1.cpp(1023,14): warning C4305: “参数”: 从“double”到“GLfloat”截断
D:\it program\c++\CW1\ass1.cpp(1024,17): warning C4305: “参数”: 从“double”到“GLfloat”截断
D:\it program\c++\CW1\ass1.cpp(1025,17): warning C4305: “参数”: 从“double”到“GLfloat”截断
D:\it program\c++\CW1\ass1.cpp(1030,14): warning C4305: “参数”: 从“double”到“GLfloat”截断
D:\it program\c++\CW1\ass1.cpp(1031,21): warning C4305: “参数”: 从“double”到“GLfloat”截断
D:\it program\c++\CW1\ass1.cpp(1031,14): warning C4305: “参数”: 从“double”到“GLfloat”截断
D:\it program\c++\CW1\ass1.cpp(1032,19): warning C4305: “参数”: 从“double”到“GLfloat”截断
D:\it program\c++\CW1\ass1.cpp(1032,14): warning C4305: “参数”: 从“double”到“GLfloat”截断
D:\it program\c++\CW1\ass1.cpp(1033,14): warning C4305: “参数”: 从“double”到“GLfloat”截断
D:\it program\c++\CW1\ass1.cpp(1037,43): warning C4305: “参数”: 从“double”到“GLfloat”截断
D:\it program\c++\CW1\ass1.cpp(1037,30): warning C4305: “参数”: 从“double”到“GLfloat”截断
D:\it program\c++\CW1\ass1.cpp(1037,17): warning C4305: “参数”: 从“double”到“GLfloat”截断
D:\it program\c++\CW1\ass1.cpp(1039,18): warning C4305: “参数”: 从“double”到“GLfloat”截断
D:\it program\c++\CW1\ass1.cpp(1040,18): warning C4305: “参数”: 从“double”到“GLfloat”截断
D:\it program\c++\CW1\ass1.cpp(1041,21): warning C4305: “参数”: 从“double”到“GLfloat”截断
D:\it program\c++\CW1\ass1.cpp(1041,14): warning C4305: “参数”: 从“double”到“GLfloat”截断
D:\it program\c++\CW1\ass1.cpp(1042,21): warning C4305: “参数”: 从“double”到“GLfloat”截断
D:\it program\c++\CW1\ass1.cpp(1042,14): warning C4305: “参数”: 从“double”到“GLfloat”截断
D:\it program\c++\CW1\ass1.cpp(1050,21): warning C4305: “参数”: 从“double”到“GLfloat”截断
D:\it program\c++\CW1\ass1.cpp(1050,14): warning C4305: “参数”: 从“double”到“GLfloat”截断
D:\it program\c++\CW1\ass1.cpp(1051,21): warning C4305: “参数”: 从“double”到“GLfloat”截断
D:\it program\c++\CW1\ass1.cpp(1051,14): warning C4305: “参数”: 从“double”到“GLfloat”截断
D:\it program\c++\CW1\ass1.cpp(1052,22): warning C4305: “参数”: 从“double”到“GLfloat”截断
D:\it program\c++\CW1\ass1.cpp(1052,14): warning C4305: “参数”: 从“double”到“GLfloat”截断
D:\it program\c++\CW1\ass1.cpp(1053,22): warning C4305: “参数”: 从“double”到“GLfloat”截断
D:\it program\c++\CW1\ass1.cpp(1053,14): warning C4305: “参数”: 从“double”到“GLfloat”截断
D:\it program\c++\CW1\ass1.cpp(1060,21): warning C4305: “参数”: 从“double”到“GLfloat”截断
D:\it program\c++\CW1\ass1.cpp(1060,14): warning C4305: “参数”: 从“double”到“GLfloat”截断
D:\it program\c++\CW1\ass1.cpp(1061,21): warning C4305: “参数”: 从“double”到“GLfloat”截断
D:\it program\c++\CW1\ass1.cpp(1061,14): warning C4305: “参数”: 从“double”到“GLfloat”截断
D:\it program\c++\CW1\ass1.cpp(1062,22): warning C4305: “参数”: 从“double”到“GLfloat”截断
D:\it program\c++\CW1\ass1.cpp(1062,14): warning C4305: “参数”: 从“double”到“GLfloat”截断
D:\it program\c++\CW1\ass1.cpp(1063,14): warning C4305: “参数”: 从“double”到“GLfloat”截断
D:\it program\c++\CW1\ass1.cpp(1069,41): warning C4305: “参数”: 从“double”到“GLfloat”截断
D:\it program\c++\CW1\ass1.cpp(1069,28): warning C4305: “参数”: 从“double”到“GLfloat”截断
D:\it program\c++\CW1\ass1.cpp(1069,16): warning C4305: “参数”: 从“double”到“GLfloat”截断
D:\it program\c++\CW1\ass1.cpp(1071,18): warning C4305: “参数”: 从“double”到“GLfloat”截断
D:\it program\c++\CW1\ass1.cpp(1073,14): warning C4305: “参数”: 从“double”到“GLfloat”截断
D:\it program\c++\CW1\ass1.cpp(1074,19): warning C4305: “参数”: 从“double”到“GLfloat”截断
D:\it program\c++\CW1\ass1.cpp(1074,14): warning C4305: “参数”: 从“double”到“GLfloat”截断
D:\it program\c++\CW1\ass1.cpp(1078,14): warning C4305: “参数”: 从“double”到“GLfloat”截断
D:\it program\c++\CW1\ass1.cpp(1079,14): warning C4305: “参数”: 从“double”到“GLfloat”截断
D:\it program\c++\CW1\ass1.cpp(1081,17): warning C4305: “参数”: 从“double”到“GLfloat”截断
D:\it program\c++\CW1\ass1.cpp(1086,24): warning C4305: “参数”: 从“double”到“float”截断
D:\it program\c++\CW1\ass1.cpp(1086,18): warning C4305: “参数”: 从“double”到“float”截断
D:\it program\c++\CW1\ass1.cpp(1086,12): warning C4305: “参数”: 从“double”到“float”截断
D:\it program\c++\CW1\ass1.cpp(1087,25): warning C4305: “参数”: 从“double”到“float”截断
D:\it program\c++\CW1\ass1.cpp(1087,12): warning C4305: “参数”: 从“double”到“float”截断
D:\it program\c++\CW1\ass1.cpp(1088,25): warning C4305: “参数”: 从“double”到“float”截断
D:\it program\c++\CW1\ass1.cpp(1088,19): warning C4305: “参数”: 从“double”到“float”截断
D:\it program\c++\CW1\ass1.cpp(1088,12): warning C4305: “参数”: 从“double”到“float”截断
D:\it program\c++\CW1\ass1.cpp(1089,22): warning C4305: “参数”: 从“double”到“float”截断
D:\it program\c++\CW1\ass1.cpp(1089,17): warning C4305: “参数”: 从“double”到“float”截断
D:\it program\c++\CW1\ass1.cpp(1089,12): warning C4305: “参数”: 从“double”到“float”截断
D:\it program\c++\CW1\ass1.cpp(1090,23): warning C4305: “参数”: 从“double”到“float”截断
D:\it program\c++\CW1\ass1.cpp(1090,17): warning C4305: “参数”: 从“double”到“float”截断
D:\it program\c++\CW1\ass1.cpp(1090,12): warning C4305: “参数”: 从“double”到“float”截断
D:\it program\c++\CW1\ass1.cpp(1091,23): warning C4305: “参数”: 从“double”到“float”截断
D:\it program\c++\CW1\ass1.cpp(1091,18): warning C4305: “参数”: 从“double”到“float”截断
D:\it program\c++\CW1\ass1.cpp(1091,12): warning C4305: “参数”: 从“double”到“float”截断
D:\it program\c++\CW1\ass1.cpp(1098,18): warning C4305: “参数”: 从“double”到“float”截断
D:\it program\c++\CW1\ass1.cpp(1098,13): warning C4305: “参数”: 从“double”到“float”截断
D:\it program\c++\CW1\ass1.cpp(1099,18): warning C4305: “参数”: 从“double”到“float”截断
D:\it program\c++\CW1\ass1.cpp(1099,13): warning C4305: “参数”: 从“double”到“float”截断
D:\it program\c++\CW1\ass1.cpp(1102,19): warning C4305: “参数”: 从“double”到“float”截断
D:\it program\c++\CW1\ass1.cpp(1103,20): warning C4305: “参数”: 从“double”到“float”截断
D:\it program\c++\CW1\ass1.cpp(1103,14): warning C4305: “参数”: 从“double”到“float”截断
D:\it program\c++\CW1\ass1.cpp(1104,19): warning C4305: “参数”: 从“double”到“float”截断
D:\it program\c++\CW1\ass1.cpp(1104,14): warning C4305: “参数”: 从“double”到“float”截断
D:\it program\c++\CW1\ass1.cpp(1105,19): warning C4305: “参数”: 从“double”到“float”截断
D:\it program\c++\CW1\ass1.cpp(1105,14): warning C4305: “参数”: 从“double”到“float”截断
D:\it program\c++\CW1\ass1.cpp(1108,45): warning C4305: “参数”: 从“double”到“float”截断
D:\it program\c++\CW1\ass1.cpp(1108,34): warning C4305: “参数”: 从“double”到“float”截断
D:\it program\c++\CW1\ass1.cpp(1108,29): warning C4305: “参数”: 从“double”到“float”截断
D:\it program\c++\CW1\ass1.cpp(1108,24): warning C4305: “参数”: 从“double”到“float”截断
D:\it program\c++\CW1\ass1.cpp(1108,18): warning C4305: “参数”: 从“double”到“float”截断
D:\it program\c++\CW1\ass1.cpp(1109,30): warning C4305: “参数”: 从“double”到“GLfloat”截断
D:\it program\c++\CW1\ass1.cpp(1110,36): warning C4305: “参数”: 从“double”到“float”截断
D:\it program\c++\CW1\ass1.cpp(1110,29): warning C4305: “参数”: 从“double”到“float”截断
D:\it program\c++\CW1\ass1.cpp(1110,21): warning C4305: “参数”: 从“double”到“float”截断
D:\it program\c++\CW1\ass1.cpp(1112,44): warning C4305: “参数”: 从“double”到“float”截断
D:\it program\c++\CW1\ass1.cpp(1112,33): warning C4305: “参数”: 从“double”到“float”截断
D:\it program\c++\CW1\ass1.cpp(1112,23): warning C4305: “参数”: 从“double”到“float”截断
D:\it program\c++\CW1\ass1.cpp(1112,17): warning C4305: “参数”: 从“double”到“float”截断
D:\it program\c++\CW1\ass1.cpp(1112,12): warning C4305: “参数”: 从“double”到“float”截断
D:\it program\c++\CW1\ass1.cpp(1113,27): warning C4305: “参数”: 从“double”到“GLfloat”截断
D:\it program\c++\CW1\ass1.cpp(1114,38): warning C4305: “参数”: 从“double”到“float”截断
D:\it program\c++\CW1\ass1.cpp(1114,31): warning C4305: “参数”: 从“double”到“float”截断
D:\it program\c++\CW1\ass1.cpp(1114,24): warning C4305: “参数”: 从“double”到“float”截断
D:\it program\c++\CW1\ass1.cpp(1118,60): warning C4305: “参数”: 从“double”到“float”截断
D:\it program\c++\CW1\ass1.cpp(1118,54): warning C4305: “参数”: 从“double”到“float”截断
D:\it program\c++\CW1\ass1.cpp(1118,40): warning C4244: “参数”: 从“double”转换到“float”，可能丢失数据
D:\it program\c++\CW1\ass1.cpp(1118,19): warning C4244: “参数”: 从“double”转换到“float”，可能丢失数据
D:\it program\c++\CW1\ass1.cpp(1121,37): warning C4305: “参数”: 从“double”到“float”截断
D:\it program\c++\CW1\ass1.cpp(1121,32): warning C4305: “参数”: 从“double”到“float”截断
D:\it program\c++\CW1\ass1.cpp(1121,27): warning C4305: “参数”: 从“double”到“float”截断
D:\it program\c++\CW1\ass1.cpp(1121,20): warning C4305: “参数”: 从“double”到“float”截断
D:\it program\c++\CW1\ass1.cpp(1124,23): warning C4305: “参数”: 从“double”到“float”截断
D:\it program\c++\CW1\ass1.cpp(1127,23): warning C4305: “参数”: 从“double”到“GLfloat”截断
D:\it program\c++\CW1\ass1.cpp(1129,39): warning C4305: “+=”: 从“double”到“float”截断
D:\it program\c++\CW1\ass1.cpp(1131,17): warning C4244: “初始化”: 从“double”转换到“float”，可能丢失数据
D:\it program\c++\CW1\ass1.cpp(1132,13): warning C4244: “初始化”: 从“double”转换到“float”，可能丢失数据
D:\it program\c++\CW1\ass1.cpp(1133,18): warning C4244: “参数”: 从“double”转换到“GLfloat”，可能丢失数据
D:\it program\c++\CW1\ass1.cpp(1139,16): warning C4305: “初始化”: 从“double”到“float”截断
D:\it program\c++\CW1\ass1.cpp(1139,40): warning C4305: “+=”: 从“double”到“float”截断
D:\it program\c++\CW1\ass1.cpp(1141,17): warning C4244: “初始化”: 从“double”转换到“float”，可能丢失数据
D:\it program\c++\CW1\ass1.cpp(1142,13): warning C4244: “初始化”: 从“double”转换到“float”，可能丢失数据
D:\it program\c++\CW1\ass1.cpp(1143,21): warning C4244: “参数”: 从“double”转换到“GLfloat”，可能丢失数据
D:\it program\c++\CW1\ass1.cpp(1150,23): warning C4305: “参数”: 从“double”到“GLfloat”截断
D:\it program\c++\CW1\ass1.cpp(1150,17): warning C4305: “参数”: 从“double”到“GLfloat”截断
D:\it program\c++\CW1\ass1.cpp(1156,24): warning C4305: “参数”: 从“double”到“GLfloat”截断
D:\it program\c++\CW1\ass1.cpp(1156,17): warning C4305: “参数”: 从“double”到“GLfloat”截断
LINK : warning LNK4098: 默认库“MSVCRT”与其他库的使用冲突；请使用 /NODEFAULTLIB:library
  CW1.vcxproj -> D:\it program\c++\CW1\x64\Debug\ASS1.exe
