  ass2.cpp
D:\it program\graphic\ASS2\ass2.cpp(10,15): warning C4305: “初始化”: 从“double”到“float”截断
D:\it program\graphic\ASS2\ass2.cpp(19,24): warning C4305: “初始化”: 从“double”到“float”截断
D:\it program\graphic\ASS2\ass2.cpp(22,17): warning C4305: “初始化”: 从“double”到“float”截断
D:\it program\graphic\ASS2\ass2.cpp(42,29): warning C4838: 从“double”转换到“GLfloat”需要收缩转换
D:\it program\graphic\ASS2\ass2.cpp(42,29): warning C4244: “初始化”: 从“double”转换到“GLfloat”，可能丢失数据
D:\it program\graphic\ASS2\ass2.cpp(42,39): warning C4838: 从“double”转换到“GLfloat”需要收缩转换
D:\it program\graphic\ASS2\ass2.cpp(42,39): warning C4244: “初始化”: 从“double”转换到“GLfloat”，可能丢失数据
D:\it program\graphic\ASS2\ass2.cpp(42,49): warning C4838: 从“double”转换到“GLfloat”需要收缩转换
D:\it program\graphic\ASS2\ass2.cpp(42,49): warning C4244: “初始化”: 从“double”转换到“GLfloat”，可能丢失数据
D:\it program\graphic\ASS2\ass2.cpp(60,32): warning C4244: “=”: 从“double”转换到“float”，可能丢失数据
D:\it program\graphic\ASS2\ass2.cpp(61,40): warning C4244: “参数”: 从“double”转换到“GLfloat”，可能丢失数据
D:\it program\graphic\ASS2\ass2.cpp(61,23): warning C4244: “参数”: 从“double”转换到“GLfloat”，可能丢失数据
D:\it program\graphic\ASS2\ass2.cpp(62,57): warning C4244: “参数”: 从“double”转换到“GLfloat”，可能丢失数据
D:\it program\graphic\ASS2\ass2.cpp(62,31): warning C4244: “参数”: 从“double”转换到“GLfloat”，可能丢失数据
D:\it program\graphic\ASS2\ass2.cpp(63,60): warning C4244: “参数”: 从“double”转换到“GLfloat”，可能丢失数据
D:\it program\graphic\ASS2\ass2.cpp(63,31): warning C4244: “参数”: 从“double”转换到“GLfloat”，可能丢失数据
D:\it program\graphic\ASS2\ass2.cpp(70,27): warning C4244: “参数”: 从“double”转换到“GLfloat”，可能丢失数据
D:\it program\graphic\ASS2\ass2.cpp(71,27): warning C4244: “参数”: 从“double”转换到“GLfloat”，可能丢失数据
D:\it program\graphic\ASS2\ass2.cpp(73,36): warning C4244: “=”: 从“double”转换到“float”，可能丢失数据
D:\it program\graphic\ASS2\ass2.cpp(74,79): warning C4244: “参数”: 从“double”转换到“GLfloat”，可能丢失数据
D:\it program\graphic\ASS2\ass2.cpp(74,47): warning C4244: “参数”: 从“double”转换到“GLfloat”，可能丢失数据
D:\it program\graphic\ASS2\ass2.cpp(74,35): warning C4244: “参数”: 从“double”转换到“GLfloat”，可能丢失数据
D:\it program\graphic\ASS2\ass2.cpp(84,38): warning C4305: “参数”: 从“double”到“GLfloat”截断
D:\it program\graphic\ASS2\ass2.cpp(84,27): warning C4305: “参数”: 从“double”到“GLfloat”截断
D:\it program\graphic\ASS2\ass2.cpp(84,22): warning C4305: “参数”: 从“double”到“GLfloat”截断
D:\it program\graphic\ASS2\ass2.cpp(84,17): warning C4305: “参数”: 从“double”到“GLfloat”截断
D:\it program\graphic\ASS2\ass2.cpp(85,24): warning C4305: “参数”: 从“double”到“GLfloat”截断
D:\it program\graphic\ASS2\ass2.cpp(88,41): warning C4305: “参数”: 从“double”到“GLfloat”截断
D:\it program\graphic\ASS2\ass2.cpp(88,29): warning C4305: “参数”: 从“double”到“GLfloat”截断
D:\it program\graphic\ASS2\ass2.cpp(88,17): warning C4305: “参数”: 从“double”到“GLfloat”截断
D:\it program\graphic\ASS2\ass2.cpp(91,19): warning C4305: “参数”: 从“double”到“GLfloat”截断
D:\it program\graphic\ASS2\ass2.cpp(98,38): warning C4305: “参数”: 从“double”到“GLfloat”截断
D:\it program\graphic\ASS2\ass2.cpp(98,27): warning C4244: “参数”: 从“double”转换到“GLfloat”，可能丢失数据
D:\it program\graphic\ASS2\ass2.cpp(99,29): warning C4305: “参数”: 从“double”到“GLfloat”截断
D:\it program\graphic\ASS2\ass2.cpp(99,24): warning C4305: “参数”: 从“double”到“GLfloat”截断
D:\it program\graphic\ASS2\ass2.cpp(99,18): warning C4305: “参数”: 从“double”到“GLfloat”截断
D:\it program\graphic\ASS2\ass2.cpp(108,29): warning C4305: “参数”: 从“double”到“GLfloat”截断
D:\it program\graphic\ASS2\ass2.cpp(108,24): warning C4305: “参数”: 从“double”到“GLfloat”截断
D:\it program\graphic\ASS2\ass2.cpp(112,24): warning C4305: “参数”: 从“double”到“GLfloat”截断
D:\it program\graphic\ASS2\ass2.cpp(112,19): warning C4305: “参数”: 从“double”到“GLfloat”截断
D:\it program\graphic\ASS2\ass2.cpp(119,43): warning C4305: “参数”: 从“double”到“GLfloat”截断
D:\it program\graphic\ASS2\ass2.cpp(119,27): warning C4244: “参数”: 从“double”转换到“GLfloat”，可能丢失数据
D:\it program\graphic\ASS2\ass2.cpp(120,29): warning C4305: “参数”: 从“double”到“GLfloat”截断
D:\it program\graphic\ASS2\ass2.cpp(120,18): warning C4305: “参数”: 从“double”到“GLfloat”截断
D:\it program\graphic\ASS2\ass2.cpp(128,39): warning C4305: “参数”: 从“double”到“GLfloat”截断
D:\it program\graphic\ASS2\ass2.cpp(128,28): warning C4305: “参数”: 从“double”到“GLfloat”截断
D:\it program\graphic\ASS2\ass2.cpp(128,22): warning C4305: “参数”: 从“double”到“GLfloat”截断
D:\it program\graphic\ASS2\ass2.cpp(128,17): warning C4305: “参数”: 从“double”到“GLfloat”截断
D:\it program\graphic\ASS2\ass2.cpp(131,44): warning C4305: “参数”: 从“double”到“GLfloat”截断
D:\it program\graphic\ASS2\ass2.cpp(131,39): warning C4305: “参数”: 从“double”到“GLfloat”截断
D:\it program\graphic\ASS2\ass2.cpp(131,28): warning C4244: “参数”: 从“double”转换到“GLfloat”，可能丢失数据
D:\it program\graphic\ASS2\ass2.cpp(132,23): warning C4305: “参数”: 从“double”到“GLfloat”截断
D:\it program\graphic\ASS2\ass2.cpp(132,18): warning C4305: “参数”: 从“double”到“GLfloat”截断
D:\it program\graphic\ASS2\ass2.cpp(142,38): warning C4305: “参数”: 从“double”到“GLfloat”截断
D:\it program\graphic\ASS2\ass2.cpp(142,27): warning C4305: “参数”: 从“double”到“GLfloat”截断
D:\it program\graphic\ASS2\ass2.cpp(142,22): warning C4305: “参数”: 从“double”到“GLfloat”截断
D:\it program\graphic\ASS2\ass2.cpp(142,17): warning C4305: “参数”: 从“double”到“GLfloat”截断
D:\it program\graphic\ASS2\ass2.cpp(146,23): warning C4305: “参数”: 从“double”到“float”截断
D:\it program\graphic\ASS2\ass2.cpp(146,18): warning C4305: “参数”: 从“double”到“float”截断
D:\it program\graphic\ASS2\ass2.cpp(151,23): warning C4305: “参数”: 从“double”到“GLfloat”截断
D:\it program\graphic\ASS2\ass2.cpp(153,24): warning C4305: “参数”: 从“double”到“float”截断
D:\it program\graphic\ASS2\ass2.cpp(153,18): warning C4305: “参数”: 从“double”到“float”截断
D:\it program\graphic\ASS2\ass2.cpp(157,37): warning C4305: “参数”: 从“double”到“GLfloat”截断
D:\it program\graphic\ASS2\ass2.cpp(157,27): warning C4305: “参数”: 从“double”到“GLfloat”截断
D:\it program\graphic\ASS2\ass2.cpp(157,17): warning C4305: “参数”: 从“double”到“GLfloat”截断
D:\it program\graphic\ASS2\ass2.cpp(159,23): warning C4305: “参数”: 从“double”到“GLfloat”截断
D:\it program\graphic\ASS2\ass2.cpp(165,38): warning C4305: “参数”: 从“double”到“GLfloat”截断
D:\it program\graphic\ASS2\ass2.cpp(165,27): warning C4305: “参数”: 从“double”到“GLfloat”截断
D:\it program\graphic\ASS2\ass2.cpp(165,22): warning C4305: “参数”: 从“double”到“GLfloat”截断
D:\it program\graphic\ASS2\ass2.cpp(165,17): warning C4305: “参数”: 从“double”到“GLfloat”截断
D:\it program\graphic\ASS2\ass2.cpp(168,23): warning C4305: “参数”: 从“double”到“float”截断
D:\it program\graphic\ASS2\ass2.cpp(168,18): warning C4305: “参数”: 从“double”到“float”截断
D:\it program\graphic\ASS2\ass2.cpp(172,23): warning C4305: “参数”: 从“double”到“GLfloat”截断
D:\it program\graphic\ASS2\ass2.cpp(174,24): warning C4305: “参数”: 从“double”到“float”截断
D:\it program\graphic\ASS2\ass2.cpp(174,18): warning C4305: “参数”: 从“double”到“float”截断
D:\it program\graphic\ASS2\ass2.cpp(177,37): warning C4305: “参数”: 从“double”到“GLfloat”截断
D:\it program\graphic\ASS2\ass2.cpp(177,27): warning C4305: “参数”: 从“double”到“GLfloat”截断
D:\it program\graphic\ASS2\ass2.cpp(177,22): warning C4305: “参数”: 从“double”到“GLfloat”截断
D:\it program\graphic\ASS2\ass2.cpp(179,23): warning C4305: “参数”: 从“double”到“GLfloat”截断
D:\it program\graphic\ASS2\ass2.cpp(191,29): warning C4305: “参数”: 从“double”到“GLfloat”截断
D:\it program\graphic\ASS2\ass2.cpp(192,41): warning C4305: “参数”: 从“double”到“GLfloat”截断
D:\it program\graphic\ASS2\ass2.cpp(192,29): warning C4305: “参数”: 从“double”到“GLfloat”截断
D:\it program\graphic\ASS2\ass2.cpp(192,23): warning C4305: “参数”: 从“double”到“GLfloat”截断
D:\it program\graphic\ASS2\ass2.cpp(192,17): warning C4305: “参数”: 从“double”到“GLfloat”截断
D:\it program\graphic\ASS2\ass2.cpp(193,24): warning C4305: “参数”: 从“double”到“GLfloat”截断
D:\it program\graphic\ASS2\ass2.cpp(193,19): warning C4305: “参数”: 从“double”到“GLfloat”截断
D:\it program\graphic\ASS2\ass2.cpp(193,14): warning C4305: “参数”: 从“double”到“GLfloat”截断
D:\it program\graphic\ASS2\ass2.cpp(199,29): warning C4305: “参数”: 从“double”到“GLfloat”截断
D:\it program\graphic\ASS2\ass2.cpp(200,27): warning C4305: “参数”: 从“double”到“GLfloat”截断
D:\it program\graphic\ASS2\ass2.cpp(200,22): warning C4305: “参数”: 从“double”到“GLfloat”截断
D:\it program\graphic\ASS2\ass2.cpp(200,17): warning C4305: “参数”: 从“double”到“GLfloat”截断
D:\it program\graphic\ASS2\ass2.cpp(201,28): warning C4305: “参数”: 从“double”到“GLfloat”截断
D:\it program\graphic\ASS2\ass2.cpp(202,24): warning C4305: “参数”: 从“double”到“GLfloat”截断
D:\it program\graphic\ASS2\ass2.cpp(202,14): warning C4305: “参数”: 从“double”到“GLfloat”截断
D:\it program\graphic\ASS2\ass2.cpp(213,29): warning C4305: “参数”: 从“double”到“GLfloat”截断
D:\it program\graphic\ASS2\ass2.cpp(213,23): warning C4305: “参数”: 从“double”到“GLfloat”截断
D:\it program\graphic\ASS2\ass2.cpp(214,39): warning C4305: “参数”: 从“double”到“GLfloat”截断
D:\it program\graphic\ASS2\ass2.cpp(214,28): warning C4305: “参数”: 从“double”到“GLfloat”截断
D:\it program\graphic\ASS2\ass2.cpp(214,17): warning C4305: “参数”: 从“double”到“GLfloat”截断
D:\it program\graphic\ASS2\ass2.cpp(218,29): warning C4305: “参数”: 从“double”到“GLfloat”截断
D:\it program\graphic\ASS2\ass2.cpp(218,23): warning C4305: “参数”: 从“double”到“GLfloat”截断
D:\it program\graphic\ASS2\ass2.cpp(220,24): warning C4305: “参数”: 从“double”到“GLfloat”截断
D:\it program\graphic\ASS2\ass2.cpp(220,19): warning C4305: “参数”: 从“double”到“GLfloat”截断
D:\it program\graphic\ASS2\ass2.cpp(220,14): warning C4305: “参数”: 从“double”到“GLfloat”截断
D:\it program\graphic\ASS2\ass2.cpp(226,29): warning C4305: “参数”: 从“double”到“GLfloat”截断
D:\it program\graphic\ASS2\ass2.cpp(226,23): warning C4305: “参数”: 从“double”到“GLfloat”截断
D:\it program\graphic\ASS2\ass2.cpp(227,18): warning C4305: “参数”: 从“double”到“GLfloat”截断
D:\it program\graphic\ASS2\ass2.cpp(228,24): warning C4305: “参数”: 从“double”到“GLfloat”截断
D:\it program\graphic\ASS2\ass2.cpp(228,14): warning C4305: “参数”: 从“double”到“GLfloat”截断
D:\it program\graphic\ASS2\ass2.cpp(234,29): warning C4305: “参数”: 从“double”到“GLfloat”截断
D:\it program\graphic\ASS2\ass2.cpp(234,23): warning C4305: “参数”: 从“double”到“GLfloat”截断
D:\it program\graphic\ASS2\ass2.cpp(235,18): warning C4305: “参数”: 从“double”到“GLfloat”截断
D:\it program\graphic\ASS2\ass2.cpp(236,24): warning C4305: “参数”: 从“double”到“GLfloat”截断
D:\it program\graphic\ASS2\ass2.cpp(236,14): warning C4305: “参数”: 从“double”到“GLfloat”截断
D:\it program\graphic\ASS2\ass2.cpp(241,38): warning C4305: “参数”: 从“double”到“GLfloat”截断
D:\it program\graphic\ASS2\ass2.cpp(241,27): warning C4305: “参数”: 从“double”到“GLfloat”截断
D:\it program\graphic\ASS2\ass2.cpp(241,22): warning C4305: “参数”: 从“double”到“GLfloat”截断
D:\it program\graphic\ASS2\ass2.cpp(241,17): warning C4305: “参数”: 从“double”到“GLfloat”截断
D:\it program\graphic\ASS2\ass2.cpp(243,29): warning C4305: “参数”: 从“double”到“GLfloat”截断
D:\it program\graphic\ASS2\ass2.cpp(243,23): warning C4305: “参数”: 从“double”到“GLfloat”截断
D:\it program\graphic\ASS2\ass2.cpp(247,24): warning C4305: “参数”: 从“double”到“GLfloat”截断
D:\it program\graphic\ASS2\ass2.cpp(258,38): warning C4305: “参数”: 从“double”到“GLfloat”截断
D:\it program\graphic\ASS2\ass2.cpp(258,27): warning C4305: “参数”: 从“double”到“GLfloat”截断
D:\it program\graphic\ASS2\ass2.cpp(258,22): warning C4305: “参数”: 从“double”到“GLfloat”截断
D:\it program\graphic\ASS2\ass2.cpp(258,17): warning C4305: “参数”: 从“double”到“GLfloat”截断
D:\it program\graphic\ASS2\ass2.cpp(259,23): warning C4305: “参数”: 从“double”到“GLfloat”截断
D:\it program\graphic\ASS2\ass2.cpp(263,24): warning C4305: “参数”: 从“double”到“GLfloat”截断
D:\it program\graphic\ASS2\ass2.cpp(263,19): warning C4305: “参数”: 从“double”到“GLfloat”截断
D:\it program\graphic\ASS2\ass2.cpp(269,39): warning C4305: “参数”: 从“double”到“GLfloat”截断
D:\it program\graphic\ASS2\ass2.cpp(269,27): warning C4305: “参数”: 从“double”到“GLfloat”截断
D:\it program\graphic\ASS2\ass2.cpp(269,22): warning C4305: “参数”: 从“double”到“GLfloat”截断
D:\it program\graphic\ASS2\ass2.cpp(270,23): warning C4305: “参数”: 从“double”到“GLfloat”截断
D:\it program\graphic\ASS2\ass2.cpp(271,19): warning C4305: “参数”: 从“double”到“GLfloat”截断
D:\it program\graphic\ASS2\ass2.cpp(271,14): warning C4305: “参数”: 从“double”到“GLfloat”截断
D:\it program\graphic\ASS2\ass2.cpp(280,43): warning C4305: “参数”: 从“double”到“GLfloat”截断
D:\it program\graphic\ASS2\ass2.cpp(280,32): warning C4305: “参数”: 从“double”到“GLfloat”截断
D:\it program\graphic\ASS2\ass2.cpp(280,21): warning C4305: “参数”: 从“double”到“GLfloat”截断
D:\it program\graphic\ASS2\ass2.cpp(281,23): warning C4244: “初始化”: 从“double”转换到“float”，可能丢失数据
D:\it program\graphic\ASS2\ass2.cpp(282,23): warning C4244: “初始化”: 从“double”转换到“float”，可能丢失数据
D:\it program\graphic\ASS2\ass2.cpp(283,37): warning C4305: “参数”: 从“double”到“GLfloat”截断
D:\it program\graphic\ASS2\ass2.cpp(283,26): warning C4244: “参数”: 从“double”转换到“GLfloat”，可能丢失数据
D:\it program\graphic\ASS2\ass2.cpp(286,28): warning C4305: “参数”: 从“double”到“GLfloat”截断
D:\it program\graphic\ASS2\ass2.cpp(286,23): warning C4305: “参数”: 从“double”到“GLfloat”截断
D:\it program\graphic\ASS2\ass2.cpp(286,18): warning C4305: “参数”: 从“double”到“GLfloat”截断
D:\it program\graphic\ASS2\ass2.cpp(292,27): warning C4305: “参数”: 从“double”到“GLfloat”截断
D:\it program\graphic\ASS2\ass2.cpp(293,30): warning C4305: “参数”: 从“double”到“GLfloat”截断
D:\it program\graphic\ASS2\ass2.cpp(293,24): warning C4305: “参数”: 从“double”到“GLfloat”截断
D:\it program\graphic\ASS2\ass2.cpp(293,18): warning C4305: “参数”: 从“double”到“GLfloat”截断
D:\it program\graphic\ASS2\ass2.cpp(305,28): warning C4305: “参数”: 从“double”到“GLfloat”截断
D:\it program\graphic\ASS2\ass2.cpp(305,23): warning C4305: “参数”: 从“double”到“GLfloat”截断
D:\it program\graphic\ASS2\ass2.cpp(310,38): warning C4305: “参数”: 从“double”到“GLfloat”截断
D:\it program\graphic\ASS2\ass2.cpp(310,27): warning C4305: “参数”: 从“double”到“GLfloat”截断
D:\it program\graphic\ASS2\ass2.cpp(310,22): warning C4305: “参数”: 从“double”到“GLfloat”截断
D:\it program\graphic\ASS2\ass2.cpp(310,17): warning C4305: “参数”: 从“double”到“GLfloat”截断
D:\it program\graphic\ASS2\ass2.cpp(311,25): warning C4305: “参数”: 从“double”到“GLfloat”截断
D:\it program\graphic\ASS2\ass2.cpp(311,19): warning C4305: “参数”: 从“double”到“GLfloat”截断
D:\it program\graphic\ASS2\ass2.cpp(311,14): warning C4305: “参数”: 从“double”到“GLfloat”截断
D:\it program\graphic\ASS2\ass2.cpp(317,38): warning C4305: “参数”: 从“double”到“GLfloat”截断
D:\it program\graphic\ASS2\ass2.cpp(317,27): warning C4305: “参数”: 从“double”到“GLfloat”截断
D:\it program\graphic\ASS2\ass2.cpp(317,22): warning C4305: “参数”: 从“double”到“GLfloat”截断
D:\it program\graphic\ASS2\ass2.cpp(317,17): warning C4305: “参数”: 从“double”到“GLfloat”截断
D:\it program\graphic\ASS2\ass2.cpp(318,28): warning C4305: “参数”: 从“double”到“GLfloat”截断
D:\it program\graphic\ASS2\ass2.cpp(318,23): warning C4305: “参数”: 从“double”到“GLfloat”截断
D:\it program\graphic\ASS2\ass2.cpp(319,24): warning C4305: “参数”: 从“double”到“GLfloat”截断
D:\it program\graphic\ASS2\ass2.cpp(319,19): warning C4305: “参数”: 从“double”到“GLfloat”截断
D:\it program\graphic\ASS2\ass2.cpp(319,14): warning C4305: “参数”: 从“double”到“GLfloat”截断
D:\it program\graphic\ASS2\ass2.cpp(326,42): warning C4305: “参数”: 从“double”到“GLfloat”截断
D:\it program\graphic\ASS2\ass2.cpp(326,31): warning C4305: “参数”: 从“double”到“GLfloat”截断
D:\it program\graphic\ASS2\ass2.cpp(326,26): warning C4305: “参数”: 从“double”到“GLfloat”截断
D:\it program\graphic\ASS2\ass2.cpp(326,21): warning C4305: “参数”: 从“double”到“GLfloat”截断
D:\it program\graphic\ASS2\ass2.cpp(327,23): warning C4244: “初始化”: 从“double”转换到“float”，可能丢失数据
D:\it program\graphic\ASS2\ass2.cpp(328,23): warning C4244: “初始化”: 从“double”转换到“float”，可能丢失数据
D:\it program\graphic\ASS2\ass2.cpp(329,31): warning C4305: “参数”: 从“double”到“GLfloat”截断
D:\it program\graphic\ASS2\ass2.cpp(330,29): warning C4305: “参数”: 从“double”到“GLfloat”截断
D:\it program\graphic\ASS2\ass2.cpp(330,24): warning C4305: “参数”: 从“double”到“GLfloat”截断
D:\it program\graphic\ASS2\ass2.cpp(330,18): warning C4305: “参数”: 从“double”到“GLfloat”截断
D:\it program\graphic\ASS2\ass2.cpp(338,28): warning C4305: “参数”: 从“double”到“GLfloat”截断
D:\it program\graphic\ASS2\ass2.cpp(338,23): warning C4305: “参数”: 从“double”到“GLfloat”截断
D:\it program\graphic\ASS2\ass2.cpp(342,38): warning C4305: “参数”: 从“double”到“GLfloat”截断
D:\it program\graphic\ASS2\ass2.cpp(342,27): warning C4305: “参数”: 从“double”到“GLfloat”截断
D:\it program\graphic\ASS2\ass2.cpp(342,22): warning C4305: “参数”: 从“double”到“GLfloat”截断
D:\it program\graphic\ASS2\ass2.cpp(342,17): warning C4305: “参数”: 从“double”到“GLfloat”截断
D:\it program\graphic\ASS2\ass2.cpp(343,25): warning C4305: “参数”: 从“double”到“GLfloat”截断
D:\it program\graphic\ASS2\ass2.cpp(343,19): warning C4305: “参数”: 从“double”到“GLfloat”截断
D:\it program\graphic\ASS2\ass2.cpp(343,14): warning C4305: “参数”: 从“double”到“GLfloat”截断
D:\it program\graphic\ASS2\ass2.cpp(349,38): warning C4305: “参数”: 从“double”到“GLfloat”截断
D:\it program\graphic\ASS2\ass2.cpp(349,27): warning C4305: “参数”: 从“double”到“GLfloat”截断
D:\it program\graphic\ASS2\ass2.cpp(349,22): warning C4305: “参数”: 从“double”到“GLfloat”截断
D:\it program\graphic\ASS2\ass2.cpp(349,17): warning C4305: “参数”: 从“double”到“GLfloat”截断
D:\it program\graphic\ASS2\ass2.cpp(350,28): warning C4305: “参数”: 从“double”到“GLfloat”截断
D:\it program\graphic\ASS2\ass2.cpp(350,23): warning C4305: “参数”: 从“double”到“GLfloat”截断
D:\it program\graphic\ASS2\ass2.cpp(351,24): warning C4305: “参数”: 从“double”到“GLfloat”截断
D:\it program\graphic\ASS2\ass2.cpp(351,19): warning C4305: “参数”: 从“double”到“GLfloat”截断
D:\it program\graphic\ASS2\ass2.cpp(351,14): warning C4305: “参数”: 从“double”到“GLfloat”截断
D:\it program\graphic\ASS2\ass2.cpp(358,42): warning C4305: “参数”: 从“double”到“GLfloat”截断
D:\it program\graphic\ASS2\ass2.cpp(358,31): warning C4305: “参数”: 从“double”到“GLfloat”截断
D:\it program\graphic\ASS2\ass2.cpp(358,26): warning C4305: “参数”: 从“double”到“GLfloat”截断
D:\it program\graphic\ASS2\ass2.cpp(358,21): warning C4305: “参数”: 从“double”到“GLfloat”截断
D:\it program\graphic\ASS2\ass2.cpp(359,23): warning C4244: “初始化”: 从“double”转换到“float”，可能丢失数据
D:\it program\graphic\ASS2\ass2.cpp(360,23): warning C4244: “初始化”: 从“double”转换到“float”，可能丢失数据
D:\it program\graphic\ASS2\ass2.cpp(361,31): warning C4305: “参数”: 从“double”到“GLfloat”截断
D:\it program\graphic\ASS2\ass2.cpp(362,29): warning C4305: “参数”: 从“double”到“GLfloat”截断
D:\it program\graphic\ASS2\ass2.cpp(362,24): warning C4305: “参数”: 从“double”到“GLfloat”截断
D:\it program\graphic\ASS2\ass2.cpp(362,18): warning C4305: “参数”: 从“double”到“GLfloat”截断
D:\it program\graphic\ASS2\ass2.cpp(378,33): warning C4305: “初始化”: 从“double”到“GLfloat”截断
D:\it program\graphic\ASS2\ass2.cpp(378,38): warning C4305: “初始化”: 从“double”到“GLfloat”截断
D:\it program\graphic\ASS2\ass2.cpp(378,43): warning C4305: “初始化”: 从“double”到“GLfloat”截断
D:\it program\graphic\ASS2\ass2.cpp(400,37): warning C4305: “初始化”: 从“double”到“GLfloat”截断
D:\it program\graphic\ASS2\ass2.cpp(400,49): warning C4305: “初始化”: 从“double”到“GLfloat”截断
D:\it program\graphic\ASS2\ass2.cpp(423,38): warning C4305: “初始化”: 从“double”到“GLfloat”截断
D:\it program\graphic\ASS2\ass2.cpp(423,44): warning C4305: “初始化”: 从“double”到“GLfloat”截断
D:\it program\graphic\ASS2\ass2.cpp(423,50): warning C4305: “初始化”: 从“double”到“GLfloat”截断
D:\it program\graphic\ASS2\ass2.cpp(438,40): warning C4305: “参数”: 从“double”到“GLfloat”截断
D:\it program\graphic\ASS2\ass2.cpp(438,29): warning C4305: “参数”: 从“double”到“GLfloat”截断
D:\it program\graphic\ASS2\ass2.cpp(438,23): warning C4305: “参数”: 从“double”到“GLfloat”截断
D:\it program\graphic\ASS2\ass2.cpp(438,17): warning C4305: “参数”: 从“double”到“GLfloat”截断
D:\it program\graphic\ASS2\ass2.cpp(440,29): warning C4305: “参数”: 从“double”到“GLfloat”截断
D:\it program\graphic\ASS2\ass2.cpp(440,23): warning C4305: “参数”: 从“double”到“GLfloat”截断
D:\it program\graphic\ASS2\ass2.cpp(441,25): warning C4305: “参数”: 从“double”到“GLfloat”截断
D:\it program\graphic\ASS2\ass2.cpp(441,20): warning C4305: “参数”: 从“double”到“GLfloat”截断
D:\it program\graphic\ASS2\ass2.cpp(452,37): warning C4305: “初始化”: 从“double”到“GLfloat”截断
D:\it program\graphic\ASS2\ass2.cpp(452,42): warning C4305: “初始化”: 从“double”到“GLfloat”截断
D:\it program\graphic\ASS2\ass2.cpp(452,47): warning C4305: “初始化”: 从“double”到“GLfloat”截断
D:\it program\graphic\ASS2\ass2.cpp(467,40): warning C4305: “参数”: 从“double”到“GLfloat”截断
D:\it program\graphic\ASS2\ass2.cpp(467,29): warning C4305: “参数”: 从“double”到“GLfloat”截断
D:\it program\graphic\ASS2\ass2.cpp(467,23): warning C4305: “参数”: 从“double”到“GLfloat”截断
D:\it program\graphic\ASS2\ass2.cpp(467,17): warning C4305: “参数”: 从“double”到“GLfloat”截断
D:\it program\graphic\ASS2\ass2.cpp(469,24): warning C4305: “参数”: 从“double”到“GLfloat”截断
D:\it program\graphic\ASS2\ass2.cpp(469,18): warning C4305: “参数”: 从“double”到“GLfloat”截断
D:\it program\graphic\ASS2\ass2.cpp(470,20): warning C4305: “参数”: 从“double”到“GLfloat”截断
D:\it program\graphic\ASS2\ass2.cpp(470,14): warning C4305: “参数”: 从“double”到“GLfloat”截断
D:\it program\graphic\ASS2\ass2.cpp(491,40): warning C4305: “参数”: 从“double”到“GLfloat”截断
D:\it program\graphic\ASS2\ass2.cpp(491,29): warning C4305: “参数”: 从“double”到“GLfloat”截断
D:\it program\graphic\ASS2\ass2.cpp(491,23): warning C4305: “参数”: 从“double”到“GLfloat”截断
D:\it program\graphic\ASS2\ass2.cpp(491,17): warning C4305: “参数”: 从“double”到“GLfloat”截断
D:\it program\graphic\ASS2\ass2.cpp(493,24): warning C4305: “参数”: 从“double”到“GLfloat”截断
D:\it program\graphic\ASS2\ass2.cpp(493,18): warning C4305: “参数”: 从“double”到“GLfloat”截断
D:\it program\graphic\ASS2\ass2.cpp(494,20): warning C4305: “参数”: 从“double”到“GLfloat”截断
D:\it program\graphic\ASS2\ass2.cpp(494,14): warning C4305: “参数”: 从“double”到“GLfloat”截断
D:\it program\graphic\ASS2\ass2.cpp(505,38): warning C4305: “初始化”: 从“double”到“GLfloat”截断
D:\it program\graphic\ASS2\ass2.cpp(505,43): warning C4305: “初始化”: 从“double”到“GLfloat”截断
D:\it program\graphic\ASS2\ass2.cpp(505,48): warning C4305: “初始化”: 从“double”到“GLfloat”截断
D:\it program\graphic\ASS2\ass2.cpp(520,40): warning C4305: “参数”: 从“double”到“GLfloat”截断
D:\it program\graphic\ASS2\ass2.cpp(520,29): warning C4305: “参数”: 从“double”到“GLfloat”截断
D:\it program\graphic\ASS2\ass2.cpp(520,23): warning C4305: “参数”: 从“double”到“GLfloat”截断
D:\it program\graphic\ASS2\ass2.cpp(520,17): warning C4305: “参数”: 从“double”到“GLfloat”截断
D:\it program\graphic\ASS2\ass2.cpp(522,25): warning C4305: “参数”: 从“double”到“GLfloat”截断
D:\it program\graphic\ASS2\ass2.cpp(522,18): warning C4305: “参数”: 从“double”到“GLfloat”截断
D:\it program\graphic\ASS2\ass2.cpp(523,20): warning C4305: “参数”: 从“double”到“GLfloat”截断
D:\it program\graphic\ASS2\ass2.cpp(523,14): warning C4305: “参数”: 从“double”到“GLfloat”截断
D:\it program\graphic\ASS2\ass2.cpp(545,40): warning C4305: “参数”: 从“double”到“GLfloat”截断
D:\it program\graphic\ASS2\ass2.cpp(545,29): warning C4305: “参数”: 从“double”到“GLfloat”截断
D:\it program\graphic\ASS2\ass2.cpp(545,23): warning C4305: “参数”: 从“double”到“GLfloat”截断
D:\it program\graphic\ASS2\ass2.cpp(545,17): warning C4305: “参数”: 从“double”到“GLfloat”截断
D:\it program\graphic\ASS2\ass2.cpp(547,25): warning C4305: “参数”: 从“double”到“GLfloat”截断
D:\it program\graphic\ASS2\ass2.cpp(547,18): warning C4305: “参数”: 从“double”到“GLfloat”截断
D:\it program\graphic\ASS2\ass2.cpp(548,20): warning C4305: “参数”: 从“double”到“GLfloat”截断
D:\it program\graphic\ASS2\ass2.cpp(548,14): warning C4305: “参数”: 从“double”到“GLfloat”截断
D:\it program\graphic\ASS2\ass2.cpp(555,30): warning C4305: “参数”: 从“double”到“GLfloat”截断
D:\it program\graphic\ASS2\ass2.cpp(559,37): warning C4305: “初始化”: 从“double”到“GLfloat”截断
D:\it program\graphic\ASS2\ass2.cpp(559,42): warning C4305: “初始化”: 从“double”到“GLfloat”截断
D:\it program\graphic\ASS2\ass2.cpp(559,47): warning C4305: “初始化”: 从“double”到“GLfloat”截断
D:\it program\graphic\ASS2\ass2.cpp(566,40): warning C4305: “参数”: 从“double”到“GLfloat”截断
D:\it program\graphic\ASS2\ass2.cpp(567,40): warning C4305: “参数”: 从“double”到“GLfloat”截断
D:\it program\graphic\ASS2\ass2.cpp(568,40): warning C4305: “参数”: 从“double”到“GLfloat”截断
D:\it program\graphic\ASS2\ass2.cpp(569,40): warning C4305: “参数”: 从“double”到“GLfloat”截断
D:\it program\graphic\ASS2\ass2.cpp(577,29): warning C4305: “参数”: 从“double”到“GLfloat”截断
D:\it program\graphic\ASS2\ass2.cpp(586,40): warning C4305: “参数”: 从“double”到“GLfloat”截断
D:\it program\graphic\ASS2\ass2.cpp(587,40): warning C4305: “参数”: 从“double”到“GLfloat”截断
D:\it program\graphic\ASS2\ass2.cpp(588,40): warning C4305: “参数”: 从“double”到“GLfloat”截断
D:\it program\graphic\ASS2\ass2.cpp(589,40): warning C4305: “参数”: 从“double”到“GLfloat”截断
D:\it program\graphic\ASS2\ass2.cpp(597,28): warning C4305: “参数”: 从“double”到“GLfloat”截断
D:\it program\graphic\ASS2\ass2.cpp(597,23): warning C4305: “参数”: 从“double”到“GLfloat”截断
D:\it program\graphic\ASS2\ass2.cpp(606,46): warning C4305: “参数”: 从“double”到“GLfloat”截断
D:\it program\graphic\ASS2\ass2.cpp(606,40): warning C4305: “参数”: 从“double”到“GLfloat”截断
D:\it program\graphic\ASS2\ass2.cpp(607,45): warning C4305: “参数”: 从“double”到“GLfloat”截断
D:\it program\graphic\ASS2\ass2.cpp(607,40): warning C4305: “参数”: 从“double”到“GLfloat”截断
D:\it program\graphic\ASS2\ass2.cpp(608,45): warning C4305: “参数”: 从“double”到“GLfloat”截断
D:\it program\graphic\ASS2\ass2.cpp(608,40): warning C4305: “参数”: 从“double”到“GLfloat”截断
D:\it program\graphic\ASS2\ass2.cpp(609,46): warning C4305: “参数”: 从“double”到“GLfloat”截断
D:\it program\graphic\ASS2\ass2.cpp(609,40): warning C4305: “参数”: 从“double”到“GLfloat”截断
D:\it program\graphic\ASS2\ass2.cpp(622,35): warning C4305: “初始化”: 从“double”到“GLfloat”截断
D:\it program\graphic\ASS2\ass2.cpp(622,41): warning C4305: “初始化”: 从“double”到“GLfloat”截断
D:\it program\graphic\ASS2\ass2.cpp(622,47): warning C4305: “初始化”: 从“double”到“GLfloat”截断
D:\it program\graphic\ASS2\ass2.cpp(642,23): warning C4305: “参数”: 从“double”到“GLfloat”截断
D:\it program\graphic\ASS2\ass2.cpp(644,38): warning C4305: “参数”: 从“double”到“GLfloat”截断
D:\it program\graphic\ASS2\ass2.cpp(644,27): warning C4305: “参数”: 从“double”到“GLfloat”截断
D:\it program\graphic\ASS2\ass2.cpp(644,22): warning C4305: “参数”: 从“double”到“GLfloat”截断
D:\it program\graphic\ASS2\ass2.cpp(644,17): warning C4305: “参数”: 从“double”到“GLfloat”截断
D:\it program\graphic\ASS2\ass2.cpp(646,23): warning C4305: “参数”: 从“double”到“GLfloat”截断
D:\it program\graphic\ASS2\ass2.cpp(648,18): warning C4305: “参数”: 从“double”到“float”截断
D:\it program\graphic\ASS2\ass2.cpp(653,42): warning C4305: “参数”: 从“double”到“GLfloat”截断
D:\it program\graphic\ASS2\ass2.cpp(653,31): warning C4305: “参数”: 从“double”到“GLfloat”截断
D:\it program\graphic\ASS2\ass2.cpp(657,42): warning C4305: “参数”: 从“double”到“GLfloat”截断
D:\it program\graphic\ASS2\ass2.cpp(657,31): warning C4305: “参数”: 从“double”到“GLfloat”截断
D:\it program\graphic\ASS2\ass2.cpp(657,26): warning C4305: “参数”: 从“double”到“GLfloat”截断
D:\it program\graphic\ASS2\ass2.cpp(657,21): warning C4305: “参数”: 从“double”到“GLfloat”截断
D:\it program\graphic\ASS2\ass2.cpp(660,23): warning C4305: “参数”: 从“double”到“GLfloat”截断
D:\it program\graphic\ASS2\ass2.cpp(666,37): warning C4305: “初始化”: 从“double”到“GLfloat”截断
D:\it program\graphic\ASS2\ass2.cpp(667,39): warning C4305: “初始化”: 从“double”到“GLfloat”截断
D:\it program\graphic\ASS2\ass2.cpp(669,36): warning C4305: “初始化”: 从“double”到“GLfloat”截断
D:\it program\graphic\ASS2\ass2.cpp(669,41): warning C4305: “初始化”: 从“double”到“GLfloat”截断
D:\it program\graphic\ASS2\ass2.cpp(669,46): warning C4305: “初始化”: 从“double”到“GLfloat”截断
D:\it program\graphic\ASS2\ass2.cpp(677,52): warning C4305: “参数”: 从“double”到“GLfloat”截断
D:\it program\graphic\ASS2\ass2.cpp(678,55): warning C4305: “参数”: 从“double”到“GLfloat”截断
D:\it program\graphic\ASS2\ass2.cpp(686,34): warning C4305: “初始化”: 从“double”到“GLfloat”截断
D:\it program\graphic\ASS2\ass2.cpp(686,39): warning C4305: “初始化”: 从“double”到“GLfloat”截断
D:\it program\graphic\ASS2\ass2.cpp(686,44): warning C4305: “初始化”: 从“double”到“GLfloat”截断
D:\it program\graphic\ASS2\ass2.cpp(696,18): warning C4305: “参数”: 从“double”到“GLfloat”截断
D:\it program\graphic\ASS2\ass2.cpp(699,38): warning C4305: “参数”: 从“double”到“GLfloat”截断
D:\it program\graphic\ASS2\ass2.cpp(699,27): warning C4305: “参数”: 从“double”到“GLfloat”截断
D:\it program\graphic\ASS2\ass2.cpp(699,22): warning C4305: “参数”: 从“double”到“GLfloat”截断
D:\it program\graphic\ASS2\ass2.cpp(699,17): warning C4305: “参数”: 从“double”到“GLfloat”截断
D:\it program\graphic\ASS2\ass2.cpp(701,25): warning C4305: “参数”: 从“double”到“GLfloat”截断
D:\it program\graphic\ASS2\ass2.cpp(701,19): warning C4305: “参数”: 从“double”到“GLfloat”截断
D:\it program\graphic\ASS2\ass2.cpp(701,14): warning C4305: “参数”: 从“double”到“GLfloat”截断
D:\it program\graphic\ASS2\ass2.cpp(708,24): warning C4305: “参数”: 从“double”到“float”截断
D:\it program\graphic\ASS2\ass2.cpp(708,18): warning C4305: “参数”: 从“double”到“float”截断
D:\it program\graphic\ASS2\ass2.cpp(713,42): warning C4305: “参数”: 从“double”到“GLfloat”截断
D:\it program\graphic\ASS2\ass2.cpp(713,31): warning C4305: “参数”: 从“double”到“GLfloat”截断
D:\it program\graphic\ASS2\ass2.cpp(716,42): warning C4305: “参数”: 从“double”到“GLfloat”截断
D:\it program\graphic\ASS2\ass2.cpp(716,31): warning C4305: “参数”: 从“double”到“GLfloat”截断
D:\it program\graphic\ASS2\ass2.cpp(716,26): warning C4305: “参数”: 从“double”到“GLfloat”截断
D:\it program\graphic\ASS2\ass2.cpp(716,21): warning C4305: “参数”: 从“double”到“GLfloat”截断
D:\it program\graphic\ASS2\ass2.cpp(720,23): warning C4305: “参数”: 从“double”到“GLfloat”截断
D:\it program\graphic\ASS2\ass2.cpp(727,36): warning C4305: “初始化”: 从“double”到“GLfloat”截断
D:\it program\graphic\ASS2\ass2.cpp(727,41): warning C4305: “初始化”: 从“double”到“GLfloat”截断
D:\it program\graphic\ASS2\ass2.cpp(727,46): warning C4305: “初始化”: 从“double”到“GLfloat”截断
D:\it program\graphic\ASS2\ass2.cpp(730,37): warning C4305: “初始化”: 从“double”到“GLfloat”截断
D:\it program\graphic\ASS2\ass2.cpp(730,42): warning C4305: “初始化”: 从“double”到“GLfloat”截断
D:\it program\graphic\ASS2\ass2.cpp(732,39): warning C4305: “初始化”: 从“double”到“GLfloat”截断
D:\it program\graphic\ASS2\ass2.cpp(732,44): warning C4305: “初始化”: 从“double”到“GLfloat”截断
D:\it program\graphic\ASS2\ass2.cpp(742,52): warning C4305: “参数”: 从“double”到“GLfloat”截断
D:\it program\graphic\ASS2\ass2.cpp(746,34): warning C4305: “初始化”: 从“double”到“GLfloat”截断
D:\it program\graphic\ASS2\ass2.cpp(746,39): warning C4305: “初始化”: 从“double”到“GLfloat”截断
D:\it program\graphic\ASS2\ass2.cpp(746,44): warning C4305: “初始化”: 从“double”到“GLfloat”截断
D:\it program\graphic\ASS2\ass2.cpp(759,24): warning C4305: “参数”: 从“double”到“GLfloat”截断
D:\it program\graphic\ASS2\ass2.cpp(762,39): warning C4305: “参数”: 从“double”到“GLfloat”截断
D:\it program\graphic\ASS2\ass2.cpp(762,28): warning C4305: “参数”: 从“double”到“GLfloat”截断
D:\it program\graphic\ASS2\ass2.cpp(762,17): warning C4305: “参数”: 从“double”到“GLfloat”截断
D:\it program\graphic\ASS2\ass2.cpp(764,19): warning C4305: “参数”: 从“double”到“GLfloat”截断
D:\it program\graphic\ASS2\ass2.cpp(769,37): warning C4305: “参数”: 从“double”到“GLfloat”截断
D:\it program\graphic\ASS2\ass2.cpp(769,27): warning C4305: “参数”: 从“double”到“GLfloat”截断
D:\it program\graphic\ASS2\ass2.cpp(769,22): warning C4305: “参数”: 从“double”到“GLfloat”截断
D:\it program\graphic\ASS2\ass2.cpp(769,17): warning C4305: “参数”: 从“double”到“GLfloat”截断
D:\it program\graphic\ASS2\ass2.cpp(771,23): warning C4305: “参数”: 从“double”到“GLfloat”截断
D:\it program\graphic\ASS2\ass2.cpp(772,24): warning C4305: “参数”: 从“double”到“GLfloat”截断
D:\it program\graphic\ASS2\ass2.cpp(772,19): warning C4305: “参数”: 从“double”到“GLfloat”截断
D:\it program\graphic\ASS2\ass2.cpp(772,14): warning C4305: “参数”: 从“double”到“GLfloat”截断
D:\it program\graphic\ASS2\ass2.cpp(777,39): warning C4305: “参数”: 从“double”到“GLfloat”截断
D:\it program\graphic\ASS2\ass2.cpp(777,28): warning C4305: “参数”: 从“double”到“GLfloat”截断
D:\it program\graphic\ASS2\ass2.cpp(777,17): warning C4305: “参数”: 从“double”到“GLfloat”截断
D:\it program\graphic\ASS2\ass2.cpp(779,28): warning C4305: “参数”: 从“double”到“GLfloat”截断
D:\it program\graphic\ASS2\ass2.cpp(779,23): warning C4305: “参数”: 从“double”到“GLfloat”截断
D:\it program\graphic\ASS2\ass2.cpp(780,24): warning C4305: “参数”: 从“double”到“GLfloat”截断
D:\it program\graphic\ASS2\ass2.cpp(780,19): warning C4305: “参数”: 从“double”到“GLfloat”截断
D:\it program\graphic\ASS2\ass2.cpp(785,37): warning C4305: “参数”: 从“double”到“GLfloat”截断
D:\it program\graphic\ASS2\ass2.cpp(785,27): warning C4305: “参数”: 从“double”到“GLfloat”截断
D:\it program\graphic\ASS2\ass2.cpp(785,22): warning C4305: “参数”: 从“double”到“GLfloat”截断
D:\it program\graphic\ASS2\ass2.cpp(785,17): warning C4305: “参数”: 从“double”到“GLfloat”截断
D:\it program\graphic\ASS2\ass2.cpp(787,29): warning C4305: “参数”: 从“double”到“GLfloat”截断
D:\it program\graphic\ASS2\ass2.cpp(787,23): warning C4305: “参数”: 从“double”到“GLfloat”截断
D:\it program\graphic\ASS2\ass2.cpp(788,19): warning C4305: “参数”: 从“double”到“GLfloat”截断
D:\it program\graphic\ASS2\ass2.cpp(788,14): warning C4305: “参数”: 从“double”到“GLfloat”截断
D:\it program\graphic\ASS2\ass2.cpp(793,37): warning C4305: “参数”: 从“double”到“GLfloat”截断
D:\it program\graphic\ASS2\ass2.cpp(796,27): warning C4244: “参数”: 从“double”转换到“GLfloat”，可能丢失数据
D:\it program\graphic\ASS2\ass2.cpp(797,28): warning C4305: “参数”: 从“double”到“GLfloat”截断
D:\it program\graphic\ASS2\ass2.cpp(797,23): warning C4305: “参数”: 从“double”到“GLfloat”截断
D:\it program\graphic\ASS2\ass2.cpp(797,18): warning C4305: “参数”: 从“double”到“GLfloat”截断
D:\it program\graphic\ASS2\ass2.cpp(808,23): warning C4305: “参数”: 从“double”到“GLfloat”截断
D:\it program\graphic\ASS2\ass2.cpp(812,27): warning C4305: “参数”: 从“double”到“GLfloat”截断
D:\it program\graphic\ASS2\ass2.cpp(812,22): warning C4305: “参数”: 从“double”到“GLfloat”截断
D:\it program\graphic\ASS2\ass2.cpp(812,17): warning C4305: “参数”: 从“double”到“GLfloat”截断
D:\it program\graphic\ASS2\ass2.cpp(814,19): warning C4305: “参数”: 从“double”到“GLfloat”截断
D:\it program\graphic\ASS2\ass2.cpp(820,20): warning C4305: “初始化”: 从“double”到“float”截断
D:\it program\graphic\ASS2\ass2.cpp(825,18): warning C4305: “参数”: 从“double”到“GLfloat”截断
D:\it program\graphic\ASS2\ass2.cpp(832,18): warning C4305: “参数”: 从“double”到“GLfloat”截断
D:\it program\graphic\ASS2\ass2.cpp(839,18): warning C4305: “参数”: 从“double”到“GLfloat”截断
D:\it program\graphic\ASS2\ass2.cpp(846,18): warning C4305: “参数”: 从“double”到“GLfloat”截断
D:\it program\graphic\ASS2\ass2.cpp(853,38): warning C4305: “参数”: 从“double”到“GLfloat”截断
D:\it program\graphic\ASS2\ass2.cpp(853,27): warning C4305: “参数”: 从“double”到“GLfloat”截断
D:\it program\graphic\ASS2\ass2.cpp(853,22): warning C4305: “参数”: 从“double”到“GLfloat”截断
D:\it program\graphic\ASS2\ass2.cpp(853,17): warning C4305: “参数”: 从“double”到“GLfloat”截断
D:\it program\graphic\ASS2\ass2.cpp(856,29): warning C4305: “参数”: 从“double”到“GLfloat”截断
D:\it program\graphic\ASS2\ass2.cpp(856,23): warning C4305: “参数”: 从“double”到“GLfloat”截断
D:\it program\graphic\ASS2\ass2.cpp(857,25): warning C4305: “参数”: 从“double”到“GLfloat”截断
D:\it program\graphic\ASS2\ass2.cpp(857,19): warning C4305: “参数”: 从“double”到“GLfloat”截断
D:\it program\graphic\ASS2\ass2.cpp(857,14): warning C4305: “参数”: 从“double”到“GLfloat”截断
D:\it program\graphic\ASS2\ass2.cpp(863,29): warning C4305: “参数”: 从“double”到“GLfloat”截断
D:\it program\graphic\ASS2\ass2.cpp(863,23): warning C4305: “参数”: 从“double”到“GLfloat”截断
D:\it program\graphic\ASS2\ass2.cpp(864,25): warning C4305: “参数”: 从“double”到“GLfloat”截断
D:\it program\graphic\ASS2\ass2.cpp(864,20): warning C4305: “参数”: 从“double”到“GLfloat”截断
D:\it program\graphic\ASS2\ass2.cpp(864,14): warning C4305: “参数”: 从“double”到“GLfloat”截断
D:\it program\graphic\ASS2\ass2.cpp(870,29): warning C4305: “参数”: 从“double”到“GLfloat”截断
D:\it program\graphic\ASS2\ass2.cpp(870,23): warning C4305: “参数”: 从“double”到“GLfloat”截断
D:\it program\graphic\ASS2\ass2.cpp(871,24): warning C4305: “参数”: 从“double”到“GLfloat”截断
D:\it program\graphic\ASS2\ass2.cpp(871,14): warning C4305: “参数”: 从“double”到“GLfloat”截断
D:\it program\graphic\ASS2\ass2.cpp(876,38): warning C4305: “参数”: 从“double”到“GLfloat”截断
D:\it program\graphic\ASS2\ass2.cpp(876,27): warning C4305: “参数”: 从“double”到“GLfloat”截断
D:\it program\graphic\ASS2\ass2.cpp(876,22): warning C4305: “参数”: 从“double”到“GLfloat”截断
D:\it program\graphic\ASS2\ass2.cpp(876,17): warning C4305: “参数”: 从“double”到“GLfloat”截断
D:\it program\graphic\ASS2\ass2.cpp(878,29): warning C4305: “参数”: 从“double”到“GLfloat”截断
D:\it program\graphic\ASS2\ass2.cpp(878,23): warning C4305: “参数”: 从“double”到“GLfloat”截断
D:\it program\graphic\ASS2\ass2.cpp(879,25): warning C4305: “参数”: 从“double”到“GLfloat”截断
D:\it program\graphic\ASS2\ass2.cpp(879,19): warning C4305: “参数”: 从“double”到“GLfloat”截断
D:\it program\graphic\ASS2\ass2.cpp(879,14): warning C4305: “参数”: 从“double”到“GLfloat”截断
D:\it program\graphic\ASS2\ass2.cpp(884,38): warning C4305: “参数”: 从“double”到“GLfloat”截断
D:\it program\graphic\ASS2\ass2.cpp(884,27): warning C4305: “参数”: 从“double”到“GLfloat”截断
D:\it program\graphic\ASS2\ass2.cpp(884,22): warning C4305: “参数”: 从“double”到“GLfloat”截断
D:\it program\graphic\ASS2\ass2.cpp(884,17): warning C4305: “参数”: 从“double”到“GLfloat”截断
D:\it program\graphic\ASS2\ass2.cpp(886,29): warning C4305: “参数”: 从“double”到“GLfloat”截断
D:\it program\graphic\ASS2\ass2.cpp(886,23): warning C4305: “参数”: 从“double”到“GLfloat”截断
D:\it program\graphic\ASS2\ass2.cpp(886,18): warning C4305: “参数”: 从“double”到“GLfloat”截断
D:\it program\graphic\ASS2\ass2.cpp(887,19): warning C4305: “参数”: 从“double”到“GLfloat”截断
D:\it program\graphic\ASS2\ass2.cpp(887,14): warning C4305: “参数”: 从“double”到“GLfloat”截断
D:\it program\graphic\ASS2\ass2.cpp(892,38): warning C4305: “参数”: 从“double”到“GLfloat”截断
D:\it program\graphic\ASS2\ass2.cpp(892,27): warning C4305: “参数”: 从“double”到“GLfloat”截断
D:\it program\graphic\ASS2\ass2.cpp(892,22): warning C4305: “参数”: 从“double”到“GLfloat”截断
D:\it program\graphic\ASS2\ass2.cpp(892,17): warning C4305: “参数”: 从“double”到“GLfloat”截断
D:\it program\graphic\ASS2\ass2.cpp(894,29): warning C4305: “参数”: 从“double”到“GLfloat”截断
D:\it program\graphic\ASS2\ass2.cpp(894,23): warning C4305: “参数”: 从“double”到“GLfloat”截断
D:\it program\graphic\ASS2\ass2.cpp(894,18): warning C4305: “参数”: 从“double”到“GLfloat”截断
D:\it program\graphic\ASS2\ass2.cpp(895,26): warning C4305: “参数”: 从“double”到“GLfloat”截断
D:\it program\graphic\ASS2\ass2.cpp(895,20): warning C4305: “参数”: 从“double”到“GLfloat”截断
D:\it program\graphic\ASS2\ass2.cpp(895,14): warning C4305: “参数”: 从“double”到“GLfloat”截断
D:\it program\graphic\ASS2\ass2.cpp(901,38): warning C4305: “参数”: 从“double”到“GLfloat”截断
D:\it program\graphic\ASS2\ass2.cpp(901,27): warning C4305: “参数”: 从“double”到“GLfloat”截断
D:\it program\graphic\ASS2\ass2.cpp(901,22): warning C4305: “参数”: 从“double”到“GLfloat”截断
D:\it program\graphic\ASS2\ass2.cpp(901,17): warning C4305: “参数”: 从“double”到“GLfloat”截断
D:\it program\graphic\ASS2\ass2.cpp(903,24): warning C4305: “参数”: 从“double”到“GLfloat”截断
D:\it program\graphic\ASS2\ass2.cpp(903,18): warning C4305: “参数”: 从“double”到“GLfloat”截断
D:\it program\graphic\ASS2\ass2.cpp(907,38): warning C4305: “参数”: 从“double”到“GLfloat”截断
D:\it program\graphic\ASS2\ass2.cpp(907,27): warning C4305: “参数”: 从“double”到“GLfloat”截断
D:\it program\graphic\ASS2\ass2.cpp(907,17): warning C4305: “参数”: 从“double”到“GLfloat”截断
D:\it program\graphic\ASS2\ass2.cpp(908,23): warning C4305: “参数”: 从“double”到“GLfloat”截断
D:\it program\graphic\ASS2\ass2.cpp(915,38): warning C4305: “参数”: 从“double”到“GLfloat”截断
D:\it program\graphic\ASS2\ass2.cpp(915,27): warning C4305: “参数”: 从“double”到“GLfloat”截断
D:\it program\graphic\ASS2\ass2.cpp(915,22): warning C4305: “参数”: 从“double”到“GLfloat”截断
D:\it program\graphic\ASS2\ass2.cpp(915,17): warning C4305: “参数”: 从“double”到“GLfloat”截断
D:\it program\graphic\ASS2\ass2.cpp(917,23): warning C4305: “参数”: 从“double”到“GLfloat”截断
D:\it program\graphic\ASS2\ass2.cpp(917,18): warning C4305: “参数”: 从“double”到“GLfloat”截断
D:\it program\graphic\ASS2\ass2.cpp(920,25): warning C4305: “参数”: 从“double”到“GLfloat”截断
D:\it program\graphic\ASS2\ass2.cpp(920,19): warning C4305: “参数”: 从“double”到“GLfloat”截断
D:\it program\graphic\ASS2\ass2.cpp(920,14): warning C4305: “参数”: 从“double”到“GLfloat”截断
D:\it program\graphic\ASS2\ass2.cpp(925,23): warning C4305: “参数”: 从“double”到“GLfloat”截断
D:\it program\graphic\ASS2\ass2.cpp(927,25): warning C4305: “参数”: 从“double”到“GLfloat”截断
D:\it program\graphic\ASS2\ass2.cpp(927,20): warning C4305: “参数”: 从“double”到“GLfloat”截断
D:\it program\graphic\ASS2\ass2.cpp(927,14): warning C4305: “参数”: 从“double”到“GLfloat”截断
D:\it program\graphic\ASS2\ass2.cpp(931,38): warning C4305: “参数”: 从“double”到“GLfloat”截断
D:\it program\graphic\ASS2\ass2.cpp(931,27): warning C4305: “参数”: 从“double”到“GLfloat”截断
D:\it program\graphic\ASS2\ass2.cpp(931,22): warning C4305: “参数”: 从“double”到“GLfloat”截断
D:\it program\graphic\ASS2\ass2.cpp(931,17): warning C4305: “参数”: 从“double”到“GLfloat”截断
D:\it program\graphic\ASS2\ass2.cpp(933,24): warning C4305: “参数”: 从“double”到“GLfloat”截断
D:\it program\graphic\ASS2\ass2.cpp(933,18): warning C4305: “参数”: 从“double”到“GLfloat”截断
D:\it program\graphic\ASS2\ass2.cpp(935,25): warning C4305: “参数”: 从“double”到“GLfloat”截断
D:\it program\graphic\ASS2\ass2.cpp(935,19): warning C4305: “参数”: 从“double”到“GLfloat”截断
D:\it program\graphic\ASS2\ass2.cpp(935,14): warning C4305: “参数”: 从“double”到“GLfloat”截断
D:\it program\graphic\ASS2\ass2.cpp(946,28): warning C4305: “参数”: 从“double”到“GLfloat”截断
D:\it program\graphic\ASS2\ass2.cpp(946,23): warning C4305: “参数”: 从“double”到“GLfloat”截断
D:\it program\graphic\ASS2\ass2.cpp(949,27): warning C4305: “参数”: 从“double”到“GLfloat”截断
D:\it program\graphic\ASS2\ass2.cpp(949,22): warning C4305: “参数”: 从“double”到“GLfloat”截断
D:\it program\graphic\ASS2\ass2.cpp(949,17): warning C4305: “参数”: 从“double”到“GLfloat”截断
D:\it program\graphic\ASS2\ass2.cpp(951,19): warning C4305: “参数”: 从“double”到“GLfloat”截断
D:\it program\graphic\ASS2\ass2.cpp(951,14): warning C4305: “参数”: 从“double”到“GLfloat”截断
D:\it program\graphic\ASS2\ass2.cpp(956,23): warning C4305: “参数”: 从“double”到“GLfloat”截断
D:\it program\graphic\ASS2\ass2.cpp(956,17): warning C4305: “参数”: 从“double”到“GLfloat”截断
D:\it program\graphic\ASS2\ass2.cpp(958,31): warning C4305: “参数”: 从“double”到“GLfloat”截断
D:\it program\graphic\ASS2\ass2.cpp(958,25): warning C4305: “参数”: 从“double”到“GLfloat”截断
D:\it program\graphic\ASS2\ass2.cpp(958,18): warning C4305: “参数”: 从“double”到“GLfloat”截断
D:\it program\graphic\ASS2\ass2.cpp(959,25): warning C4305: “参数”: 从“double”到“GLfloat”截断
D:\it program\graphic\ASS2\ass2.cpp(959,20): warning C4305: “参数”: 从“double”到“GLfloat”截断
D:\it program\graphic\ASS2\ass2.cpp(959,14): warning C4305: “参数”: 从“double”到“GLfloat”截断
D:\it program\graphic\ASS2\ass2.cpp(965,30): warning C4305: “参数”: 从“double”到“GLfloat”截断
D:\it program\graphic\ASS2\ass2.cpp(965,24): warning C4305: “参数”: 从“double”到“GLfloat”截断
D:\it program\graphic\ASS2\ass2.cpp(965,18): warning C4305: “参数”: 从“double”到“GLfloat”截断
D:\it program\graphic\ASS2\ass2.cpp(966,25): warning C4305: “参数”: 从“double”到“GLfloat”截断
D:\it program\graphic\ASS2\ass2.cpp(966,20): warning C4305: “参数”: 从“double”到“GLfloat”截断
D:\it program\graphic\ASS2\ass2.cpp(966,14): warning C4305: “参数”: 从“double”到“GLfloat”截断
D:\it program\graphic\ASS2\ass2.cpp(971,38): warning C4305: “参数”: 从“double”到“GLfloat”截断
D:\it program\graphic\ASS2\ass2.cpp(971,27): warning C4305: “参数”: 从“double”到“GLfloat”截断
D:\it program\graphic\ASS2\ass2.cpp(971,22): warning C4305: “参数”: 从“double”到“GLfloat”截断
D:\it program\graphic\ASS2\ass2.cpp(971,17): warning C4305: “参数”: 从“double”到“GLfloat”截断
D:\it program\graphic\ASS2\ass2.cpp(973,29): warning C4305: “参数”: 从“double”到“GLfloat”截断
D:\it program\graphic\ASS2\ass2.cpp(973,18): warning C4305: “参数”: 从“double”到“GLfloat”截断
D:\it program\graphic\ASS2\ass2.cpp(974,26): warning C4305: “参数”: 从“double”到“GLfloat”截断
D:\it program\graphic\ASS2\ass2.cpp(974,20): warning C4305: “参数”: 从“double”到“GLfloat”截断
D:\it program\graphic\ASS2\ass2.cpp(974,14): warning C4305: “参数”: 从“double”到“GLfloat”截断
D:\it program\graphic\ASS2\ass2.cpp(980,28): warning C4305: “参数”: 从“double”到“GLfloat”截断
D:\it program\graphic\ASS2\ass2.cpp(980,18): warning C4305: “参数”: 从“double”到“GLfloat”截断
D:\it program\graphic\ASS2\ass2.cpp(981,26): warning C4305: “参数”: 从“double”到“GLfloat”截断
D:\it program\graphic\ASS2\ass2.cpp(981,20): warning C4305: “参数”: 从“double”到“GLfloat”截断
D:\it program\graphic\ASS2\ass2.cpp(981,14): warning C4305: “参数”: 从“double”到“GLfloat”截断
D:\it program\graphic\ASS2\ass2.cpp(986,27): warning C4305: “参数”: 从“double”到“GLfloat”截断
D:\it program\graphic\ASS2\ass2.cpp(986,22): warning C4305: “参数”: 从“double”到“GLfloat”截断
D:\it program\graphic\ASS2\ass2.cpp(986,17): warning C4305: “参数”: 从“double”到“GLfloat”截断
D:\it program\graphic\ASS2\ass2.cpp(989,31): warning C4305: “参数”: 从“double”到“GLfloat”截断
D:\it program\graphic\ASS2\ass2.cpp(989,24): warning C4305: “参数”: 从“double”到“GLfloat”截断
D:\it program\graphic\ASS2\ass2.cpp(989,18): warning C4305: “参数”: 从“double”到“GLfloat”截断
D:\it program\graphic\ASS2\ass2.cpp(990,24): warning C4305: “参数”: 从“double”到“GLfloat”截断
D:\it program\graphic\ASS2\ass2.cpp(990,19): warning C4305: “参数”: 从“double”到“GLfloat”截断
D:\it program\graphic\ASS2\ass2.cpp(990,14): warning C4305: “参数”: 从“double”到“GLfloat”截断
D:\it program\graphic\ASS2\ass2.cpp(995,30): warning C4305: “参数”: 从“double”到“GLfloat”截断
D:\it program\graphic\ASS2\ass2.cpp(995,23): warning C4305: “参数”: 从“double”到“GLfloat”截断
D:\it program\graphic\ASS2\ass2.cpp(995,18): warning C4305: “参数”: 从“double”到“GLfloat”截断
D:\it program\graphic\ASS2\ass2.cpp(996,24): warning C4305: “参数”: 从“double”到“GLfloat”截断
D:\it program\graphic\ASS2\ass2.cpp(996,19): warning C4305: “参数”: 从“double”到“GLfloat”截断
D:\it program\graphic\ASS2\ass2.cpp(996,14): warning C4305: “参数”: 从“double”到“GLfloat”截断
D:\it program\graphic\ASS2\ass2.cpp(1001,31): warning C4305: “参数”: 从“double”到“GLfloat”截断
D:\it program\graphic\ASS2\ass2.cpp(1001,24): warning C4305: “参数”: 从“double”到“GLfloat”截断
D:\it program\graphic\ASS2\ass2.cpp(1001,18): warning C4305: “参数”: 从“double”到“GLfloat”截断
D:\it program\graphic\ASS2\ass2.cpp(1002,24): warning C4305: “参数”: 从“double”到“GLfloat”截断
D:\it program\graphic\ASS2\ass2.cpp(1002,19): warning C4305: “参数”: 从“double”到“GLfloat”截断
D:\it program\graphic\ASS2\ass2.cpp(1002,14): warning C4305: “参数”: 从“double”到“GLfloat”截断
D:\it program\graphic\ASS2\ass2.cpp(1007,30): warning C4305: “参数”: 从“double”到“GLfloat”截断
D:\it program\graphic\ASS2\ass2.cpp(1007,23): warning C4305: “参数”: 从“double”到“GLfloat”截断
D:\it program\graphic\ASS2\ass2.cpp(1007,18): warning C4305: “参数”: 从“double”到“GLfloat”截断
D:\it program\graphic\ASS2\ass2.cpp(1008,24): warning C4305: “参数”: 从“double”到“GLfloat”截断
D:\it program\graphic\ASS2\ass2.cpp(1008,19): warning C4305: “参数”: 从“double”到“GLfloat”截断
D:\it program\graphic\ASS2\ass2.cpp(1008,14): warning C4305: “参数”: 从“double”到“GLfloat”截断
D:\it program\graphic\ASS2\ass2.cpp(1017,21): warning C4305: “初始化”: 从“double”到“float”截断
D:\it program\graphic\ASS2\ass2.cpp(1022,18): warning C4305: “参数”: 从“double”到“GLfloat”截断
D:\it program\graphic\ASS2\ass2.cpp(1026,41): warning C4305: “参数”: 从“double”到“GLfloat”截断
D:\it program\graphic\ASS2\ass2.cpp(1026,29): warning C4305: “参数”: 从“double”到“GLfloat”截断
D:\it program\graphic\ASS2\ass2.cpp(1026,17): warning C4305: “参数”: 从“double”到“GLfloat”截断
D:\it program\graphic\ASS2\ass2.cpp(1028,24): warning C4305: “参数”: 从“double”到“GLfloat”截断
D:\it program\graphic\ASS2\ass2.cpp(1028,14): warning C4305: “参数”: 从“double”到“GLfloat”截断
D:\it program\graphic\ASS2\ass2.cpp(1033,41): warning C4305: “参数”: 从“double”到“GLfloat”截断
D:\it program\graphic\ASS2\ass2.cpp(1033,29): warning C4305: “参数”: 从“double”到“GLfloat”截断
D:\it program\graphic\ASS2\ass2.cpp(1033,23): warning C4305: “参数”: 从“double”到“GLfloat”截断
D:\it program\graphic\ASS2\ass2.cpp(1033,17): warning C4305: “参数”: 从“double”到“GLfloat”截断
D:\it program\graphic\ASS2\ass2.cpp(1035,23): warning C4305: “参数”: 从“double”到“GLfloat”截断
D:\it program\graphic\ASS2\ass2.cpp(1041,38): warning C4305: “参数”: 从“double”到“GLfloat”截断
D:\it program\graphic\ASS2\ass2.cpp(1041,27): warning C4305: “参数”: 从“double”到“GLfloat”截断
D:\it program\graphic\ASS2\ass2.cpp(1041,22): warning C4305: “参数”: 从“double”到“GLfloat”截断
D:\it program\graphic\ASS2\ass2.cpp(1041,17): warning C4305: “参数”: 从“double”到“GLfloat”截断
D:\it program\graphic\ASS2\ass2.cpp(1043,28): warning C4305: “参数”: 从“double”到“GLfloat”截断
D:\it program\graphic\ASS2\ass2.cpp(1043,23): warning C4305: “参数”: 从“double”到“GLfloat”截断
D:\it program\graphic\ASS2\ass2.cpp(1049,39): warning C4305: “参数”: 从“double”到“GLfloat”截断
D:\it program\graphic\ASS2\ass2.cpp(1049,22): warning C4305: “参数”: 从“double”到“GLfloat”截断
D:\it program\graphic\ASS2\ass2.cpp(1049,17): warning C4305: “参数”: 从“double”到“GLfloat”截断
D:\it program\graphic\ASS2\ass2.cpp(1051,28): warning C4305: “参数”: 从“double”到“GLfloat”截断
D:\it program\graphic\ASS2\ass2.cpp(1052,24): warning C4305: “参数”: 从“double”到“GLfloat”截断
D:\it program\graphic\ASS2\ass2.cpp(1052,19): warning C4305: “参数”: 从“double”到“GLfloat”截断
D:\it program\graphic\ASS2\ass2.cpp(1052,14): warning C4305: “参数”: 从“double”到“GLfloat”截断
D:\it program\graphic\ASS2\ass2.cpp(1057,40): warning C4305: “参数”: 从“double”到“GLfloat”截断
D:\it program\graphic\ASS2\ass2.cpp(1057,29): warning C4305: “参数”: 从“double”到“GLfloat”截断
D:\it program\graphic\ASS2\ass2.cpp(1057,23): warning C4305: “参数”: 从“double”到“GLfloat”截断
D:\it program\graphic\ASS2\ass2.cpp(1057,17): warning C4305: “参数”: 从“double”到“GLfloat”截断
D:\it program\graphic\ASS2\ass2.cpp(1064,40): warning C4305: “参数”: 从“double”到“GLfloat”截断
D:\it program\graphic\ASS2\ass2.cpp(1064,29): warning C4305: “参数”: 从“double”到“GLfloat”截断
D:\it program\graphic\ASS2\ass2.cpp(1064,23): warning C4305: “参数”: 从“double”到“GLfloat”截断
D:\it program\graphic\ASS2\ass2.cpp(1064,17): warning C4305: “参数”: 从“double”到“GLfloat”截断
D:\it program\graphic\ASS2\ass2.cpp(1066,29): warning C4305: “参数”: 从“double”到“GLfloat”截断
D:\it program\graphic\ASS2\ass2.cpp(1069,25): warning C4305: “参数”: 从“double”到“GLfloat”截断
D:\it program\graphic\ASS2\ass2.cpp(1069,14): warning C4305: “参数”: 从“double”到“GLfloat”截断
D:\it program\graphic\ASS2\ass2.cpp(1074,29): warning C4305: “参数”: 从“double”到“GLfloat”截断
D:\it program\graphic\ASS2\ass2.cpp(1074,23): warning C4305: “参数”: 从“double”到“GLfloat”截断
D:\it program\graphic\ASS2\ass2.cpp(1074,17): warning C4305: “参数”: 从“double”到“GLfloat”截断
D:\it program\graphic\ASS2\ass2.cpp(1076,29): warning C4305: “参数”: 从“double”到“GLfloat”截断
D:\it program\graphic\ASS2\ass2.cpp(1083,41): warning C4305: “参数”: 从“double”到“GLfloat”截断
D:\it program\graphic\ASS2\ass2.cpp(1083,29): warning C4305: “参数”: 从“double”到“GLfloat”截断
D:\it program\graphic\ASS2\ass2.cpp(1083,23): warning C4305: “参数”: 从“double”到“GLfloat”截断
D:\it program\graphic\ASS2\ass2.cpp(1083,17): warning C4305: “参数”: 从“double”到“GLfloat”截断
D:\it program\graphic\ASS2\ass2.cpp(1085,23): warning C4305: “参数”: 从“double”到“GLfloat”截断
D:\it program\graphic\ASS2\ass2.cpp(1086,19): warning C4305: “参数”: 从“double”到“GLfloat”截断
D:\it program\graphic\ASS2\ass2.cpp(1086,14): warning C4305: “参数”: 从“double”到“GLfloat”截断
D:\it program\graphic\ASS2\ass2.cpp(1116,38): warning C4305: “参数”: 从“double”到“GLfloat”截断
D:\it program\graphic\ASS2\ass2.cpp(1116,27): warning C4305: “参数”: 从“double”到“GLfloat”截断
D:\it program\graphic\ASS2\ass2.cpp(1116,22): warning C4305: “参数”: 从“double”到“GLfloat”截断
D:\it program\graphic\ASS2\ass2.cpp(1116,17): warning C4305: “参数”: 从“double”到“GLfloat”截断
D:\it program\graphic\ASS2\ass2.cpp(1118,18): warning C4305: “参数”: 从“double”到“float”截断
D:\it program\graphic\ASS2\ass2.cpp(1124,42): warning C4305: “参数”: 从“double”到“GLfloat”截断
D:\it program\graphic\ASS2\ass2.cpp(1124,31): warning C4305: “参数”: 从“double”到“GLfloat”截断
D:\it program\graphic\ASS2\ass2.cpp(1128,42): warning C4305: “参数”: 从“double”到“GLfloat”截断
D:\it program\graphic\ASS2\ass2.cpp(1128,31): warning C4305: “参数”: 从“double”到“GLfloat”截断
D:\it program\graphic\ASS2\ass2.cpp(1128,26): warning C4305: “参数”: 从“double”到“GLfloat”截断
D:\it program\graphic\ASS2\ass2.cpp(1128,21): warning C4305: “参数”: 从“double”到“GLfloat”截断
D:\it program\graphic\ASS2\ass2.cpp(1132,23): warning C4305: “参数”: 从“double”到“GLfloat”截断
D:\it program\graphic\ASS2\ass2.cpp(1139,37): warning C4305: “初始化”: 从“double”到“GLfloat”截断
D:\it program\graphic\ASS2\ass2.cpp(1140,39): warning C4305: “初始化”: 从“double”到“GLfloat”截断
D:\it program\graphic\ASS2\ass2.cpp(1143,36): warning C4305: “初始化”: 从“double”到“GLfloat”截断
D:\it program\graphic\ASS2\ass2.cpp(1143,41): warning C4305: “初始化”: 从“double”到“GLfloat”截断
D:\it program\graphic\ASS2\ass2.cpp(1143,46): warning C4305: “初始化”: 从“double”到“GLfloat”截断
D:\it program\graphic\ASS2\ass2.cpp(1152,52): warning C4305: “参数”: 从“double”到“GLfloat”截断
D:\it program\graphic\ASS2\ass2.cpp(1157,34): warning C4305: “初始化”: 从“double”到“GLfloat”截断
D:\it program\graphic\ASS2\ass2.cpp(1157,39): warning C4305: “初始化”: 从“double”到“GLfloat”截断
D:\it program\graphic\ASS2\ass2.cpp(1157,44): warning C4305: “初始化”: 从“double”到“GLfloat”截断
D:\it program\graphic\ASS2\ass2.cpp(1213,26): warning C4244: “初始化”: 从“double”转换到“float”，可能丢失数据
D:\it program\graphic\ASS2\ass2.cpp(1219,45): warning C4244: “参数”: 从“int”转换到“float”，可能丢失数据
D:\it program\graphic\ASS2\ass2.cpp(1218,59): warning C4244: “参数”: 从“int”转换到“float”，可能丢失数据
D:\it program\graphic\ASS2\ass2.cpp(1339,28): warning C4305: “参数”: 从“double”到“GLfloat”截断
D:\it program\graphic\ASS2\ass2.cpp(1340,19): warning C4305: “参数”: 从“double”到“GLfloat”截断
D:\it program\graphic\ASS2\ass2.cpp(1340,14): warning C4305: “参数”: 从“double”到“GLfloat”截断
D:\it program\graphic\ASS2\ass2.cpp(1347,18): warning C4305: “参数”: 从“double”到“GLfloat”截断
D:\it program\graphic\ASS2\ass2.cpp(1349,19): warning C4305: “参数”: 从“double”到“GLfloat”截断
D:\it program\graphic\ASS2\ass2.cpp(1349,14): warning C4305: “参数”: 从“double”到“GLfloat”截断
D:\it program\graphic\ASS2\ass2.cpp(1356,18): warning C4305: “参数”: 从“double”到“GLfloat”截断
D:\it program\graphic\ASS2\ass2.cpp(1358,19): warning C4305: “参数”: 从“double”到“GLfloat”截断
D:\it program\graphic\ASS2\ass2.cpp(1358,14): warning C4305: “参数”: 从“double”到“GLfloat”截断
D:\it program\graphic\ASS2\ass2.cpp(1365,28): warning C4305: “参数”: 从“double”到“GLfloat”截断
D:\it program\graphic\ASS2\ass2.cpp(1367,19): warning C4305: “参数”: 从“double”到“GLfloat”截断
D:\it program\graphic\ASS2\ass2.cpp(1367,14): warning C4305: “参数”: 从“double”到“GLfloat”截断
D:\it program\graphic\ASS2\ass2.cpp(1443,18): warning C4244: “初始化”: 从“int”转换到“float”，可能丢失数据
D:\it program\graphic\ASS2\ass2.cpp(1444,18): warning C4244: “初始化”: 从“int”转换到“float”，可能丢失数据
D:\it program\graphic\ASS2\ass2.cpp(1457,17): warning C4244: “初始化”: 从“double”转换到“float”，可能丢失数据
D:\it program\graphic\ASS2\ass2.cpp(1458,17): warning C4244: “初始化”: 从“double”转换到“float”，可能丢失数据
D:\it program\graphic\ASS2\ass2.cpp(1465,26): warning C4244: “初始化”: 从“double”转换到“float”，可能丢失数据
  ASS2.vcxproj -> D:\it program\graphic\ASS2\x64\Debug\ASS2.exe
