  3D.cpp
D:\it program\graphic\Project1\3D.cpp(213,21): warning C4305: “初始化”: 从“double”到“float”截断
D:\it program\graphic\Project1\3D.cpp(214,21): warning C4305: “初始化”: 从“double”到“float”截断
D:\it program\graphic\Project1\3D.cpp(254,69): warning C4244: “+=”: 从“double”转换到“int”，可能丢失数据
D:\it program\graphic\Project1\3D.cpp(261,18): warning C4305: “参数”: 从“double”到“GLfloat”截断
D:\it program\graphic\Project1\3D.cpp(261,13): warning C4305: “参数”: 从“double”到“GLfloat”截断
D:\it program\graphic\Project1\3D.cpp(269,18): warning C4305: “参数”: 从“double”到“GLfloat”截断
D:\it program\graphic\Project1\3D.cpp(269,13): warning C4305: “参数”: 从“double”到“GLfloat”截断
D:\it program\graphic\Project1\3D.cpp(305,22): warning C4305: “参数”: 从“double”到“GLfloat”截断
D:\it program\graphic\Project1\3D.cpp(305,17): warning C4305: “参数”: 从“double”到“GLfloat”截断
D:\it program\graphic\Project1\3D.cpp(313,17): warning C4305: “参数”: 从“double”到“GLfloat”截断
D:\it program\graphic\Project1\3D.cpp(313,12): warning C4305: “参数”: 从“double”到“GLfloat”截断
D:\it program\graphic\Project1\3D.cpp(324,22): warning C4305: “参数”: 从“double”到“GLfloat”截断
D:\it program\graphic\Project1\3D.cpp(324,17): warning C4305: “参数”: 从“double”到“GLfloat”截断
D:\it program\graphic\Project1\3D.cpp(324,12): warning C4305: “参数”: 从“double”到“GLfloat”截断
D:\it program\graphic\Project1\3D.cpp(334,22): warning C4305: “参数”: 从“double”到“GLfloat”截断
D:\it program\graphic\Project1\3D.cpp(334,17): warning C4305: “参数”: 从“double”到“GLfloat”截断
D:\it program\graphic\Project1\3D.cpp(334,12): warning C4305: “参数”: 从“double”到“GLfloat”截断
D:\it program\graphic\Project1\3D.cpp(343,20): warning C4244: “初始化”: 从“int”转换到“float”，可能丢失数据
D:\it program\graphic\Project1\3D.cpp(360,22): warning C4305: “参数”: 从“double”到“GLfloat”截断
D:\it program\graphic\Project1\3D.cpp(360,12): warning C4305: “参数”: 从“double”到“GLfloat”截断
D:\it program\graphic\Project1\3D.cpp(377,25): warning C4305: “参数”: 从“double”到“GLclampf”截断
D:\it program\graphic\Project1\3D.cpp(377,20): warning C4305: “参数”: 从“double”到“GLclampf”截断
D:\it program\graphic\Project1\3D.cpp(377,15): warning C4305: “参数”: 从“double”到“GLclampf”截断
D:\it program\graphic\Project1\3D.cpp(400,15): warning C4305: “-=”: 从“double”到“float”截断
D:\it program\graphic\Project1\3D.cpp(403,15): warning C4305: “+=”: 从“double”到“float”截断
  Project1.vcxproj -> D:\it program\graphic\Project1\x64\Debug\Project1.exe
