  ASS1.cpp
D:\it program\graphic\rstopengl\rstopengl\ASS1.cpp(40,18): warning C4305: “初始化”: 从“double”到“float”截断
D:\it program\graphic\rstopengl\rstopengl\ASS1.cpp(43,11): warning C4244: “初始化”: 从“double”转换到“float”，可能丢失数据
D:\it program\graphic\rstopengl\rstopengl\ASS1.cpp(57,15): warning C4244: “初始化”: 从“double”转换到“float”，可能丢失数据
D:\it program\graphic\rstopengl\rstopengl\ASS1.cpp(66,40): warning C4305: “参数”: 从“double”到“GLfloat”截断
D:\it program\graphic\rstopengl\rstopengl\ASS1.cpp(66,27): warning C4305: “参数”: 从“double”到“GLfloat”截断
D:\it program\graphic\rstopengl\rstopengl\ASS1.cpp(66,15): warning C4305: “参数”: 从“double”到“GLfloat”截断
D:\it program\graphic\rstopengl\rstopengl\ASS1.cpp(68,15): warning C4244: “初始化”: 从“double”转换到“float”，可能丢失数据
D:\it program\graphic\rstopengl\rstopengl\ASS1.cpp(69,11): warning C4244: “初始化”: 从“double”转换到“float”，可能丢失数据
D:\it program\graphic\rstopengl\rstopengl\ASS1.cpp(80,12): warning C4244: “参数”: 从“time_t”转换到“unsigned int”，可能丢失数据
D:\it program\graphic\rstopengl\rstopengl\ASS1.cpp(83,18): warning C4244: “=”: 从“double”转换到“float”，可能丢失数据
D:\it program\graphic\rstopengl\rstopengl\ASS1.cpp(90,21): warning C4305: “参数”: 从“double”到“GLfloat”截断
D:\it program\graphic\rstopengl\rstopengl\ASS1.cpp(93,37): warning C4244: “参数”: 从“double”转换到“GLfloat”，可能丢失数据
D:\it program\graphic\rstopengl\rstopengl\ASS1.cpp(93,21): warning C4244: “参数”: 从“double”转换到“GLfloat”，可能丢失数据
D:\it program\graphic\rstopengl\rstopengl\ASS1.cpp(110,22): warning C4305: “参数”: 从“double”到“GLfloat”截断
D:\it program\graphic\rstopengl\rstopengl\ASS1.cpp(110,17): warning C4305: “参数”: 从“double”到“GLfloat”截断
D:\it program\graphic\rstopengl\rstopengl\ASS1.cpp(110,12): warning C4305: “参数”: 从“double”到“GLfloat”截断
D:\it program\graphic\rstopengl\rstopengl\ASS1.cpp(114,15): warning C4244: “初始化”: 从“double”转换到“float”，可能丢失数据
D:\it program\graphic\rstopengl\rstopengl\ASS1.cpp(115,11): warning C4244: “初始化”: 从“double”转换到“float”，可能丢失数据
D:\it program\graphic\rstopengl\rstopengl\ASS1.cpp(116,11): warning C4244: “初始化”: 从“double”转换到“float”，可能丢失数据
D:\it program\graphic\rstopengl\rstopengl\ASS1.cpp(123,15): warning C4244: “初始化”: 从“double”转换到“float”，可能丢失数据
D:\it program\graphic\rstopengl\rstopengl\ASS1.cpp(124,11): warning C4244: “初始化”: 从“double”转换到“float”，可能丢失数据
D:\it program\graphic\rstopengl\rstopengl\ASS1.cpp(125,11): warning C4244: “初始化”: 从“double”转换到“float”，可能丢失数据
D:\it program\graphic\rstopengl\rstopengl\ASS1.cpp(132,15): warning C4244: “初始化”: 从“double”转换到“float”，可能丢失数据
D:\it program\graphic\rstopengl\rstopengl\ASS1.cpp(133,11): warning C4244: “初始化”: 从“double”转换到“float”，可能丢失数据
D:\it program\graphic\rstopengl\rstopengl\ASS1.cpp(134,11): warning C4244: “初始化”: 从“double”转换到“float”，可能丢失数据
D:\it program\graphic\rstopengl\rstopengl\ASS1.cpp(144,19): warning C4305: “初始化”: 从“double”到“float”截断
D:\it program\graphic\rstopengl\rstopengl\ASS1.cpp(180,15): warning C4244: “初始化”: 从“double”转换到“float”，可能丢失数据
D:\it program\graphic\rstopengl\rstopengl\ASS1.cpp(181,11): warning C4244: “初始化”: 从“double”转换到“float”，可能丢失数据
D:\it program\graphic\rstopengl\rstopengl\ASS1.cpp(182,11): warning C4244: “初始化”: 从“double”转换到“float”，可能丢失数据
D:\it program\graphic\rstopengl\rstopengl\ASS1.cpp(189,15): warning C4244: “初始化”: 从“double”转换到“float”，可能丢失数据
D:\it program\graphic\rstopengl\rstopengl\ASS1.cpp(190,11): warning C4244: “初始化”: 从“double”转换到“float”，可能丢失数据
D:\it program\graphic\rstopengl\rstopengl\ASS1.cpp(191,11): warning C4244: “初始化”: 从“double”转换到“float”，可能丢失数据
D:\it program\graphic\rstopengl\rstopengl\ASS1.cpp(199,15): warning C4244: “初始化”: 从“double”转换到“float”，可能丢失数据
D:\it program\graphic\rstopengl\rstopengl\ASS1.cpp(200,11): warning C4244: “初始化”: 从“double”转换到“float”，可能丢失数据
D:\it program\graphic\rstopengl\rstopengl\ASS1.cpp(201,11): warning C4244: “初始化”: 从“double”转换到“float”，可能丢失数据
D:\it program\graphic\rstopengl\rstopengl\ASS1.cpp(210,22): warning C4305: “参数”: 从“double”到“GLfloat”截断
D:\it program\graphic\rstopengl\rstopengl\ASS1.cpp(210,17): warning C4305: “参数”: 从“double”到“GLfloat”截断
D:\it program\graphic\rstopengl\rstopengl\ASS1.cpp(211,15): warning C4305: “初始化”: 从“double”到“float”截断
D:\it program\graphic\rstopengl\rstopengl\ASS1.cpp(214,15): warning C4244: “初始化”: 从“double”转换到“float”，可能丢失数据
D:\it program\graphic\rstopengl\rstopengl\ASS1.cpp(224,37): warning C4244: “参数”: 从“double”转换到“GLfloat”，可能丢失数据
D:\it program\graphic\rstopengl\rstopengl\ASS1.cpp(224,21): warning C4244: “参数”: 从“double”转换到“GLfloat”，可能丢失数据
D:\it program\graphic\rstopengl\rstopengl\ASS1.cpp(225,37): warning C4244: “参数”: 从“double”转换到“GLfloat”，可能丢失数据
D:\it program\graphic\rstopengl\rstopengl\ASS1.cpp(225,21): warning C4244: “参数”: 从“double”转换到“GLfloat”，可能丢失数据
D:\it program\graphic\rstopengl\rstopengl\ASS1.cpp(226,37): warning C4244: “参数”: 从“double”转换到“GLfloat”，可能丢失数据
D:\it program\graphic\rstopengl\rstopengl\ASS1.cpp(226,21): warning C4244: “参数”: 从“double”转换到“GLfloat”，可能丢失数据
D:\it program\graphic\rstopengl\rstopengl\ASS1.cpp(227,37): warning C4244: “参数”: 从“double”转换到“GLfloat”，可能丢失数据
D:\it program\graphic\rstopengl\rstopengl\ASS1.cpp(227,21): warning C4244: “参数”: 从“double”转换到“GLfloat”，可能丢失数据
D:\it program\graphic\rstopengl\rstopengl\ASS1.cpp(233,37): warning C4244: “参数”: 从“double”转换到“GLfloat”，可能丢失数据
D:\it program\graphic\rstopengl\rstopengl\ASS1.cpp(233,21): warning C4244: “参数”: 从“double”转换到“GLfloat”，可能丢失数据
D:\it program\graphic\rstopengl\rstopengl\ASS1.cpp(234,37): warning C4244: “参数”: 从“double”转换到“GLfloat”，可能丢失数据
D:\it program\graphic\rstopengl\rstopengl\ASS1.cpp(234,21): warning C4244: “参数”: 从“double”转换到“GLfloat”，可能丢失数据
D:\it program\graphic\rstopengl\rstopengl\ASS1.cpp(236,37): warning C4244: “参数”: 从“double”转换到“GLfloat”，可能丢失数据
D:\it program\graphic\rstopengl\rstopengl\ASS1.cpp(236,21): warning C4244: “参数”: 从“double”转换到“GLfloat”，可能丢失数据
D:\it program\graphic\rstopengl\rstopengl\ASS1.cpp(237,37): warning C4244: “参数”: 从“double”转换到“GLfloat”，可能丢失数据
D:\it program\graphic\rstopengl\rstopengl\ASS1.cpp(237,21): warning C4244: “参数”: 从“double”转换到“GLfloat”，可能丢失数据
D:\it program\graphic\rstopengl\rstopengl\ASS1.cpp(243,37): warning C4244: “参数”: 从“double”转换到“GLfloat”，可能丢失数据
D:\it program\graphic\rstopengl\rstopengl\ASS1.cpp(243,21): warning C4244: “参数”: 从“double”转换到“GLfloat”，可能丢失数据
D:\it program\graphic\rstopengl\rstopengl\ASS1.cpp(244,37): warning C4244: “参数”: 从“double”转换到“GLfloat”，可能丢失数据
D:\it program\graphic\rstopengl\rstopengl\ASS1.cpp(244,21): warning C4244: “参数”: 从“double”转换到“GLfloat”，可能丢失数据
D:\it program\graphic\rstopengl\rstopengl\ASS1.cpp(246,37): warning C4244: “参数”: 从“double”转换到“GLfloat”，可能丢失数据
D:\it program\graphic\rstopengl\rstopengl\ASS1.cpp(246,21): warning C4244: “参数”: 从“double”转换到“GLfloat”，可能丢失数据
D:\it program\graphic\rstopengl\rstopengl\ASS1.cpp(247,37): warning C4244: “参数”: 从“double”转换到“GLfloat”，可能丢失数据
D:\it program\graphic\rstopengl\rstopengl\ASS1.cpp(247,21): warning C4244: “参数”: 从“double”转换到“GLfloat”，可能丢失数据
D:\it program\graphic\rstopengl\rstopengl\ASS1.cpp(250,28): warning C4244: “参数”: 从“double”转换到“float”，可能丢失数据
D:\it program\graphic\rstopengl\rstopengl\ASS1.cpp(256,29): warning C4305: “参数”: 从“double”到“GLfloat”截断
D:\it program\graphic\rstopengl\rstopengl\ASS1.cpp(259,15): warning C4244: “初始化”: 从“double”转换到“float”，可能丢失数据
D:\it program\graphic\rstopengl\rstopengl\ASS1.cpp(260,11): warning C4244: “初始化”: 从“double”转换到“float”，可能丢失数据
D:\it program\graphic\rstopengl\rstopengl\ASS1.cpp(261,11): warning C4244: “初始化”: 从“double”转换到“float”，可能丢失数据
D:\it program\graphic\rstopengl\rstopengl\ASS1.cpp(267,42): warning C4305: “参数”: 从“double”到“GLfloat”截断
D:\it program\graphic\rstopengl\rstopengl\ASS1.cpp(267,29): warning C4305: “参数”: 从“double”到“GLfloat”截断
D:\it program\graphic\rstopengl\rstopengl\ASS1.cpp(268,21): warning C4305: “初始化”: 从“double”到“float”截断
D:\it program\graphic\rstopengl\rstopengl\ASS1.cpp(269,21): warning C4305: “初始化”: 从“double”到“float”截断
D:\it program\graphic\rstopengl\rstopengl\ASS1.cpp(272,15): warning C4244: “初始化”: 从“double”转换到“float”，可能丢失数据
D:\it program\graphic\rstopengl\rstopengl\ASS1.cpp(276,16): warning C4305: “参数”: 从“double”到“GLfloat”截断
D:\it program\graphic\rstopengl\rstopengl\ASS1.cpp(281,21): warning C4244: “初始化”: 从“double”转换到“float”，可能丢失数据
D:\it program\graphic\rstopengl\rstopengl\ASS1.cpp(294,18): warning C4305: “初始化”: 从“double”到“float”截断
D:\it program\graphic\rstopengl\rstopengl\ASS1.cpp(300,40): warning C4305: “+=”: 从“double”到“float”截断
D:\it program\graphic\rstopengl\rstopengl\ASS1.cpp(301,11): warning C4244: “初始化”: 从“double”转换到“float”，可能丢失数据
D:\it program\graphic\rstopengl\rstopengl\ASS1.cpp(312,20): warning C4244: “=”: 从“double”转换到“float”，可能丢失数据
D:\it program\graphic\rstopengl\rstopengl\ASS1.cpp(320,24): warning C4305: “参数”: 从“double”到“GLfloat”截断
D:\it program\graphic\rstopengl\rstopengl\ASS1.cpp(320,18): warning C4305: “参数”: 从“double”到“GLfloat”截断
D:\it program\graphic\rstopengl\rstopengl\ASS1.cpp(320,12): warning C4305: “参数”: 从“double”到“GLfloat”截断
D:\it program\graphic\rstopengl\rstopengl\ASS1.cpp(329,17): warning C4305: “参数”: 从“double”到“GLfloat”截断
D:\it program\graphic\rstopengl\rstopengl\ASS1.cpp(332,15): warning C4244: “初始化”: 从“double”转换到“float”，可能丢失数据
D:\it program\graphic\rstopengl\rstopengl\ASS1.cpp(341,15): warning C4244: “初始化”: 从“double”转换到“float”，可能丢失数据
D:\it program\graphic\rstopengl\rstopengl\ASS1.cpp(342,11): warning C4244: “初始化”: 从“double”转换到“float”，可能丢失数据
D:\it program\graphic\rstopengl\rstopengl\ASS1.cpp(343,11): warning C4244: “初始化”: 从“double”转换到“float”，可能丢失数据
D:\it program\graphic\rstopengl\rstopengl\ASS1.cpp(350,15): warning C4244: “初始化”: 从“double”转换到“float”，可能丢失数据
D:\it program\graphic\rstopengl\rstopengl\ASS1.cpp(351,11): warning C4244: “初始化”: 从“double”转换到“float”，可能丢失数据
D:\it program\graphic\rstopengl\rstopengl\ASS1.cpp(352,11): warning C4244: “初始化”: 从“double”转换到“float”，可能丢失数据
D:\it program\graphic\rstopengl\rstopengl\ASS1.cpp(362,22): warning C4305: “参数”: 从“double”到“GLfloat”截断
D:\it program\graphic\rstopengl\rstopengl\ASS1.cpp(362,17): warning C4305: “参数”: 从“double”到“GLfloat”截断
D:\it program\graphic\rstopengl\rstopengl\ASS1.cpp(362,12): warning C4305: “参数”: 从“double”到“GLfloat”截断
D:\it program\graphic\rstopengl\rstopengl\ASS1.cpp(371,12): warning C4305: “参数”: 从“double”到“GLfloat”截断
D:\it program\graphic\rstopengl\rstopengl\ASS1.cpp(391,15): warning C4244: “初始化”: 从“double”转换到“float”，可能丢失数据
D:\it program\graphic\rstopengl\rstopengl\ASS1.cpp(392,11): warning C4244: “初始化”: 从“double”转换到“float”，可能丢失数据
D:\it program\graphic\rstopengl\rstopengl\ASS1.cpp(393,11): warning C4244: “初始化”: 从“double”转换到“float”，可能丢失数据
D:\it program\graphic\rstopengl\rstopengl\ASS1.cpp(400,15): warning C4244: “初始化”: 从“double”转换到“float”，可能丢失数据
D:\it program\graphic\rstopengl\rstopengl\ASS1.cpp(401,11): warning C4244: “初始化”: 从“double”转换到“float”，可能丢失数据
D:\it program\graphic\rstopengl\rstopengl\ASS1.cpp(402,11): warning C4244: “初始化”: 从“double”转换到“float”，可能丢失数据
D:\it program\graphic\rstopengl\rstopengl\ASS1.cpp(443,22): warning C4305: “参数”: 从“double”到“GLfloat”截断
D:\it program\graphic\rstopengl\rstopengl\ASS1.cpp(443,12): warning C4305: “参数”: 从“double”到“GLfloat”截断
D:\it program\graphic\rstopengl\rstopengl\ASS1.cpp(446,15): warning C4244: “初始化”: 从“double”转换到“float”，可能丢失数据
D:\it program\graphic\rstopengl\rstopengl\ASS1.cpp(447,11): warning C4244: “初始化”: 从“double”转换到“float”，可能丢失数据
D:\it program\graphic\rstopengl\rstopengl\ASS1.cpp(448,11): warning C4244: “初始化”: 从“double”转换到“float”，可能丢失数据
D:\it program\graphic\rstopengl\rstopengl\ASS1.cpp(456,19): warning C4305: “参数”: 从“double”到“GLfloat”截断
D:\it program\graphic\rstopengl\rstopengl\ASS1.cpp(456,13): warning C4305: “参数”: 从“double”到“GLfloat”截断
D:\it program\graphic\rstopengl\rstopengl\ASS1.cpp(457,19): warning C4305: “参数”: 从“double”到“GLfloat”截断
D:\it program\graphic\rstopengl\rstopengl\ASS1.cpp(458,19): warning C4305: “参数”: 从“double”到“GLfloat”截断
D:\it program\graphic\rstopengl\rstopengl\ASS1.cpp(459,19): warning C4305: “参数”: 从“double”到“GLfloat”截断
D:\it program\graphic\rstopengl\rstopengl\ASS1.cpp(459,13): warning C4305: “参数”: 从“double”到“GLfloat”截断
D:\it program\graphic\rstopengl\rstopengl\ASS1.cpp(463,22): warning C4305: “参数”: 从“double”到“GLfloat”截断
D:\it program\graphic\rstopengl\rstopengl\ASS1.cpp(463,12): warning C4305: “参数”: 从“double”到“GLfloat”截断
D:\it program\graphic\rstopengl\rstopengl\ASS1.cpp(467,20): warning C4305: “参数”: 从“double”到“GLfloat”截断
D:\it program\graphic\rstopengl\rstopengl\ASS1.cpp(467,14): warning C4305: “参数”: 从“double”到“GLfloat”截断
D:\it program\graphic\rstopengl\rstopengl\ASS1.cpp(468,14): warning C4305: “参数”: 从“double”到“GLfloat”截断
D:\it program\graphic\rstopengl\rstopengl\ASS1.cpp(469,20): warning C4305: “参数”: 从“double”到“GLfloat”截断
D:\it program\graphic\rstopengl\rstopengl\ASS1.cpp(470,14): warning C4305: “参数”: 从“double”到“GLfloat”截断
D:\it program\graphic\rstopengl\rstopengl\ASS1.cpp(474,20): warning C4305: “参数”: 从“double”到“GLfloat”截断
D:\it program\graphic\rstopengl\rstopengl\ASS1.cpp(474,14): warning C4305: “参数”: 从“double”到“GLfloat”截断
D:\it program\graphic\rstopengl\rstopengl\ASS1.cpp(475,20): warning C4305: “参数”: 从“double”到“GLfloat”截断
D:\it program\graphic\rstopengl\rstopengl\ASS1.cpp(475,14): warning C4305: “参数”: 从“double”到“GLfloat”截断
D:\it program\graphic\rstopengl\rstopengl\ASS1.cpp(476,20): warning C4305: “参数”: 从“double”到“GLfloat”截断
D:\it program\graphic\rstopengl\rstopengl\ASS1.cpp(477,20): warning C4305: “参数”: 从“double”到“GLfloat”截断
D:\it program\graphic\rstopengl\rstopengl\ASS1.cpp(477,14): warning C4305: “参数”: 从“double”到“GLfloat”截断
D:\it program\graphic\rstopengl\rstopengl\ASS1.cpp(486,20): warning C4305: “参数”: 从“double”到“GLfloat”截断
D:\it program\graphic\rstopengl\rstopengl\ASS1.cpp(486,13): warning C4305: “参数”: 从“double”到“GLfloat”截断
D:\it program\graphic\rstopengl\rstopengl\ASS1.cpp(487,20): warning C4305: “参数”: 从“double”到“GLfloat”截断
D:\it program\graphic\rstopengl\rstopengl\ASS1.cpp(487,13): warning C4305: “参数”: 从“double”到“GLfloat”截断
D:\it program\graphic\rstopengl\rstopengl\ASS1.cpp(491,20): warning C4305: “参数”: 从“double”到“GLfloat”截断
D:\it program\graphic\rstopengl\rstopengl\ASS1.cpp(491,13): warning C4305: “参数”: 从“double”到“GLfloat”截断
D:\it program\graphic\rstopengl\rstopengl\ASS1.cpp(492,20): warning C4305: “参数”: 从“double”到“GLfloat”截断
D:\it program\graphic\rstopengl\rstopengl\ASS1.cpp(492,13): warning C4305: “参数”: 从“double”到“GLfloat”截断
D:\it program\graphic\rstopengl\rstopengl\ASS1.cpp(493,20): warning C4305: “参数”: 从“double”到“GLfloat”截断
D:\it program\graphic\rstopengl\rstopengl\ASS1.cpp(493,13): warning C4305: “参数”: 从“double”到“GLfloat”截断
D:\it program\graphic\rstopengl\rstopengl\ASS1.cpp(494,20): warning C4305: “参数”: 从“double”到“GLfloat”截断
D:\it program\graphic\rstopengl\rstopengl\ASS1.cpp(494,13): warning C4305: “参数”: 从“double”到“GLfloat”截断
D:\it program\graphic\rstopengl\rstopengl\ASS1.cpp(500,20): warning C4305: “参数”: 从“double”到“GLfloat”截断
D:\it program\graphic\rstopengl\rstopengl\ASS1.cpp(500,13): warning C4305: “参数”: 从“double”到“GLfloat”截断
D:\it program\graphic\rstopengl\rstopengl\ASS1.cpp(501,20): warning C4305: “参数”: 从“double”到“GLfloat”截断
D:\it program\graphic\rstopengl\rstopengl\ASS1.cpp(501,13): warning C4305: “参数”: 从“double”到“GLfloat”截断
D:\it program\graphic\rstopengl\rstopengl\ASS1.cpp(502,20): warning C4305: “参数”: 从“double”到“GLfloat”截断
D:\it program\graphic\rstopengl\rstopengl\ASS1.cpp(502,13): warning C4305: “参数”: 从“double”到“GLfloat”截断
D:\it program\graphic\rstopengl\rstopengl\ASS1.cpp(503,20): warning C4305: “参数”: 从“double”到“GLfloat”截断
D:\it program\graphic\rstopengl\rstopengl\ASS1.cpp(503,13): warning C4305: “参数”: 从“double”到“GLfloat”截断
D:\it program\graphic\rstopengl\rstopengl\ASS1.cpp(507,22): warning C4305: “参数”: 从“double”到“GLfloat”截断
D:\it program\graphic\rstopengl\rstopengl\ASS1.cpp(507,17): warning C4305: “参数”: 从“double”到“GLfloat”截断
D:\it program\graphic\rstopengl\rstopengl\ASS1.cpp(507,12): warning C4305: “参数”: 从“double”到“GLfloat”截断
D:\it program\graphic\rstopengl\rstopengl\ASS1.cpp(510,15): warning C4244: “初始化”: 从“double”转换到“float”，可能丢失数据
D:\it program\graphic\rstopengl\rstopengl\ASS1.cpp(511,11): warning C4244: “初始化”: 从“double”转换到“float”，可能丢失数据
D:\it program\graphic\rstopengl\rstopengl\ASS1.cpp(512,11): warning C4244: “初始化”: 从“double”转换到“float”，可能丢失数据
D:\it program\graphic\rstopengl\rstopengl\ASS1.cpp(519,18): warning C4305: “参数”: 从“double”到“GLfloat”截断
D:\it program\graphic\rstopengl\rstopengl\ASS1.cpp(520,18): warning C4305: “参数”: 从“double”到“GLfloat”截断
D:\it program\graphic\rstopengl\rstopengl\ASS1.cpp(520,13): warning C4305: “参数”: 从“double”到“GLfloat”截断
D:\it program\graphic\rstopengl\rstopengl\ASS1.cpp(521,18): warning C4305: “参数”: 从“double”到“GLfloat”截断
D:\it program\graphic\rstopengl\rstopengl\ASS1.cpp(521,13): warning C4305: “参数”: 从“double”到“GLfloat”截断
D:\it program\graphic\rstopengl\rstopengl\ASS1.cpp(522,18): warning C4305: “参数”: 从“double”到“GLfloat”截断
D:\it program\graphic\rstopengl\rstopengl\ASS1.cpp(525,22): warning C4305: “参数”: 从“double”到“GLfloat”截断
D:\it program\graphic\rstopengl\rstopengl\ASS1.cpp(525,17): warning C4305: “参数”: 从“double”到“GLfloat”截断
D:\it program\graphic\rstopengl\rstopengl\ASS1.cpp(525,12): warning C4305: “参数”: 从“double”到“GLfloat”截断
D:\it program\graphic\rstopengl\rstopengl\ASS1.cpp(528,19): warning C4305: “参数”: 从“double”到“GLfloat”截断
D:\it program\graphic\rstopengl\rstopengl\ASS1.cpp(529,19): warning C4305: “参数”: 从“double”到“GLfloat”截断
D:\it program\graphic\rstopengl\rstopengl\ASS1.cpp(529,14): warning C4305: “参数”: 从“double”到“GLfloat”截断
D:\it program\graphic\rstopengl\rstopengl\ASS1.cpp(530,19): warning C4305: “参数”: 从“double”到“GLfloat”截断
D:\it program\graphic\rstopengl\rstopengl\ASS1.cpp(530,14): warning C4305: “参数”: 从“double”到“GLfloat”截断
D:\it program\graphic\rstopengl\rstopengl\ASS1.cpp(531,19): warning C4305: “参数”: 从“double”到“GLfloat”截断
D:\it program\graphic\rstopengl\rstopengl\ASS1.cpp(531,14): warning C4305: “参数”: 从“double”到“GLfloat”截断
D:\it program\graphic\rstopengl\rstopengl\ASS1.cpp(534,19): warning C4305: “参数”: 从“double”到“GLfloat”截断
D:\it program\graphic\rstopengl\rstopengl\ASS1.cpp(535,14): warning C4305: “参数”: 从“double”到“GLfloat”截断
D:\it program\graphic\rstopengl\rstopengl\ASS1.cpp(536,19): warning C4305: “参数”: 从“double”到“GLfloat”截断
D:\it program\graphic\rstopengl\rstopengl\ASS1.cpp(536,14): warning C4305: “参数”: 从“double”到“GLfloat”截断
D:\it program\graphic\rstopengl\rstopengl\ASS1.cpp(537,14): warning C4305: “参数”: 从“double”到“GLfloat”截断
D:\it program\graphic\rstopengl\rstopengl\ASS1.cpp(544,19): warning C4305: “参数”: 从“double”到“GLfloat”截断
D:\it program\graphic\rstopengl\rstopengl\ASS1.cpp(544,13): warning C4305: “参数”: 从“double”到“GLfloat”截断
D:\it program\graphic\rstopengl\rstopengl\ASS1.cpp(545,19): warning C4305: “参数”: 从“double”到“GLfloat”截断
D:\it program\graphic\rstopengl\rstopengl\ASS1.cpp(545,13): warning C4305: “参数”: 从“double”到“GLfloat”截断
D:\it program\graphic\rstopengl\rstopengl\ASS1.cpp(549,19): warning C4305: “参数”: 从“double”到“GLfloat”截断
D:\it program\graphic\rstopengl\rstopengl\ASS1.cpp(549,13): warning C4305: “参数”: 从“double”到“GLfloat”截断
D:\it program\graphic\rstopengl\rstopengl\ASS1.cpp(550,19): warning C4305: “参数”: 从“double”到“GLfloat”截断
D:\it program\graphic\rstopengl\rstopengl\ASS1.cpp(550,13): warning C4305: “参数”: 从“double”到“GLfloat”截断
D:\it program\graphic\rstopengl\rstopengl\ASS1.cpp(551,19): warning C4305: “参数”: 从“double”到“GLfloat”截断
D:\it program\graphic\rstopengl\rstopengl\ASS1.cpp(551,13): warning C4305: “参数”: 从“double”到“GLfloat”截断
D:\it program\graphic\rstopengl\rstopengl\ASS1.cpp(552,19): warning C4305: “参数”: 从“double”到“GLfloat”截断
D:\it program\graphic\rstopengl\rstopengl\ASS1.cpp(552,13): warning C4305: “参数”: 从“double”到“GLfloat”截断
D:\it program\graphic\rstopengl\rstopengl\ASS1.cpp(557,19): warning C4305: “参数”: 从“double”到“GLfloat”截断
D:\it program\graphic\rstopengl\rstopengl\ASS1.cpp(557,13): warning C4305: “参数”: 从“double”到“GLfloat”截断
D:\it program\graphic\rstopengl\rstopengl\ASS1.cpp(558,19): warning C4305: “参数”: 从“double”到“GLfloat”截断
D:\it program\graphic\rstopengl\rstopengl\ASS1.cpp(558,13): warning C4305: “参数”: 从“double”到“GLfloat”截断
D:\it program\graphic\rstopengl\rstopengl\ASS1.cpp(559,19): warning C4305: “参数”: 从“double”到“GLfloat”截断
D:\it program\graphic\rstopengl\rstopengl\ASS1.cpp(559,13): warning C4305: “参数”: 从“double”到“GLfloat”截断
D:\it program\graphic\rstopengl\rstopengl\ASS1.cpp(560,19): warning C4305: “参数”: 从“double”到“GLfloat”截断
D:\it program\graphic\rstopengl\rstopengl\ASS1.cpp(560,13): warning C4305: “参数”: 从“double”到“GLfloat”截断
D:\it program\graphic\rstopengl\rstopengl\ASS1.cpp(566,22): warning C4305: “参数”: 从“double”到“GLfloat”截断
D:\it program\graphic\rstopengl\rstopengl\ASS1.cpp(566,17): warning C4305: “参数”: 从“double”到“GLfloat”截断
D:\it program\graphic\rstopengl\rstopengl\ASS1.cpp(568,20): warning C4305: “参数”: 从“double”到“GLfloat”截断
D:\it program\graphic\rstopengl\rstopengl\ASS1.cpp(568,13): warning C4305: “参数”: 从“double”到“GLfloat”截断
D:\it program\graphic\rstopengl\rstopengl\ASS1.cpp(569,19): warning C4305: “参数”: 从“double”到“GLfloat”截断
D:\it program\graphic\rstopengl\rstopengl\ASS1.cpp(569,13): warning C4305: “参数”: 从“double”到“GLfloat”截断
D:\it program\graphic\rstopengl\rstopengl\ASS1.cpp(570,19): warning C4305: “参数”: 从“double”到“GLfloat”截断
D:\it program\graphic\rstopengl\rstopengl\ASS1.cpp(570,13): warning C4305: “参数”: 从“double”到“GLfloat”截断
D:\it program\graphic\rstopengl\rstopengl\ASS1.cpp(571,20): warning C4305: “参数”: 从“double”到“GLfloat”截断
D:\it program\graphic\rstopengl\rstopengl\ASS1.cpp(571,13): warning C4305: “参数”: 从“double”到“GLfloat”截断
D:\it program\graphic\rstopengl\rstopengl\ASS1.cpp(575,17): warning C4305: “参数”: 从“double”到“GLfloat”截断
D:\it program\graphic\rstopengl\rstopengl\ASS1.cpp(575,12): warning C4305: “参数”: 从“double”到“GLfloat”截断
D:\it program\graphic\rstopengl\rstopengl\ASS1.cpp(577,19): warning C4305: “参数”: 从“double”到“GLfloat”截断
D:\it program\graphic\rstopengl\rstopengl\ASS1.cpp(577,13): warning C4305: “参数”: 从“double”到“GLfloat”截断
D:\it program\graphic\rstopengl\rstopengl\ASS1.cpp(578,18): warning C4305: “参数”: 从“double”到“GLfloat”截断
D:\it program\graphic\rstopengl\rstopengl\ASS1.cpp(578,13): warning C4305: “参数”: 从“double”到“GLfloat”截断
D:\it program\graphic\rstopengl\rstopengl\ASS1.cpp(579,18): warning C4305: “参数”: 从“double”到“GLfloat”截断
D:\it program\graphic\rstopengl\rstopengl\ASS1.cpp(579,13): warning C4305: “参数”: 从“double”到“GLfloat”截断
D:\it program\graphic\rstopengl\rstopengl\ASS1.cpp(580,19): warning C4305: “参数”: 从“double”到“GLfloat”截断
D:\it program\graphic\rstopengl\rstopengl\ASS1.cpp(580,13): warning C4305: “参数”: 从“double”到“GLfloat”截断
D:\it program\graphic\rstopengl\rstopengl\ASS1.cpp(587,15): warning C4244: “初始化”: 从“double”转换到“float”，可能丢失数据
D:\it program\graphic\rstopengl\rstopengl\ASS1.cpp(588,11): warning C4244: “初始化”: 从“double”转换到“float”，可能丢失数据
D:\it program\graphic\rstopengl\rstopengl\ASS1.cpp(589,11): warning C4244: “初始化”: 从“double”转换到“float”，可能丢失数据
D:\it program\graphic\rstopengl\rstopengl\ASS1.cpp(596,15): warning C4244: “初始化”: 从“double”转换到“float”，可能丢失数据
D:\it program\graphic\rstopengl\rstopengl\ASS1.cpp(597,11): warning C4244: “初始化”: 从“double”转换到“float”，可能丢失数据
D:\it program\graphic\rstopengl\rstopengl\ASS1.cpp(598,11): warning C4244: “初始化”: 从“double”转换到“float”，可能丢失数据
D:\it program\graphic\rstopengl\rstopengl\ASS1.cpp(606,15): warning C4244: “初始化”: 从“double”转换到“float”，可能丢失数据
D:\it program\graphic\rstopengl\rstopengl\ASS1.cpp(607,11): warning C4244: “初始化”: 从“double”转换到“float”，可能丢失数据
D:\it program\graphic\rstopengl\rstopengl\ASS1.cpp(608,11): warning C4244: “初始化”: 从“double”转换到“float”，可能丢失数据
D:\it program\graphic\rstopengl\rstopengl\ASS1.cpp(615,15): warning C4244: “初始化”: 从“double”转换到“float”，可能丢失数据
D:\it program\graphic\rstopengl\rstopengl\ASS1.cpp(616,11): warning C4244: “初始化”: 从“double”转换到“float”，可能丢失数据
D:\it program\graphic\rstopengl\rstopengl\ASS1.cpp(617,11): warning C4244: “初始化”: 从“double”转换到“float”，可能丢失数据
D:\it program\graphic\rstopengl\rstopengl\ASS1.cpp(625,20): warning C4305: “参数”: 从“double”到“GLfloat”截断
D:\it program\graphic\rstopengl\rstopengl\ASS1.cpp(625,13): warning C4305: “参数”: 从“double”到“GLfloat”截断
D:\it program\graphic\rstopengl\rstopengl\ASS1.cpp(626,19): warning C4305: “参数”: 从“double”到“GLfloat”截断
D:\it program\graphic\rstopengl\rstopengl\ASS1.cpp(626,13): warning C4305: “参数”: 从“double”到“GLfloat”截断
D:\it program\graphic\rstopengl\rstopengl\ASS1.cpp(627,19): warning C4305: “参数”: 从“double”到“GLfloat”截断
D:\it program\graphic\rstopengl\rstopengl\ASS1.cpp(627,13): warning C4305: “参数”: 从“double”到“GLfloat”截断
D:\it program\graphic\rstopengl\rstopengl\ASS1.cpp(628,20): warning C4305: “参数”: 从“double”到“GLfloat”截断
D:\it program\graphic\rstopengl\rstopengl\ASS1.cpp(628,13): warning C4305: “参数”: 从“double”到“GLfloat”截断
D:\it program\graphic\rstopengl\rstopengl\ASS1.cpp(633,20): warning C4305: “参数”: 从“double”到“GLfloat”截断
D:\it program\graphic\rstopengl\rstopengl\ASS1.cpp(633,13): warning C4305: “参数”: 从“double”到“GLfloat”截断
D:\it program\graphic\rstopengl\rstopengl\ASS1.cpp(634,20): warning C4305: “参数”: 从“double”到“GLfloat”截断
D:\it program\graphic\rstopengl\rstopengl\ASS1.cpp(634,13): warning C4305: “参数”: 从“double”到“GLfloat”截断
D:\it program\graphic\rstopengl\rstopengl\ASS1.cpp(635,20): warning C4305: “参数”: 从“double”到“GLfloat”截断
D:\it program\graphic\rstopengl\rstopengl\ASS1.cpp(635,13): warning C4305: “参数”: 从“double”到“GLfloat”截断
D:\it program\graphic\rstopengl\rstopengl\ASS1.cpp(636,20): warning C4305: “参数”: 从“double”到“GLfloat”截断
D:\it program\graphic\rstopengl\rstopengl\ASS1.cpp(636,13): warning C4305: “参数”: 从“double”到“GLfloat”截断
D:\it program\graphic\rstopengl\rstopengl\ASS1.cpp(641,19): warning C4305: “参数”: 从“double”到“GLfloat”截断
D:\it program\graphic\rstopengl\rstopengl\ASS1.cpp(641,13): warning C4305: “参数”: 从“double”到“GLfloat”截断
D:\it program\graphic\rstopengl\rstopengl\ASS1.cpp(642,19): warning C4305: “参数”: 从“double”到“GLfloat”截断
D:\it program\graphic\rstopengl\rstopengl\ASS1.cpp(642,13): warning C4305: “参数”: 从“double”到“GLfloat”截断
D:\it program\graphic\rstopengl\rstopengl\ASS1.cpp(643,19): warning C4305: “参数”: 从“double”到“GLfloat”截断
D:\it program\graphic\rstopengl\rstopengl\ASS1.cpp(643,13): warning C4305: “参数”: 从“double”到“GLfloat”截断
D:\it program\graphic\rstopengl\rstopengl\ASS1.cpp(644,19): warning C4305: “参数”: 从“double”到“GLfloat”截断
D:\it program\graphic\rstopengl\rstopengl\ASS1.cpp(644,13): warning C4305: “参数”: 从“double”到“GLfloat”截断
D:\it program\graphic\rstopengl\rstopengl\ASS1.cpp(650,20): warning C4305: “参数”: 从“double”到“GLfloat”截断
D:\it program\graphic\rstopengl\rstopengl\ASS1.cpp(650,13): warning C4305: “参数”: 从“double”到“GLfloat”截断
D:\it program\graphic\rstopengl\rstopengl\ASS1.cpp(652,19): warning C4305: “参数”: 从“double”到“GLfloat”截断
D:\it program\graphic\rstopengl\rstopengl\ASS1.cpp(652,13): warning C4305: “参数”: 从“double”到“GLfloat”截断
D:\it program\graphic\rstopengl\rstopengl\ASS1.cpp(654,18): warning C4305: “参数”: 从“double”到“GLfloat”截断
D:\it program\graphic\rstopengl\rstopengl\ASS1.cpp(660,20): warning C4305: “参数”: 从“double”到“GLfloat”截断
D:\it program\graphic\rstopengl\rstopengl\ASS1.cpp(660,13): warning C4305: “参数”: 从“double”到“GLfloat”截断
D:\it program\graphic\rstopengl\rstopengl\ASS1.cpp(662,20): warning C4305: “参数”: 从“double”到“GLfloat”截断
D:\it program\graphic\rstopengl\rstopengl\ASS1.cpp(662,13): warning C4305: “参数”: 从“double”到“GLfloat”截断
D:\it program\graphic\rstopengl\rstopengl\ASS1.cpp(664,20): warning C4305: “参数”: 从“double”到“GLfloat”截断
D:\it program\graphic\rstopengl\rstopengl\ASS1.cpp(664,13): warning C4305: “参数”: 从“double”到“GLfloat”截断
D:\it program\graphic\rstopengl\rstopengl\ASS1.cpp(670,19): warning C4305: “参数”: 从“double”到“GLfloat”截断
D:\it program\graphic\rstopengl\rstopengl\ASS1.cpp(670,13): warning C4305: “参数”: 从“double”到“GLfloat”截断
D:\it program\graphic\rstopengl\rstopengl\ASS1.cpp(672,19): warning C4305: “参数”: 从“double”到“GLfloat”截断
D:\it program\graphic\rstopengl\rstopengl\ASS1.cpp(672,13): warning C4305: “参数”: 从“double”到“GLfloat”截断
D:\it program\graphic\rstopengl\rstopengl\ASS1.cpp(674,19): warning C4305: “参数”: 从“double”到“GLfloat”截断
D:\it program\graphic\rstopengl\rstopengl\ASS1.cpp(674,13): warning C4305: “参数”: 从“double”到“GLfloat”截断
D:\it program\graphic\rstopengl\rstopengl\ASS1.cpp(682,20): warning C4305: “参数”: 从“double”到“GLfloat”截断
D:\it program\graphic\rstopengl\rstopengl\ASS1.cpp(683,20): warning C4305: “参数”: 从“double”到“GLfloat”截断
D:\it program\graphic\rstopengl\rstopengl\ASS1.cpp(683,14): warning C4305: “参数”: 从“double”到“GLfloat”截断
D:\it program\graphic\rstopengl\rstopengl\ASS1.cpp(685,20): warning C4305: “参数”: 从“double”到“GLfloat”截断
D:\it program\graphic\rstopengl\rstopengl\ASS1.cpp(685,14): warning C4305: “参数”: 从“double”到“GLfloat”截断
D:\it program\graphic\rstopengl\rstopengl\ASS1.cpp(686,20): warning C4305: “参数”: 从“double”到“GLfloat”截断
D:\it program\graphic\rstopengl\rstopengl\ASS1.cpp(688,13): warning C4305: “参数”: 从“double”到“GLfloat”截断
D:\it program\graphic\rstopengl\rstopengl\ASS1.cpp(690,20): warning C4305: “参数”: 从“double”到“GLfloat”截断
D:\it program\graphic\rstopengl\rstopengl\ASS1.cpp(690,14): warning C4305: “参数”: 从“double”到“GLfloat”截断
D:\it program\graphic\rstopengl\rstopengl\ASS1.cpp(691,20): warning C4305: “参数”: 从“double”到“GLfloat”截断
D:\it program\graphic\rstopengl\rstopengl\ASS1.cpp(691,14): warning C4305: “参数”: 从“double”到“GLfloat”截断
D:\it program\graphic\rstopengl\rstopengl\ASS1.cpp(692,20): warning C4305: “参数”: 从“double”到“GLfloat”截断
D:\it program\graphic\rstopengl\rstopengl\ASS1.cpp(693,20): warning C4305: “参数”: 从“double”到“GLfloat”截断
D:\it program\graphic\rstopengl\rstopengl\ASS1.cpp(693,14): warning C4305: “参数”: 从“double”到“GLfloat”截断
D:\it program\graphic\rstopengl\rstopengl\ASS1.cpp(700,20): warning C4305: “参数”: 从“double”到“GLfloat”截断
D:\it program\graphic\rstopengl\rstopengl\ASS1.cpp(701,20): warning C4305: “参数”: 从“double”到“GLfloat”截断
D:\it program\graphic\rstopengl\rstopengl\ASS1.cpp(701,14): warning C4305: “参数”: 从“double”到“GLfloat”截断
D:\it program\graphic\rstopengl\rstopengl\ASS1.cpp(702,20): warning C4305: “参数”: 从“double”到“GLfloat”截断
D:\it program\graphic\rstopengl\rstopengl\ASS1.cpp(702,14): warning C4305: “参数”: 从“double”到“GLfloat”截断
D:\it program\graphic\rstopengl\rstopengl\ASS1.cpp(703,20): warning C4305: “参数”: 从“double”到“GLfloat”截断
D:\it program\graphic\rstopengl\rstopengl\ASS1.cpp(708,20): warning C4305: “参数”: 从“double”到“GLfloat”截断
D:\it program\graphic\rstopengl\rstopengl\ASS1.cpp(709,20): warning C4305: “参数”: 从“double”到“GLfloat”截断
D:\it program\graphic\rstopengl\rstopengl\ASS1.cpp(709,14): warning C4305: “参数”: 从“double”到“GLfloat”截断
D:\it program\graphic\rstopengl\rstopengl\ASS1.cpp(710,20): warning C4305: “参数”: 从“double”到“GLfloat”截断
D:\it program\graphic\rstopengl\rstopengl\ASS1.cpp(710,14): warning C4305: “参数”: 从“double”到“GLfloat”截断
D:\it program\graphic\rstopengl\rstopengl\ASS1.cpp(711,20): warning C4305: “参数”: 从“double”到“GLfloat”截断
D:\it program\graphic\rstopengl\rstopengl\ASS1.cpp(714,18): warning C4305: “参数”: 从“double”到“GLfloat”截断
D:\it program\graphic\rstopengl\rstopengl\ASS1.cpp(716,21): warning C4305: “参数”: 从“double”到“GLfloat”截断
D:\it program\graphic\rstopengl\rstopengl\ASS1.cpp(716,14): warning C4305: “参数”: 从“double”到“GLfloat”截断
D:\it program\graphic\rstopengl\rstopengl\ASS1.cpp(717,21): warning C4305: “参数”: 从“double”到“GLfloat”截断
D:\it program\graphic\rstopengl\rstopengl\ASS1.cpp(717,14): warning C4305: “参数”: 从“double”到“GLfloat”截断
D:\it program\graphic\rstopengl\rstopengl\ASS1.cpp(718,21): warning C4305: “参数”: 从“double”到“GLfloat”截断
D:\it program\graphic\rstopengl\rstopengl\ASS1.cpp(718,14): warning C4305: “参数”: 从“double”到“GLfloat”截断
D:\it program\graphic\rstopengl\rstopengl\ASS1.cpp(719,21): warning C4305: “参数”: 从“double”到“GLfloat”截断
D:\it program\graphic\rstopengl\rstopengl\ASS1.cpp(719,14): warning C4305: “参数”: 从“double”到“GLfloat”截断
D:\it program\graphic\rstopengl\rstopengl\ASS1.cpp(722,23): warning C4305: “参数”: 从“double”到“GLfloat”截断
D:\it program\graphic\rstopengl\rstopengl\ASS1.cpp(722,18): warning C4305: “参数”: 从“double”到“GLfloat”截断
D:\it program\graphic\rstopengl\rstopengl\ASS1.cpp(722,13): warning C4305: “参数”: 从“double”到“GLfloat”截断
D:\it program\graphic\rstopengl\rstopengl\ASS1.cpp(724,21): warning C4305: “参数”: 从“double”到“GLfloat”截断
D:\it program\graphic\rstopengl\rstopengl\ASS1.cpp(724,14): warning C4305: “参数”: 从“double”到“GLfloat”截断
D:\it program\graphic\rstopengl\rstopengl\ASS1.cpp(725,21): warning C4305: “参数”: 从“double”到“GLfloat”截断
D:\it program\graphic\rstopengl\rstopengl\ASS1.cpp(725,14): warning C4305: “参数”: 从“double”到“GLfloat”截断
D:\it program\graphic\rstopengl\rstopengl\ASS1.cpp(726,21): warning C4305: “参数”: 从“double”到“GLfloat”截断
D:\it program\graphic\rstopengl\rstopengl\ASS1.cpp(726,14): warning C4305: “参数”: 从“double”到“GLfloat”截断
D:\it program\graphic\rstopengl\rstopengl\ASS1.cpp(727,21): warning C4305: “参数”: 从“double”到“GLfloat”截断
D:\it program\graphic\rstopengl\rstopengl\ASS1.cpp(727,14): warning C4305: “参数”: 从“double”到“GLfloat”截断
D:\it program\graphic\rstopengl\rstopengl\ASS1.cpp(734,19): warning C4305: “参数”: 从“double”到“GLfloat”截断
D:\it program\graphic\rstopengl\rstopengl\ASS1.cpp(734,14): warning C4305: “参数”: 从“double”到“GLfloat”截断
D:\it program\graphic\rstopengl\rstopengl\ASS1.cpp(735,19): warning C4305: “参数”: 从“double”到“GLfloat”截断
D:\it program\graphic\rstopengl\rstopengl\ASS1.cpp(737,19): warning C4305: “参数”: 从“double”到“GLfloat”截断
D:\it program\graphic\rstopengl\rstopengl\ASS1.cpp(738,19): warning C4305: “参数”: 从“double”到“GLfloat”截断
D:\it program\graphic\rstopengl\rstopengl\ASS1.cpp(738,14): warning C4305: “参数”: 从“double”到“GLfloat”截断
D:\it program\graphic\rstopengl\rstopengl\ASS1.cpp(740,23): warning C4305: “参数”: 从“double”到“GLfloat”截断
D:\it program\graphic\rstopengl\rstopengl\ASS1.cpp(740,18): warning C4305: “参数”: 从“double”到“GLfloat”截断
D:\it program\graphic\rstopengl\rstopengl\ASS1.cpp(740,13): warning C4305: “参数”: 从“double”到“GLfloat”截断
D:\it program\graphic\rstopengl\rstopengl\ASS1.cpp(742,19): warning C4305: “参数”: 从“double”到“GLfloat”截断
D:\it program\graphic\rstopengl\rstopengl\ASS1.cpp(742,14): warning C4305: “参数”: 从“double”到“GLfloat”截断
D:\it program\graphic\rstopengl\rstopengl\ASS1.cpp(743,19): warning C4305: “参数”: 从“double”到“GLfloat”截断
D:\it program\graphic\rstopengl\rstopengl\ASS1.cpp(743,14): warning C4305: “参数”: 从“double”到“GLfloat”截断
D:\it program\graphic\rstopengl\rstopengl\ASS1.cpp(744,19): warning C4305: “参数”: 从“double”到“GLfloat”截断
D:\it program\graphic\rstopengl\rstopengl\ASS1.cpp(744,14): warning C4305: “参数”: 从“double”到“GLfloat”截断
D:\it program\graphic\rstopengl\rstopengl\ASS1.cpp(745,19): warning C4305: “参数”: 从“double”到“GLfloat”截断
D:\it program\graphic\rstopengl\rstopengl\ASS1.cpp(752,19): warning C4305: “参数”: 从“double”到“GLfloat”截断
D:\it program\graphic\rstopengl\rstopengl\ASS1.cpp(752,14): warning C4305: “参数”: 从“double”到“GLfloat”截断
D:\it program\graphic\rstopengl\rstopengl\ASS1.cpp(753,19): warning C4305: “参数”: 从“double”到“GLfloat”截断
D:\it program\graphic\rstopengl\rstopengl\ASS1.cpp(754,19): warning C4305: “参数”: 从“double”到“GLfloat”截断
D:\it program\graphic\rstopengl\rstopengl\ASS1.cpp(755,19): warning C4305: “参数”: 从“double”到“GLfloat”截断
D:\it program\graphic\rstopengl\rstopengl\ASS1.cpp(755,14): warning C4305: “参数”: 从“double”到“GLfloat”截断
D:\it program\graphic\rstopengl\rstopengl\ASS1.cpp(760,20): warning C4305: “参数”: 从“double”到“GLfloat”截断
D:\it program\graphic\rstopengl\rstopengl\ASS1.cpp(760,14): warning C4305: “参数”: 从“double”到“GLfloat”截断
D:\it program\graphic\rstopengl\rstopengl\ASS1.cpp(761,20): warning C4305: “参数”: 从“double”到“GLfloat”截断
D:\it program\graphic\rstopengl\rstopengl\ASS1.cpp(761,14): warning C4305: “参数”: 从“double”到“GLfloat”截断
D:\it program\graphic\rstopengl\rstopengl\ASS1.cpp(762,20): warning C4305: “参数”: 从“double”到“GLfloat”截断
D:\it program\graphic\rstopengl\rstopengl\ASS1.cpp(762,14): warning C4305: “参数”: 从“double”到“GLfloat”截断
D:\it program\graphic\rstopengl\rstopengl\ASS1.cpp(763,20): warning C4305: “参数”: 从“double”到“GLfloat”截断
D:\it program\graphic\rstopengl\rstopengl\ASS1.cpp(763,14): warning C4305: “参数”: 从“double”到“GLfloat”截断
D:\it program\graphic\rstopengl\rstopengl\ASS1.cpp(767,19): warning C4305: “参数”: 从“double”到“GLfloat”截断
D:\it program\graphic\rstopengl\rstopengl\ASS1.cpp(767,14): warning C4305: “参数”: 从“double”到“GLfloat”截断
D:\it program\graphic\rstopengl\rstopengl\ASS1.cpp(768,20): warning C4305: “参数”: 从“double”到“GLfloat”截断
D:\it program\graphic\rstopengl\rstopengl\ASS1.cpp(769,19): warning C4305: “参数”: 从“double”到“GLfloat”截断
D:\it program\graphic\rstopengl\rstopengl\ASS1.cpp(770,20): warning C4305: “参数”: 从“double”到“GLfloat”截断
D:\it program\graphic\rstopengl\rstopengl\ASS1.cpp(770,14): warning C4305: “参数”: 从“double”到“GLfloat”截断
D:\it program\graphic\rstopengl\rstopengl\ASS1.cpp(776,20): warning C4305: “参数”: 从“double”到“GLfloat”截断
D:\it program\graphic\rstopengl\rstopengl\ASS1.cpp(776,14): warning C4305: “参数”: 从“double”到“GLfloat”截断
D:\it program\graphic\rstopengl\rstopengl\ASS1.cpp(777,20): warning C4305: “参数”: 从“double”到“GLfloat”截断
D:\it program\graphic\rstopengl\rstopengl\ASS1.cpp(777,14): warning C4305: “参数”: 从“double”到“GLfloat”截断
D:\it program\graphic\rstopengl\rstopengl\ASS1.cpp(781,20): warning C4305: “参数”: 从“double”到“GLfloat”截断
D:\it program\graphic\rstopengl\rstopengl\ASS1.cpp(781,14): warning C4305: “参数”: 从“double”到“GLfloat”截断
D:\it program\graphic\rstopengl\rstopengl\ASS1.cpp(782,14): warning C4305: “参数”: 从“double”到“GLfloat”截断
D:\it program\graphic\rstopengl\rstopengl\ASS1.cpp(783,14): warning C4305: “参数”: 从“double”到“GLfloat”截断
D:\it program\graphic\rstopengl\rstopengl\ASS1.cpp(784,20): warning C4305: “参数”: 从“double”到“GLfloat”截断
D:\it program\graphic\rstopengl\rstopengl\ASS1.cpp(784,14): warning C4305: “参数”: 从“double”到“GLfloat”截断
D:\it program\graphic\rstopengl\rstopengl\ASS1.cpp(789,22): warning C4305: “参数”: 从“double”到“GLfloat”截断
D:\it program\graphic\rstopengl\rstopengl\ASS1.cpp(789,17): warning C4305: “参数”: 从“double”到“GLfloat”截断
D:\it program\graphic\rstopengl\rstopengl\ASS1.cpp(789,12): warning C4305: “参数”: 从“double”到“GLfloat”截断
D:\it program\graphic\rstopengl\rstopengl\ASS1.cpp(791,20): warning C4305: “参数”: 从“double”到“GLfloat”截断
D:\it program\graphic\rstopengl\rstopengl\ASS1.cpp(791,13): warning C4305: “参数”: 从“double”到“GLfloat”截断
D:\it program\graphic\rstopengl\rstopengl\ASS1.cpp(792,20): warning C4305: “参数”: 从“double”到“GLfloat”截断
D:\it program\graphic\rstopengl\rstopengl\ASS1.cpp(794,13): warning C4305: “参数”: 从“double”到“GLfloat”截断
D:\it program\graphic\rstopengl\rstopengl\ASS1.cpp(797,22): warning C4305: “参数”: 从“double”到“GLfloat”截断
D:\it program\graphic\rstopengl\rstopengl\ASS1.cpp(797,17): warning C4305: “参数”: 从“double”到“GLfloat”截断
D:\it program\graphic\rstopengl\rstopengl\ASS1.cpp(797,12): warning C4305: “参数”: 从“double”到“GLfloat”截断
D:\it program\graphic\rstopengl\rstopengl\ASS1.cpp(799,17): warning C4244: “初始化”: 从“double”转换到“float”，可能丢失数据
D:\it program\graphic\rstopengl\rstopengl\ASS1.cpp(801,26): warning C4244: “参数”: 从“double”转换到“GLfloat”，可能丢失数据
D:\it program\graphic\rstopengl\rstopengl\ASS1.cpp(801,14): warning C4305: “参数”: 从“double”到“GLfloat”截断
D:\it program\graphic\rstopengl\rstopengl\ASS1.cpp(802,26): warning C4244: “参数”: 从“double”转换到“GLfloat”，可能丢失数据
D:\it program\graphic\rstopengl\rstopengl\ASS1.cpp(802,14): warning C4305: “参数”: 从“double”到“GLfloat”截断
D:\it program\graphic\rstopengl\rstopengl\ASS1.cpp(803,27): warning C4244: “参数”: 从“double”转换到“GLfloat”，可能丢失数据
D:\it program\graphic\rstopengl\rstopengl\ASS1.cpp(803,14): warning C4305: “参数”: 从“double”到“GLfloat”截断
D:\it program\graphic\rstopengl\rstopengl\ASS1.cpp(804,27): warning C4244: “参数”: 从“double”转换到“GLfloat”，可能丢失数据
D:\it program\graphic\rstopengl\rstopengl\ASS1.cpp(804,14): warning C4305: “参数”: 从“double”到“GLfloat”截断
D:\it program\graphic\rstopengl\rstopengl\ASS1.cpp(810,28): warning C4244: “参数”: 从“double”转换到“GLfloat”，可能丢失数据
D:\it program\graphic\rstopengl\rstopengl\ASS1.cpp(810,14): warning C4305: “参数”: 从“double”到“GLfloat”截断
D:\it program\graphic\rstopengl\rstopengl\ASS1.cpp(821,22): warning C4305: “参数”: 从“double”到“GLfloat”截断
D:\it program\graphic\rstopengl\rstopengl\ASS1.cpp(821,17): warning C4305: “参数”: 从“double”到“GLfloat”截断
D:\it program\graphic\rstopengl\rstopengl\ASS1.cpp(831,15): warning C4244: “初始化”: 从“double”转换到“float”，可能丢失数据
D:\it program\graphic\rstopengl\rstopengl\ASS1.cpp(832,17): warning C4244: “初始化”: 从“double”转换到“float”，可能丢失数据
D:\it program\graphic\rstopengl\rstopengl\ASS1.cpp(833,17): warning C4244: “初始化”: 从“double”转换到“float”，可能丢失数据
D:\it program\graphic\rstopengl\rstopengl\ASS1.cpp(836,21): warning C4244: “初始化”: 从“double”转换到“float”，可能丢失数据
D:\it program\graphic\rstopengl\rstopengl\ASS1.cpp(837,12): warning C4244: “初始化”: 从“double”转换到“float”，可能丢失数据
D:\it program\graphic\rstopengl\rstopengl\ASS1.cpp(838,12): warning C4244: “初始化”: 从“double”转换到“float”，可能丢失数据
D:\it program\graphic\rstopengl\rstopengl\ASS1.cpp(847,15): warning C4244: “初始化”: 从“double”转换到“float”，可能丢失数据
D:\it program\graphic\rstopengl\rstopengl\ASS1.cpp(848,11): warning C4244: “初始化”: 从“double”转换到“float”，可能丢失数据
D:\it program\graphic\rstopengl\rstopengl\ASS1.cpp(849,11): warning C4244: “初始化”: 从“double”转换到“float”，可能丢失数据
D:\it program\graphic\rstopengl\rstopengl\ASS1.cpp(855,22): warning C4305: “参数”: 从“double”到“GLfloat”截断
D:\it program\graphic\rstopengl\rstopengl\ASS1.cpp(855,17): warning C4305: “参数”: 从“double”到“GLfloat”截断
D:\it program\graphic\rstopengl\rstopengl\ASS1.cpp(855,12): warning C4305: “参数”: 从“double”到“GLfloat”截断
D:\it program\graphic\rstopengl\rstopengl\ASS1.cpp(857,19): warning C4305: “参数”: 从“double”到“GLfloat”截断
D:\it program\graphic\rstopengl\rstopengl\ASS1.cpp(857,13): warning C4305: “参数”: 从“double”到“GLfloat”截断
D:\it program\graphic\rstopengl\rstopengl\ASS1.cpp(858,18): warning C4305: “参数”: 从“double”到“GLfloat”截断
D:\it program\graphic\rstopengl\rstopengl\ASS1.cpp(858,13): warning C4305: “参数”: 从“double”到“GLfloat”截断
D:\it program\graphic\rstopengl\rstopengl\ASS1.cpp(859,18): warning C4305: “参数”: 从“double”到“GLfloat”截断
D:\it program\graphic\rstopengl\rstopengl\ASS1.cpp(859,13): warning C4305: “参数”: 从“double”到“GLfloat”截断
D:\it program\graphic\rstopengl\rstopengl\ASS1.cpp(860,19): warning C4305: “参数”: 从“double”到“GLfloat”截断
D:\it program\graphic\rstopengl\rstopengl\ASS1.cpp(860,13): warning C4305: “参数”: 从“double”到“GLfloat”截断
D:\it program\graphic\rstopengl\rstopengl\ASS1.cpp(864,23): warning C4305: “参数”: 从“double”到“GLfloat”截断
D:\it program\graphic\rstopengl\rstopengl\ASS1.cpp(864,16): warning C4305: “参数”: 从“double”到“GLfloat”截断
D:\it program\graphic\rstopengl\rstopengl\ASS1.cpp(871,19): warning C4305: “初始化”: 从“double”到“float”截断
D:\it program\graphic\rstopengl\rstopengl\ASS1.cpp(872,20): warning C4305: “初始化”: 从“double”到“float”截断
D:\it program\graphic\rstopengl\rstopengl\ASS1.cpp(875,24): warning C4305: “参数”: 从“double”到“GLfloat”截断
D:\it program\graphic\rstopengl\rstopengl\ASS1.cpp(875,19): warning C4305: “参数”: 从“double”到“GLfloat”截断
D:\it program\graphic\rstopengl\rstopengl\ASS1.cpp(878,24): warning C4305: “参数”: 从“double”到“GLfloat”截断
D:\it program\graphic\rstopengl\rstopengl\ASS1.cpp(878,14): warning C4305: “参数”: 从“double”到“GLfloat”截断
D:\it program\graphic\rstopengl\rstopengl\ASS1.cpp(882,50): warning C4305: “参数”: 从“double”到“GLfloat”截断
D:\it program\graphic\rstopengl\rstopengl\ASS1.cpp(882,43): warning C4244: “参数”: 从“double”转换到“GLfloat”，可能丢失数据
D:\it program\graphic\rstopengl\rstopengl\ASS1.cpp(883,43): warning C4244: “参数”: 从“double”转换到“GLfloat”，可能丢失数据
D:\it program\graphic\rstopengl\rstopengl\ASS1.cpp(887,17): warning C4305: “参数”: 从“double”到“GLfloat”截断
D:\it program\graphic\rstopengl\rstopengl\ASS1.cpp(889,17): warning C4244: “初始化”: 从“double”转换到“float”，可能丢失数据
D:\it program\graphic\rstopengl\rstopengl\ASS1.cpp(890,17): warning C4244: “初始化”: 从“double”转换到“float”，可能丢失数据
D:\it program\graphic\rstopengl\rstopengl\ASS1.cpp(893,16): warning C4244: “初始化”: 从“double”转换到“float”，可能丢失数据
D:\it program\graphic\rstopengl\rstopengl\ASS1.cpp(894,12): warning C4244: “初始化”: 从“double”转换到“float”，可能丢失数据
D:\it program\graphic\rstopengl\rstopengl\ASS1.cpp(895,12): warning C4244: “初始化”: 从“double”转换到“float”，可能丢失数据
D:\it program\graphic\rstopengl\rstopengl\ASS1.cpp(902,17): warning C4305: “参数”: 从“double”到“GLfloat”截断
D:\it program\graphic\rstopengl\rstopengl\ASS1.cpp(905,19): warning C4305: “参数”: 从“double”到“GLfloat”截断
D:\it program\graphic\rstopengl\rstopengl\ASS1.cpp(905,13): warning C4305: “参数”: 从“double”到“GLfloat”截断
D:\it program\graphic\rstopengl\rstopengl\ASS1.cpp(906,18): warning C4305: “参数”: 从“double”到“GLfloat”截断
D:\it program\graphic\rstopengl\rstopengl\ASS1.cpp(906,13): warning C4305: “参数”: 从“double”到“GLfloat”截断
D:\it program\graphic\rstopengl\rstopengl\ASS1.cpp(907,19): warning C4305: “参数”: 从“double”到“GLfloat”截断
D:\it program\graphic\rstopengl\rstopengl\ASS1.cpp(907,13): warning C4305: “参数”: 从“double”到“GLfloat”截断
D:\it program\graphic\rstopengl\rstopengl\ASS1.cpp(908,20): warning C4305: “参数”: 从“double”到“GLfloat”截断
D:\it program\graphic\rstopengl\rstopengl\ASS1.cpp(908,13): warning C4305: “参数”: 从“double”到“GLfloat”截断
D:\it program\graphic\rstopengl\rstopengl\ASS1.cpp(914,28): warning C4305: “参数”: 从“double”到“GLfloat”截断
D:\it program\graphic\rstopengl\rstopengl\ASS1.cpp(914,20): warning C4244: “参数”: 从“double”转换到“GLfloat”，可能丢失数据
D:\it program\graphic\rstopengl\rstopengl\ASS1.cpp(915,28): warning C4305: “参数”: 从“double”到“GLfloat”截断
D:\it program\graphic\rstopengl\rstopengl\ASS1.cpp(915,20): warning C4244: “参数”: 从“double”转换到“GLfloat”，可能丢失数据
D:\it program\graphic\rstopengl\rstopengl\ASS1.cpp(916,21): warning C4305: “参数”: 从“double”到“GLfloat”截断
D:\it program\graphic\rstopengl\rstopengl\ASS1.cpp(924,17): warning C4305: “初始化”: 从“double”到“float”截断
D:\it program\graphic\rstopengl\rstopengl\ASS1.cpp(928,16): warning C4244: “初始化”: 从“double”转换到“float”，可能丢失数据
D:\it program\graphic\rstopengl\rstopengl\ASS1.cpp(929,12): warning C4244: “初始化”: 从“double”转换到“float”，可能丢失数据
D:\it program\graphic\rstopengl\rstopengl\ASS1.cpp(930,12): warning C4244: “初始化”: 从“double”转换到“float”，可能丢失数据
D:\it program\graphic\rstopengl\rstopengl\ASS1.cpp(944,23): warning C4305: “参数”: 从“double”到“GLfloat”截断
D:\it program\graphic\rstopengl\rstopengl\ASS1.cpp(944,16): warning C4305: “参数”: 从“double”到“GLfloat”截断
D:\it program\graphic\rstopengl\rstopengl\ASS1.cpp(950,21): warning C4305: “参数”: 从“double”到“GLfloat”截断
D:\it program\graphic\rstopengl\rstopengl\ASS1.cpp(950,16): warning C4305: “参数”: 从“double”到“GLfloat”截断
D:\it program\graphic\rstopengl\rstopengl\ASS1.cpp(956,16): warning C4305: “参数”: 从“double”到“GLfloat”截断
D:\it program\graphic\rstopengl\rstopengl\ASS1.cpp(962,22): warning C4305: “参数”: 从“double”到“GLfloat”截断
D:\it program\graphic\rstopengl\rstopengl\ASS1.cpp(968,23): warning C4305: “参数”: 从“double”到“GLfloat”截断
D:\it program\graphic\rstopengl\rstopengl\ASS1.cpp(968,16): warning C4305: “参数”: 从“double”到“GLfloat”截断
D:\it program\graphic\rstopengl\rstopengl\ASS1.cpp(976,22): warning C4305: “参数”: 从“double”到“GLfloat”截断
D:\it program\graphic\rstopengl\rstopengl\ASS1.cpp(977,19): warning C4305: “参数”: 从“double”到“GLfloat”截断
D:\it program\graphic\rstopengl\rstopengl\ASS1.cpp(977,11): warning C4305: “参数”: 从“double”到“GLfloat”截断
D:\it program\graphic\rstopengl\rstopengl\ASS1.cpp(988,20): warning C4305: “+=”: 从“double”到“float”截断
D:\it program\graphic\rstopengl\rstopengl\ASS1.cpp(989,16): warning C4305: “+=”: 从“double”到“float”截断
D:\it program\graphic\rstopengl\rstopengl\ASS1.cpp(991,20): warning C4305: “=”: 从“double”到“float”截断
D:\it program\graphic\rstopengl\rstopengl\ASS1.cpp(995,18): warning C4244: “初始化”: 从“double”转换到“float”，可能丢失数据
D:\it program\graphic\rstopengl\rstopengl\ASS1.cpp(996,14): warning C4244: “初始化”: 从“double”转换到“float”，可能丢失数据
D:\it program\graphic\rstopengl\rstopengl\ASS1.cpp(999,45): warning C4305: “参数”: 从“double”到“GLfloat”截断
D:\it program\graphic\rstopengl\rstopengl\ASS1.cpp(999,33): warning C4244: “参数”: 从“double”转换到“GLfloat”，可能丢失数据
D:\it program\graphic\rstopengl\rstopengl\ASS1.cpp(999,17): warning C4244: “参数”: 从“double”转换到“GLfloat”，可能丢失数据
D:\it program\graphic\rstopengl\rstopengl\ASS1.cpp(1002,16): warning C4244: “初始化”: 从“double”转换到“float”，可能丢失数据
D:\it program\graphic\rstopengl\rstopengl\ASS1.cpp(1003,12): warning C4244: “初始化”: 从“double”转换到“float”，可能丢失数据
D:\it program\graphic\rstopengl\rstopengl\ASS1.cpp(1004,12): warning C4244: “初始化”: 从“double”转换到“float”，可能丢失数据
D:\it program\graphic\rstopengl\rstopengl\ASS1.cpp(1012,39): warning C4244: “参数”: 从“double”转换到“GLfloat”，可能丢失数据
D:\it program\graphic\rstopengl\rstopengl\ASS1.cpp(1013,46): warning C4244: “参数”: 从“double”转换到“GLfloat”，可能丢失数据
D:\it program\graphic\rstopengl\rstopengl\ASS1.cpp(1071,47): warning C4305: “参数”: 从“double”到“GLfloat”截断
D:\it program\graphic\rstopengl\rstopengl\ASS1.cpp(1071,33): warning C4305: “参数”: 从“double”到“GLfloat”截断
D:\it program\graphic\rstopengl\rstopengl\ASS1.cpp(1073,19): warning C4305: “参数”: 从“double”到“GLfloat”截断
D:\it program\graphic\rstopengl\rstopengl\ASS1.cpp(1073,14): warning C4305: “参数”: 从“double”到“GLfloat”截断
D:\it program\graphic\rstopengl\rstopengl\ASS1.cpp(1074,19): warning C4305: “参数”: 从“double”到“GLfloat”截断
D:\it program\graphic\rstopengl\rstopengl\ASS1.cpp(1075,19): warning C4305: “参数”: 从“double”到“GLfloat”截断
D:\it program\graphic\rstopengl\rstopengl\ASS1.cpp(1079,14): warning C4305: “参数”: 从“double”到“GLfloat”截断
D:\it program\graphic\rstopengl\rstopengl\ASS1.cpp(1080,19): warning C4305: “参数”: 从“double”到“GLfloat”截断
D:\it program\graphic\rstopengl\rstopengl\ASS1.cpp(1081,19): warning C4305: “参数”: 从“double”到“GLfloat”截断
D:\it program\graphic\rstopengl\rstopengl\ASS1.cpp(1081,14): warning C4305: “参数”: 从“double”到“GLfloat”截断
D:\it program\graphic\rstopengl\rstopengl\ASS1.cpp(1085,34): warning C4305: “参数”: 从“double”到“GLfloat”截断
D:\it program\graphic\rstopengl\rstopengl\ASS1.cpp(1085,19): warning C4305: “参数”: 从“double”到“GLfloat”截断
D:\it program\graphic\rstopengl\rstopengl\ASS1.cpp(1087,14): warning C4305: “参数”: 从“double”到“GLfloat”截断
D:\it program\graphic\rstopengl\rstopengl\ASS1.cpp(1088,14): warning C4305: “参数”: 从“double”到“GLfloat”截断
D:\it program\graphic\rstopengl\rstopengl\ASS1.cpp(1089,19): warning C4305: “参数”: 从“double”到“GLfloat”截断
D:\it program\graphic\rstopengl\rstopengl\ASS1.cpp(1089,14): warning C4305: “参数”: 从“double”到“GLfloat”截断
D:\it program\graphic\rstopengl\rstopengl\ASS1.cpp(1090,19): warning C4305: “参数”: 从“double”到“GLfloat”截断
D:\it program\graphic\rstopengl\rstopengl\ASS1.cpp(1090,14): warning C4305: “参数”: 从“double”到“GLfloat”截断
D:\it program\graphic\rstopengl\rstopengl\ASS1.cpp(1094,19): warning C4305: “参数”: 从“double”到“GLfloat”截断
D:\it program\graphic\rstopengl\rstopengl\ASS1.cpp(1094,14): warning C4305: “参数”: 从“double”到“GLfloat”截断
D:\it program\graphic\rstopengl\rstopengl\ASS1.cpp(1095,19): warning C4305: “参数”: 从“double”到“GLfloat”截断
D:\it program\graphic\rstopengl\rstopengl\ASS1.cpp(1095,14): warning C4305: “参数”: 从“double”到“GLfloat”截断
D:\it program\graphic\rstopengl\rstopengl\ASS1.cpp(1096,19): warning C4305: “参数”: 从“double”到“GLfloat”截断
D:\it program\graphic\rstopengl\rstopengl\ASS1.cpp(1097,19): warning C4305: “参数”: 从“double”到“GLfloat”截断
D:\it program\graphic\rstopengl\rstopengl\ASS1.cpp(1101,33): warning C4305: “参数”: 从“double”到“GLfloat”截断
D:\it program\graphic\rstopengl\rstopengl\ASS1.cpp(1101,19): warning C4305: “参数”: 从“double”到“GLfloat”截断
D:\it program\graphic\rstopengl\rstopengl\ASS1.cpp(1103,21): warning C4305: “参数”: 从“double”到“GLfloat”截断
D:\it program\graphic\rstopengl\rstopengl\ASS1.cpp(1103,14): warning C4305: “参数”: 从“double”到“GLfloat”截断
D:\it program\graphic\rstopengl\rstopengl\ASS1.cpp(1104,21): warning C4305: “参数”: 从“double”到“GLfloat”截断
D:\it program\graphic\rstopengl\rstopengl\ASS1.cpp(1104,14): warning C4305: “参数”: 从“double”到“GLfloat”截断
D:\it program\graphic\rstopengl\rstopengl\ASS1.cpp(1105,21): warning C4305: “参数”: 从“double”到“GLfloat”截断
D:\it program\graphic\rstopengl\rstopengl\ASS1.cpp(1105,14): warning C4305: “参数”: 从“double”到“GLfloat”截断
D:\it program\graphic\rstopengl\rstopengl\ASS1.cpp(1106,21): warning C4305: “参数”: 从“double”到“GLfloat”截断
D:\it program\graphic\rstopengl\rstopengl\ASS1.cpp(1106,14): warning C4305: “参数”: 从“double”到“GLfloat”截断
D:\it program\graphic\rstopengl\rstopengl\ASS1.cpp(1111,43): warning C4305: “参数”: 从“double”到“GLfloat”截断
D:\it program\graphic\rstopengl\rstopengl\ASS1.cpp(1111,30): warning C4305: “参数”: 从“double”到“GLfloat”截断
D:\it program\graphic\rstopengl\rstopengl\ASS1.cpp(1111,17): warning C4305: “参数”: 从“double”到“GLfloat”截断
D:\it program\graphic\rstopengl\rstopengl\ASS1.cpp(1113,20): warning C4305: “参数”: 从“double”到“GLfloat”截断
D:\it program\graphic\rstopengl\rstopengl\ASS1.cpp(1113,14): warning C4305: “参数”: 从“double”到“GLfloat”截断
D:\it program\graphic\rstopengl\rstopengl\ASS1.cpp(1114,21): warning C4305: “参数”: 从“double”到“GLfloat”截断
D:\it program\graphic\rstopengl\rstopengl\ASS1.cpp(1115,21): warning C4305: “参数”: 从“double”到“GLfloat”截断
D:\it program\graphic\rstopengl\rstopengl\ASS1.cpp(1115,14): warning C4305: “参数”: 从“double”到“GLfloat”截断
D:\it program\graphic\rstopengl\rstopengl\ASS1.cpp(1116,21): warning C4305: “参数”: 从“double”到“GLfloat”截断
D:\it program\graphic\rstopengl\rstopengl\ASS1.cpp(1116,14): warning C4305: “参数”: 从“double”到“GLfloat”截断
D:\it program\graphic\rstopengl\rstopengl\ASS1.cpp(1122,41): warning C4305: “参数”: 从“double”到“GLfloat”截断
D:\it program\graphic\rstopengl\rstopengl\ASS1.cpp(1122,29): warning C4305: “参数”: 从“double”到“GLfloat”截断
D:\it program\graphic\rstopengl\rstopengl\ASS1.cpp(1122,17): warning C4305: “参数”: 从“double”到“GLfloat”截断
D:\it program\graphic\rstopengl\rstopengl\ASS1.cpp(1124,22): warning C4305: “参数”: 从“double”到“GLfloat”截断
D:\it program\graphic\rstopengl\rstopengl\ASS1.cpp(1124,14): warning C4305: “参数”: 从“double”到“GLfloat”截断
D:\it program\graphic\rstopengl\rstopengl\ASS1.cpp(1125,20): warning C4305: “参数”: 从“double”到“GLfloat”截断
D:\it program\graphic\rstopengl\rstopengl\ASS1.cpp(1125,14): warning C4305: “参数”: 从“double”到“GLfloat”截断
D:\it program\graphic\rstopengl\rstopengl\ASS1.cpp(1126,21): warning C4305: “参数”: 从“double”到“GLfloat”截断
D:\it program\graphic\rstopengl\rstopengl\ASS1.cpp(1126,14): warning C4305: “参数”: 从“double”到“GLfloat”截断
D:\it program\graphic\rstopengl\rstopengl\ASS1.cpp(1127,19): warning C4305: “参数”: 从“double”到“GLfloat”截断
D:\it program\graphic\rstopengl\rstopengl\ASS1.cpp(1127,14): warning C4305: “参数”: 从“double”到“GLfloat”截断
D:\it program\graphic\rstopengl\rstopengl\ASS1.cpp(1132,21): warning C4305: “参数”: 从“double”到“GLfloat”截断
D:\it program\graphic\rstopengl\rstopengl\ASS1.cpp(1133,14): warning C4305: “参数”: 从“double”到“GLfloat”截断
D:\it program\graphic\rstopengl\rstopengl\ASS1.cpp(1134,14): warning C4305: “参数”: 从“double”到“GLfloat”截断
D:\it program\graphic\rstopengl\rstopengl\ASS1.cpp(1135,21): warning C4305: “参数”: 从“double”到“GLfloat”截断
D:\it program\graphic\rstopengl\rstopengl\ASS1.cpp(1135,14): warning C4305: “参数”: 从“double”到“GLfloat”截断
D:\it program\graphic\rstopengl\rstopengl\ASS1.cpp(1142,30): warning C4305: “参数”: 从“double”到“GLfloat”截断
D:\it program\graphic\rstopengl\rstopengl\ASS1.cpp(1142,17): warning C4305: “参数”: 从“double”到“GLfloat”截断
D:\it program\graphic\rstopengl\rstopengl\ASS1.cpp(1144,22): warning C4305: “参数”: 从“double”到“GLfloat”截断
D:\it program\graphic\rstopengl\rstopengl\ASS1.cpp(1144,14): warning C4305: “参数”: 从“double”到“GLfloat”截断
D:\it program\graphic\rstopengl\rstopengl\ASS1.cpp(1145,22): warning C4305: “参数”: 从“double”到“GLfloat”截断
D:\it program\graphic\rstopengl\rstopengl\ASS1.cpp(1145,14): warning C4305: “参数”: 从“double”到“GLfloat”截断
D:\it program\graphic\rstopengl\rstopengl\ASS1.cpp(1146,17): warning C4305: “参数”: 从“double”到“GLfloat”截断
D:\it program\graphic\rstopengl\rstopengl\ASS1.cpp(1147,17): warning C4305: “参数”: 从“double”到“GLfloat”截断
D:\it program\graphic\rstopengl\rstopengl\ASS1.cpp(1152,14): warning C4305: “参数”: 从“double”到“GLfloat”截断
D:\it program\graphic\rstopengl\rstopengl\ASS1.cpp(1153,21): warning C4305: “参数”: 从“double”到“GLfloat”截断
D:\it program\graphic\rstopengl\rstopengl\ASS1.cpp(1153,14): warning C4305: “参数”: 从“double”到“GLfloat”截断
D:\it program\graphic\rstopengl\rstopengl\ASS1.cpp(1154,19): warning C4305: “参数”: 从“double”到“GLfloat”截断
D:\it program\graphic\rstopengl\rstopengl\ASS1.cpp(1154,14): warning C4305: “参数”: 从“double”到“GLfloat”截断
D:\it program\graphic\rstopengl\rstopengl\ASS1.cpp(1155,14): warning C4305: “参数”: 从“double”到“GLfloat”截断
D:\it program\graphic\rstopengl\rstopengl\ASS1.cpp(1159,43): warning C4305: “参数”: 从“double”到“GLfloat”截断
D:\it program\graphic\rstopengl\rstopengl\ASS1.cpp(1159,30): warning C4305: “参数”: 从“double”到“GLfloat”截断
D:\it program\graphic\rstopengl\rstopengl\ASS1.cpp(1159,17): warning C4305: “参数”: 从“double”到“GLfloat”截断
D:\it program\graphic\rstopengl\rstopengl\ASS1.cpp(1161,18): warning C4305: “参数”: 从“double”到“GLfloat”截断
D:\it program\graphic\rstopengl\rstopengl\ASS1.cpp(1162,18): warning C4305: “参数”: 从“double”到“GLfloat”截断
D:\it program\graphic\rstopengl\rstopengl\ASS1.cpp(1163,21): warning C4305: “参数”: 从“double”到“GLfloat”截断
D:\it program\graphic\rstopengl\rstopengl\ASS1.cpp(1163,14): warning C4305: “参数”: 从“double”到“GLfloat”截断
D:\it program\graphic\rstopengl\rstopengl\ASS1.cpp(1164,21): warning C4305: “参数”: 从“double”到“GLfloat”截断
D:\it program\graphic\rstopengl\rstopengl\ASS1.cpp(1164,14): warning C4305: “参数”: 从“double”到“GLfloat”截断
D:\it program\graphic\rstopengl\rstopengl\ASS1.cpp(1172,21): warning C4305: “参数”: 从“double”到“GLfloat”截断
D:\it program\graphic\rstopengl\rstopengl\ASS1.cpp(1172,14): warning C4305: “参数”: 从“double”到“GLfloat”截断
D:\it program\graphic\rstopengl\rstopengl\ASS1.cpp(1173,21): warning C4305: “参数”: 从“double”到“GLfloat”截断
D:\it program\graphic\rstopengl\rstopengl\ASS1.cpp(1173,14): warning C4305: “参数”: 从“double”到“GLfloat”截断
D:\it program\graphic\rstopengl\rstopengl\ASS1.cpp(1174,22): warning C4305: “参数”: 从“double”到“GLfloat”截断
D:\it program\graphic\rstopengl\rstopengl\ASS1.cpp(1174,14): warning C4305: “参数”: 从“double”到“GLfloat”截断
D:\it program\graphic\rstopengl\rstopengl\ASS1.cpp(1175,22): warning C4305: “参数”: 从“double”到“GLfloat”截断
D:\it program\graphic\rstopengl\rstopengl\ASS1.cpp(1175,14): warning C4305: “参数”: 从“double”到“GLfloat”截断
D:\it program\graphic\rstopengl\rstopengl\ASS1.cpp(1182,21): warning C4305: “参数”: 从“double”到“GLfloat”截断
D:\it program\graphic\rstopengl\rstopengl\ASS1.cpp(1182,14): warning C4305: “参数”: 从“double”到“GLfloat”截断
D:\it program\graphic\rstopengl\rstopengl\ASS1.cpp(1183,21): warning C4305: “参数”: 从“double”到“GLfloat”截断
D:\it program\graphic\rstopengl\rstopengl\ASS1.cpp(1183,14): warning C4305: “参数”: 从“double”到“GLfloat”截断
D:\it program\graphic\rstopengl\rstopengl\ASS1.cpp(1184,22): warning C4305: “参数”: 从“double”到“GLfloat”截断
D:\it program\graphic\rstopengl\rstopengl\ASS1.cpp(1184,14): warning C4305: “参数”: 从“double”到“GLfloat”截断
D:\it program\graphic\rstopengl\rstopengl\ASS1.cpp(1185,14): warning C4305: “参数”: 从“double”到“GLfloat”截断
D:\it program\graphic\rstopengl\rstopengl\ASS1.cpp(1191,41): warning C4305: “参数”: 从“double”到“GLfloat”截断
D:\it program\graphic\rstopengl\rstopengl\ASS1.cpp(1191,28): warning C4305: “参数”: 从“double”到“GLfloat”截断
D:\it program\graphic\rstopengl\rstopengl\ASS1.cpp(1191,16): warning C4305: “参数”: 从“double”到“GLfloat”截断
D:\it program\graphic\rstopengl\rstopengl\ASS1.cpp(1193,18): warning C4305: “参数”: 从“double”到“GLfloat”截断
D:\it program\graphic\rstopengl\rstopengl\ASS1.cpp(1195,14): warning C4305: “参数”: 从“double”到“GLfloat”截断
D:\it program\graphic\rstopengl\rstopengl\ASS1.cpp(1196,19): warning C4305: “参数”: 从“double”到“GLfloat”截断
D:\it program\graphic\rstopengl\rstopengl\ASS1.cpp(1196,14): warning C4305: “参数”: 从“double”到“GLfloat”截断
D:\it program\graphic\rstopengl\rstopengl\ASS1.cpp(1200,14): warning C4305: “参数”: 从“double”到“GLfloat”截断
D:\it program\graphic\rstopengl\rstopengl\ASS1.cpp(1201,14): warning C4305: “参数”: 从“double”到“GLfloat”截断
D:\it program\graphic\rstopengl\rstopengl\ASS1.cpp(1203,17): warning C4305: “参数”: 从“double”到“GLfloat”截断
D:\it program\graphic\rstopengl\rstopengl\ASS1.cpp(1208,24): warning C4305: “参数”: 从“double”到“float”截断
D:\it program\graphic\rstopengl\rstopengl\ASS1.cpp(1208,18): warning C4305: “参数”: 从“double”到“float”截断
D:\it program\graphic\rstopengl\rstopengl\ASS1.cpp(1208,12): warning C4305: “参数”: 从“double”到“float”截断
D:\it program\graphic\rstopengl\rstopengl\ASS1.cpp(1209,25): warning C4305: “参数”: 从“double”到“float”截断
D:\it program\graphic\rstopengl\rstopengl\ASS1.cpp(1209,12): warning C4305: “参数”: 从“double”到“float”截断
D:\it program\graphic\rstopengl\rstopengl\ASS1.cpp(1210,25): warning C4305: “参数”: 从“double”到“float”截断
D:\it program\graphic\rstopengl\rstopengl\ASS1.cpp(1210,19): warning C4305: “参数”: 从“double”到“float”截断
D:\it program\graphic\rstopengl\rstopengl\ASS1.cpp(1210,12): warning C4305: “参数”: 从“double”到“float”截断
D:\it program\graphic\rstopengl\rstopengl\ASS1.cpp(1211,22): warning C4305: “参数”: 从“double”到“float”截断
D:\it program\graphic\rstopengl\rstopengl\ASS1.cpp(1211,17): warning C4305: “参数”: 从“double”到“float”截断
D:\it program\graphic\rstopengl\rstopengl\ASS1.cpp(1211,12): warning C4305: “参数”: 从“double”到“float”截断
D:\it program\graphic\rstopengl\rstopengl\ASS1.cpp(1212,23): warning C4305: “参数”: 从“double”到“float”截断
D:\it program\graphic\rstopengl\rstopengl\ASS1.cpp(1212,17): warning C4305: “参数”: 从“double”到“float”截断
D:\it program\graphic\rstopengl\rstopengl\ASS1.cpp(1212,12): warning C4305: “参数”: 从“double”到“float”截断
D:\it program\graphic\rstopengl\rstopengl\ASS1.cpp(1213,23): warning C4305: “参数”: 从“double”到“float”截断
D:\it program\graphic\rstopengl\rstopengl\ASS1.cpp(1213,18): warning C4305: “参数”: 从“double”到“float”截断
D:\it program\graphic\rstopengl\rstopengl\ASS1.cpp(1213,12): warning C4305: “参数”: 从“double”到“float”截断
D:\it program\graphic\rstopengl\rstopengl\ASS1.cpp(1220,18): warning C4305: “参数”: 从“double”到“float”截断
D:\it program\graphic\rstopengl\rstopengl\ASS1.cpp(1220,13): warning C4305: “参数”: 从“double”到“float”截断
D:\it program\graphic\rstopengl\rstopengl\ASS1.cpp(1221,18): warning C4305: “参数”: 从“double”到“float”截断
D:\it program\graphic\rstopengl\rstopengl\ASS1.cpp(1221,13): warning C4305: “参数”: 从“double”到“float”截断
D:\it program\graphic\rstopengl\rstopengl\ASS1.cpp(1224,19): warning C4305: “参数”: 从“double”到“float”截断
D:\it program\graphic\rstopengl\rstopengl\ASS1.cpp(1225,20): warning C4305: “参数”: 从“double”到“float”截断
D:\it program\graphic\rstopengl\rstopengl\ASS1.cpp(1225,14): warning C4305: “参数”: 从“double”到“float”截断
D:\it program\graphic\rstopengl\rstopengl\ASS1.cpp(1226,19): warning C4305: “参数”: 从“double”到“float”截断
D:\it program\graphic\rstopengl\rstopengl\ASS1.cpp(1226,14): warning C4305: “参数”: 从“double”到“float”截断
D:\it program\graphic\rstopengl\rstopengl\ASS1.cpp(1227,19): warning C4305: “参数”: 从“double”到“float”截断
D:\it program\graphic\rstopengl\rstopengl\ASS1.cpp(1227,14): warning C4305: “参数”: 从“double”到“float”截断
D:\it program\graphic\rstopengl\rstopengl\ASS1.cpp(1230,45): warning C4305: “参数”: 从“double”到“float”截断
D:\it program\graphic\rstopengl\rstopengl\ASS1.cpp(1230,34): warning C4305: “参数”: 从“double”到“float”截断
D:\it program\graphic\rstopengl\rstopengl\ASS1.cpp(1230,29): warning C4305: “参数”: 从“double”到“float”截断
D:\it program\graphic\rstopengl\rstopengl\ASS1.cpp(1230,24): warning C4305: “参数”: 从“double”到“float”截断
D:\it program\graphic\rstopengl\rstopengl\ASS1.cpp(1230,18): warning C4305: “参数”: 从“double”到“float”截断
D:\it program\graphic\rstopengl\rstopengl\ASS1.cpp(1231,30): warning C4305: “参数”: 从“double”到“GLfloat”截断
D:\it program\graphic\rstopengl\rstopengl\ASS1.cpp(1232,36): warning C4305: “参数”: 从“double”到“float”截断
D:\it program\graphic\rstopengl\rstopengl\ASS1.cpp(1232,29): warning C4305: “参数”: 从“double”到“float”截断
D:\it program\graphic\rstopengl\rstopengl\ASS1.cpp(1232,21): warning C4305: “参数”: 从“double”到“float”截断
D:\it program\graphic\rstopengl\rstopengl\ASS1.cpp(1234,44): warning C4305: “参数”: 从“double”到“float”截断
D:\it program\graphic\rstopengl\rstopengl\ASS1.cpp(1234,33): warning C4305: “参数”: 从“double”到“float”截断
D:\it program\graphic\rstopengl\rstopengl\ASS1.cpp(1234,23): warning C4305: “参数”: 从“double”到“float”截断
D:\it program\graphic\rstopengl\rstopengl\ASS1.cpp(1234,17): warning C4305: “参数”: 从“double”到“float”截断
D:\it program\graphic\rstopengl\rstopengl\ASS1.cpp(1234,12): warning C4305: “参数”: 从“double”到“float”截断
D:\it program\graphic\rstopengl\rstopengl\ASS1.cpp(1235,30): warning C4305: “参数”: 从“double”到“GLfloat”截断
D:\it program\graphic\rstopengl\rstopengl\ASS1.cpp(1236,38): warning C4305: “参数”: 从“double”到“float”截断
D:\it program\graphic\rstopengl\rstopengl\ASS1.cpp(1236,31): warning C4305: “参数”: 从“double”到“float”截断
D:\it program\graphic\rstopengl\rstopengl\ASS1.cpp(1236,24): warning C4305: “参数”: 从“double”到“float”截断
D:\it program\graphic\rstopengl\rstopengl\ASS1.cpp(1240,62): warning C4305: “参数”: 从“double”到“float”截断
D:\it program\graphic\rstopengl\rstopengl\ASS1.cpp(1240,55): warning C4305: “参数”: 从“double”到“float”截断
D:\it program\graphic\rstopengl\rstopengl\ASS1.cpp(1240,40): warning C4244: “参数”: 从“double”转换到“float”，可能丢失数据
D:\it program\graphic\rstopengl\rstopengl\ASS1.cpp(1240,19): warning C4244: “参数”: 从“double”转换到“float”，可能丢失数据
D:\it program\graphic\rstopengl\rstopengl\ASS1.cpp(1243,37): warning C4305: “参数”: 从“double”到“float”截断
D:\it program\graphic\rstopengl\rstopengl\ASS1.cpp(1243,32): warning C4305: “参数”: 从“double”到“float”截断
D:\it program\graphic\rstopengl\rstopengl\ASS1.cpp(1243,27): warning C4305: “参数”: 从“double”到“float”截断
D:\it program\graphic\rstopengl\rstopengl\ASS1.cpp(1243,20): warning C4305: “参数”: 从“double”到“float”截断
D:\it program\graphic\rstopengl\rstopengl\ASS1.cpp(1246,23): warning C4305: “参数”: 从“double”到“float”截断
D:\it program\graphic\rstopengl\rstopengl\ASS1.cpp(1249,23): warning C4305: “参数”: 从“double”到“GLfloat”截断
D:\it program\graphic\rstopengl\rstopengl\ASS1.cpp(1251,39): warning C4305: “+=”: 从“double”到“float”截断
D:\it program\graphic\rstopengl\rstopengl\ASS1.cpp(1253,17): warning C4244: “初始化”: 从“double”转换到“float”，可能丢失数据
D:\it program\graphic\rstopengl\rstopengl\ASS1.cpp(1254,13): warning C4244: “初始化”: 从“double”转换到“float”，可能丢失数据
D:\it program\graphic\rstopengl\rstopengl\ASS1.cpp(1255,18): warning C4244: “参数”: 从“double”转换到“GLfloat”，可能丢失数据
D:\it program\graphic\rstopengl\rstopengl\ASS1.cpp(1261,16): warning C4305: “初始化”: 从“double”到“float”截断
D:\it program\graphic\rstopengl\rstopengl\ASS1.cpp(1261,40): warning C4305: “+=”: 从“double”到“float”截断
D:\it program\graphic\rstopengl\rstopengl\ASS1.cpp(1263,17): warning C4244: “初始化”: 从“double”转换到“float”，可能丢失数据
D:\it program\graphic\rstopengl\rstopengl\ASS1.cpp(1264,13): warning C4244: “初始化”: 从“double”转换到“float”，可能丢失数据
D:\it program\graphic\rstopengl\rstopengl\ASS1.cpp(1265,21): warning C4244: “参数”: 从“double”转换到“GLfloat”，可能丢失数据
D:\it program\graphic\rstopengl\rstopengl\ASS1.cpp(1272,23): warning C4305: “参数”: 从“double”到“GLfloat”截断
D:\it program\graphic\rstopengl\rstopengl\ASS1.cpp(1272,17): warning C4305: “参数”: 从“double”到“GLfloat”截断
D:\it program\graphic\rstopengl\rstopengl\ASS1.cpp(1278,24): warning C4305: “参数”: 从“double”到“GLfloat”截断
D:\it program\graphic\rstopengl\rstopengl\ASS1.cpp(1278,17): warning C4305: “参数”: 从“double”到“GLfloat”截断
LINK : warning LNK4098: 默认库“MSVCRT”与其他库的使用冲突；请使用 /NODEFAULTLIB:library
  rstopengl.vcxproj -> D:\it program\graphic\rstopengl\x64\Debug\rstopengl.exe
